4 [main] INFO com.wt.smtp.SMTPClient - Create a smtp client
6 [main] DEBUG com.wt.smtp.SMTPClient - server: smtp.163.com	port: 25
6 [main] INFO com.wt.smtp.SMTPClient - Connecting smtp.163.com ...
187 [main] DEBUG com.wt.smtp.SMTPClient - 220 hz-b-163smtp2.163.com SMTP Server for Netease [466] ca43d9d3-f624-4c1a-ae65-31b0c16945c3
187 [main] INFO com.wt.smtp.SMTPClient - Connected smtp.163.com successfully
187 [main] DEBUG com.wt.smtp.SMTPClient - Send 'HELO smtp.163.com' to the server successfully
217 [main] DEBUG com.wt.smtp.SMTPClient - 250 hz-b-163smtp2.163.com ca43d9d3-f624-4c1a-ae65-31b0c16945c3
217 [main] INFO com.wt.smtp.SMTPClient - register the server successfully
217 [main] DEBUG com.wt.smtp.SMTPClient - Send 'AUTH LOGIN' to the server successfully
247 [main] DEBUG com.wt.smtp.SMTPClient - 334 VXNlcm5hbWU6 ca43d9d3-f624-4c1a-ae65-31b0c16945c3
247 [main] ERROR com.wt.smtp.SMTPClient - java.lang.NullPointerException
5 [main] INFO com.wt.smtp.SMTPClient - Create a smtp client
8 [main] DEBUG com.wt.smtp.SMTPClient - server: smtp.163.com	port: 25
8 [main] INFO com.wt.smtp.SMTPClient - Connecting smtp.163.com ...
252 [main] DEBUG com.wt.smtp.SMTPClient - 220 hz-b-163smtp1.163.com SMTP Server for Netease [466] b81d0d08-ab69-4290-a8b3-b18e41e163bb
252 [main] INFO com.wt.smtp.SMTPClient - Connected smtp.163.com successfully
252 [main] DEBUG com.wt.smtp.SMTPClient - Send 'HELO smtp.163.com' to the server successfully
334 [main] DEBUG com.wt.smtp.SMTPClient - 250 hz-b-163smtp1.163.com b81d0d08-ab69-4290-a8b3-b18e41e163bb
334 [main] INFO com.wt.smtp.SMTPClient - register the server successfully
334 [main] DEBUG com.wt.smtp.SMTPClient - Send 'AUTH LOGIN' to the server successfully
446 [main] DEBUG com.wt.smtp.SMTPClient - 334 VXNlcm5hbWU6 b81d0d08-ab69-4290-a8b3-b18e41e163bb
447 [main] DEBUG com.wt.smtp.SMTPClient - Send 'd2FuZ3Rhb2tpbmcx' to the server successfully
566 [main] DEBUG com.wt.smtp.SMTPClient - 334 UGFzc3dvcmQ6 b81d0d08-ab69-4290-a8b3-b18e41e163bb
567 [main] DEBUG com.wt.smtp.SMTPClient - Send 'd2FuZzUyNjc1Mjgx' to the server successfully
761 [main] DEBUG com.wt.smtp.SMTPClient - 235 OK, go ahead (#2.0.0) b81d0d08-ab69-4290-a8b3-b18e41e163bb
761 [main] INFO com.wt.smtp.SMTPClient - login successfully
761 [main] DEBUG com.wt.smtp.SMTPClient - Send 'MAIL From:<wangtaoking1@163.com>' to the server successfully
976 [main] DEBUG com.wt.smtp.SMTPClient - 250 2.0.0 OK b81d0d08-ab69-4290-a8b3-b18e41e163bb
976 [main] DEBUG com.wt.smtp.SMTPClient - Send 'RCPT To:<479021795@qq.com>' to the server successfully
1237 [main] DEBUG com.wt.smtp.SMTPClient - 250 2.0.0 OK b81d0d08-ab69-4290-a8b3-b18e41e163bb
1237 [main] INFO com.wt.smtp.SMTPClient - set envelop successfully
1237 [main] DEBUG com.wt.smtp.SMTPClient - Send 'data' to the server successfully
1363 [main] DEBUG com.wt.smtp.SMTPClient - 354 Start mail input; end with <CRLF>.<CRLF> b81d0d08-ab69-4290-a8b3-b18e41e163bb
1363 [main] DEBUG com.wt.smtp.SMTPClient - Send 'From:<wangtaoking1@163.com>
To:<479021795@qq.com>
Subject:hello
hello world!!
.
' to the server successfully
1517 [main] DEBUG com.wt.smtp.SMTPClient - 250 2.0.0 OK b81d0d08-ab69-4290-a8b3-b18e41e163bb
1517 [main] INFO com.wt.smtp.SMTPClient - send the message successfully
1517 [main] DEBUG com.wt.smtp.SMTPClient - Send 'QUIT' to the server successfully
1628 [main] DEBUG com.wt.smtp.SMTPClient - 500 5.5.1 Invalid command b81d0d08-ab69-4290-a8b3-b18e41e163bb
1629 [main] ERROR com.wt.smtp.SMTPClient - java.lang.Exception: quit fail
4 [main] INFO com.wt.smtp.SMTPClient - Create a smtp client
6 [main] DEBUG com.wt.smtp.SMTPClient - server: smtp.163.com	port: 25
6 [main] INFO com.wt.smtp.SMTPClient - Connecting smtp.163.com ...
209 [main] DEBUG com.wt.smtp.SMTPClient - 220 hz-b-163smtp2.163.com SMTP Server for Netease [466] 1905d15a-b771-48e7-81ae-8e62788a8c9d
209 [main] INFO com.wt.smtp.SMTPClient - Connected smtp.163.com successfully
209 [main] DEBUG com.wt.smtp.SMTPClient - Send 'HELO smtp.163.com' to the server successfully
355 [main] DEBUG com.wt.smtp.SMTPClient - 250 hz-b-163smtp2.163.com 1905d15a-b771-48e7-81ae-8e62788a8c9d
355 [main] INFO com.wt.smtp.SMTPClient - register the server successfully
356 [main] DEBUG com.wt.smtp.SMTPClient - Send 'AUTH LOGIN' to the server successfully
490 [main] DEBUG com.wt.smtp.SMTPClient - 334 VXNlcm5hbWU6 1905d15a-b771-48e7-81ae-8e62788a8c9d
491 [main] DEBUG com.wt.smtp.SMTPClient - Send 'd2FuZ3Rhb2tpbmcx' to the server successfully
610 [main] DEBUG com.wt.smtp.SMTPClient - 334 UGFzc3dvcmQ6 1905d15a-b771-48e7-81ae-8e62788a8c9d
610 [main] DEBUG com.wt.smtp.SMTPClient - Send 'd2FuZzUyNjc1Mjgx' to the server successfully
800 [main] DEBUG com.wt.smtp.SMTPClient - 235 OK, go ahead (#2.0.0) 1905d15a-b771-48e7-81ae-8e62788a8c9d
801 [main] INFO com.wt.smtp.SMTPClient - login successfully
801 [main] DEBUG com.wt.smtp.SMTPClient - Send 'MAIL From:<wangtaoking1@163.com>' to the server successfully
1232 [main] DEBUG com.wt.smtp.SMTPClient - 250 2.0.0 OK 1905d15a-b771-48e7-81ae-8e62788a8c9d
1232 [main] DEBUG com.wt.smtp.SMTPClient - Send 'RCPT To:<479021795@qq.com>' to the server successfully
1380 [main] DEBUG com.wt.smtp.SMTPClient - 250 2.0.0 OK 1905d15a-b771-48e7-81ae-8e62788a8c9d
1380 [main] INFO com.wt.smtp.SMTPClient - set envelop successfully
1381 [main] DEBUG com.wt.smtp.SMTPClient - Send 'data' to the server successfully
1813 [main] DEBUG com.wt.smtp.SMTPClient - 354 Start mail input; end with <CRLF>.<CRLF> 1905d15a-b771-48e7-81ae-8e62788a8c9d
1814 [main] DEBUG com.wt.smtp.SMTPClient - Send 'From:<wangtaoking1@163.com>
To:<479021795@qq.com>
Subject:hello

hello world!!
.
' to the server successfully
1931 [main] DEBUG com.wt.smtp.SMTPClient - 250 2.0.0 OK 1905d15a-b771-48e7-81ae-8e62788a8c9d
1932 [main] INFO com.wt.smtp.SMTPClient - send the message successfully
1932 [main] DEBUG com.wt.smtp.SMTPClient - Send 'quit' to the server successfully
2048 [main] DEBUG com.wt.smtp.SMTPClient - 500 5.5.1 Invalid command 1905d15a-b771-48e7-81ae-8e62788a8c9d
2049 [main] ERROR com.wt.smtp.SMTPClient - java.lang.Exception: quit fail
5 [main] INFO com.wt.smtp.SMTPClient - Create a smtp client
7 [main] DEBUG com.wt.smtp.SMTPClient - server: smtp.163.com	port: 25
7 [main] INFO com.wt.smtp.SMTPClient - Connecting smtp.163.com ...
148 [main] DEBUG com.wt.smtp.SMTPClient - 220 hz-b-163smtp1.163.com SMTP Server for Netease [466] e7b5dca7-de23-4949-ad0a-6ec7547605c3
149 [main] INFO com.wt.smtp.SMTPClient - Connected smtp.163.com successfully
149 [main] DEBUG com.wt.smtp.SMTPClient - Send '[B@1d4f0fb4' to the server successfully
174 [main] DEBUG com.wt.smtp.SMTPClient - 250 hz-b-163smtp1.163.com e7b5dca7-de23-4949-ad0a-6ec7547605c3
174 [main] INFO com.wt.smtp.SMTPClient - register the server successfully
174 [main] DEBUG com.wt.smtp.SMTPClient - Send '[B@31900174' to the server successfully
200 [main] DEBUG com.wt.smtp.SMTPClient - 334 VXNlcm5hbWU6 e7b5dca7-de23-4949-ad0a-6ec7547605c3
200 [main] DEBUG com.wt.smtp.SMTPClient - Send '[B@66e1cfa7' to the server successfully
226 [main] DEBUG com.wt.smtp.SMTPClient - 334 UGFzc3dvcmQ6 e7b5dca7-de23-4949-ad0a-6ec7547605c3
226 [main] DEBUG com.wt.smtp.SMTPClient - Send '[B@730811b5' to the server successfully
383 [main] DEBUG com.wt.smtp.SMTPClient - 235 OK, go ahead (#2.0.0) e7b5dca7-de23-4949-ad0a-6ec7547605c3
383 [main] INFO com.wt.smtp.SMTPClient - login successfully
383 [main] DEBUG com.wt.smtp.SMTPClient - Send '[B@16c2bd13' to the server successfully
408 [main] DEBUG com.wt.smtp.SMTPClient - 250 2.0.0 OK e7b5dca7-de23-4949-ad0a-6ec7547605c3
409 [main] DEBUG com.wt.smtp.SMTPClient - Send '[B@4b0b3611' to the server successfully
434 [main] DEBUG com.wt.smtp.SMTPClient - 250 2.0.0 OK e7b5dca7-de23-4949-ad0a-6ec7547605c3
434 [main] INFO com.wt.smtp.SMTPClient - set envelop successfully
434 [main] DEBUG com.wt.smtp.SMTPClient - Send '[B@4d0abc94' to the server successfully
459 [main] DEBUG com.wt.smtp.SMTPClient - 354 Start mail input; end with <CRLF>.<CRLF> e7b5dca7-de23-4949-ad0a-6ec7547605c3
459 [main] DEBUG com.wt.smtp.SMTPClient - Send '[B@7be2c00f' to the server successfully
484 [main] DEBUG com.wt.smtp.SMTPClient - 250 2.0.0 OK e7b5dca7-de23-4949-ad0a-6ec7547605c3
485 [main] INFO com.wt.smtp.SMTPClient - send the message successfully
485 [main] DEBUG com.wt.smtp.SMTPClient - Send '[B@63af5853' to the server successfully
510 [main] DEBUG com.wt.smtp.SMTPClient - 500 5.5.1 Invalid command e7b5dca7-de23-4949-ad0a-6ec7547605c3
510 [main] ERROR com.wt.smtp.SMTPClient - java.lang.Exception: quit fail
4 [main] INFO com.wt.smtp.SMTPClient - Create a smtp client
6 [main] DEBUG com.wt.smtp.SMTPClient - server: smtp.163.com	port: 25
6 [main] INFO com.wt.smtp.SMTPClient - Connecting smtp.163.com ...
64 [main] DEBUG com.wt.smtp.SMTPClient - 220 hz-b-163smtp1.163.com SMTP Server for Netease [466] d53bb161-9362-4355-a5f2-f04e905c6c6c
65 [main] INFO com.wt.smtp.SMTPClient - Connected smtp.163.com successfully
65 [main] DEBUG com.wt.smtp.SMTPClient - Send 'HELO smtp.163.com' to the server successfully
89 [main] DEBUG com.wt.smtp.SMTPClient - 250 hz-b-163smtp1.163.com d53bb161-9362-4355-a5f2-f04e905c6c6c
90 [main] INFO com.wt.smtp.SMTPClient - register the server successfully
90 [main] DEBUG com.wt.smtp.SMTPClient - Send 'QUIT' to the server successfully
114 [main] DEBUG com.wt.smtp.SMTPClient - 221 2.0.0 Bye d53bb161-9362-4355-a5f2-f04e905c6c6c
114 [main] INFO com.wt.smtp.SMTPClient - quit successfully
4 [main] INFO com.wt.smtp.SMTPClient - Create a smtp client
6 [main] DEBUG com.wt.smtp.SMTPClient - server: smtp.163.com	port: 25
6 [main] INFO com.wt.smtp.SMTPClient - Connecting smtp.163.com ...
85 [main] DEBUG com.wt.smtp.SMTPClient - 220 hz-b-163smtp2.163.com SMTP Server for Netease [466] 783121d5-b57f-49dc-8fdf-bc6d21f184bd
86 [main] INFO com.wt.smtp.SMTPClient - Connected smtp.163.com successfully
86 [main] DEBUG com.wt.smtp.SMTPClient - Send 'HELO smtp.163.com' to the server successfully
120 [main] DEBUG com.wt.smtp.SMTPClient - 250 hz-b-163smtp2.163.com 783121d5-b57f-49dc-8fdf-bc6d21f184bd
121 [main] INFO com.wt.smtp.SMTPClient - register the server successfully
121 [main] DEBUG com.wt.smtp.SMTPClient - Send 'AUTH LOGIN' to the server successfully
155 [main] DEBUG com.wt.smtp.SMTPClient - 334 VXNlcm5hbWU6 783121d5-b57f-49dc-8fdf-bc6d21f184bd
156 [main] DEBUG com.wt.smtp.SMTPClient - Send 'd2FuZ3Rhb2tpbmcx' to the server successfully
190 [main] DEBUG com.wt.smtp.SMTPClient - 334 UGFzc3dvcmQ6 783121d5-b57f-49dc-8fdf-bc6d21f184bd
191 [main] DEBUG com.wt.smtp.SMTPClient - Send 'd2FuZzUyNjc1Mjgx' to the server successfully
298 [main] DEBUG com.wt.smtp.SMTPClient - 235 OK, go ahead (#2.0.0) 783121d5-b57f-49dc-8fdf-bc6d21f184bd
299 [main] INFO com.wt.smtp.SMTPClient - login successfully
299 [main] DEBUG com.wt.smtp.SMTPClient - Send 'QUIT' to the server successfully
333 [main] DEBUG com.wt.smtp.SMTPClient - 221 2.0.0 Bye 783121d5-b57f-49dc-8fdf-bc6d21f184bd
334 [main] INFO com.wt.smtp.SMTPClient - quit successfully
5 [main] INFO com.wt.smtp.SMTPClient - Create a smtp client
6 [main] DEBUG com.wt.smtp.SMTPClient - server: smtp.163.com	port: 25
6 [main] INFO com.wt.smtp.SMTPClient - Connecting smtp.163.com ...
65 [main] DEBUG com.wt.smtp.SMTPClient - 220 hz-b-163smtp1.163.com SMTP Server for Netease [466] cdf6e0e0-460c-4e26-b69d-2cdec9004ccb
65 [main] INFO com.wt.smtp.SMTPClient - Connected smtp.163.com successfully
65 [main] DEBUG com.wt.smtp.SMTPClient - Send 'HELO smtp.163.com' to the server successfully
90 [main] DEBUG com.wt.smtp.SMTPClient - 250 hz-b-163smtp1.163.com cdf6e0e0-460c-4e26-b69d-2cdec9004ccb
90 [main] INFO com.wt.smtp.SMTPClient - register the server successfully
90 [main] DEBUG com.wt.smtp.SMTPClient - Send 'AUTH LOGIN' to the server successfully
115 [main] DEBUG com.wt.smtp.SMTPClient - 334 VXNlcm5hbWU6 cdf6e0e0-460c-4e26-b69d-2cdec9004ccb
116 [main] DEBUG com.wt.smtp.SMTPClient - Send 'd2FuZ3Rhb2tpbmcx' to the server successfully
141 [main] DEBUG com.wt.smtp.SMTPClient - 334 UGFzc3dvcmQ6 cdf6e0e0-460c-4e26-b69d-2cdec9004ccb
141 [main] DEBUG com.wt.smtp.SMTPClient - Send 'd2FuZzUyNjc1Mjgx' to the server successfully
259 [main] DEBUG com.wt.smtp.SMTPClient - 235 OK, go ahead (#2.0.0) cdf6e0e0-460c-4e26-b69d-2cdec9004ccb
259 [main] INFO com.wt.smtp.SMTPClient - login successfully
259 [main] DEBUG com.wt.smtp.SMTPClient - Send 'MAIL From:<wangtaoking1@163.com>' to the server successfully
284 [main] DEBUG com.wt.smtp.SMTPClient - 250 2.0.0 OK cdf6e0e0-460c-4e26-b69d-2cdec9004ccb
284 [main] DEBUG com.wt.smtp.SMTPClient - Send 'RCPT To:<479021795@qq.com>' to the server successfully
312 [main] DEBUG com.wt.smtp.SMTPClient - 250 2.0.0 OK cdf6e0e0-460c-4e26-b69d-2cdec9004ccb
312 [main] INFO com.wt.smtp.SMTPClient - set envelop successfully
313 [main] DEBUG com.wt.smtp.SMTPClient - Send 'QUIT' to the server successfully
337 [main] DEBUG com.wt.smtp.SMTPClient - 221 2.0.0 Bye cdf6e0e0-460c-4e26-b69d-2cdec9004ccb
337 [main] INFO com.wt.smtp.SMTPClient - quit successfully
6 [main] INFO com.wt.smtp.SMTPClient - Create a smtp client
8 [main] DEBUG com.wt.smtp.SMTPClient - server: smtp.163.com	port: 25
8 [main] INFO com.wt.smtp.SMTPClient - Connecting smtp.163.com ...
77 [main] DEBUG com.wt.smtp.SMTPClient - 220 hz-b-163smtp2.163.com SMTP Server for Netease [466] d7cc48b5-3120-4682-9908-c32fd0c353c9
78 [main] INFO com.wt.smtp.SMTPClient - Connected smtp.163.com successfully
78 [main] DEBUG com.wt.smtp.SMTPClient - Send 'HELO smtp.163.com' to the server successfully
108 [main] DEBUG com.wt.smtp.SMTPClient - 250 hz-b-163smtp2.163.com d7cc48b5-3120-4682-9908-c32fd0c353c9
108 [main] INFO com.wt.smtp.SMTPClient - register the server successfully
109 [main] DEBUG com.wt.smtp.SMTPClient - Send 'AUTH LOGIN' to the server successfully
139 [main] DEBUG com.wt.smtp.SMTPClient - 334 VXNlcm5hbWU6 d7cc48b5-3120-4682-9908-c32fd0c353c9
140 [main] DEBUG com.wt.smtp.SMTPClient - Send 'd2FuZ3Rhb2tpbmcx' to the server successfully
170 [main] DEBUG com.wt.smtp.SMTPClient - 334 UGFzc3dvcmQ6 d7cc48b5-3120-4682-9908-c32fd0c353c9
170 [main] DEBUG com.wt.smtp.SMTPClient - Send 'd2FuZzUyNjc1Mjgx' to the server successfully
279 [main] DEBUG com.wt.smtp.SMTPClient - 235 OK, go ahead (#2.0.0) d7cc48b5-3120-4682-9908-c32fd0c353c9
279 [main] INFO com.wt.smtp.SMTPClient - login successfully
279 [main] DEBUG com.wt.smtp.SMTPClient - Send 'MAIL From:<wangtaoking1@163.com>' to the server successfully
309 [main] DEBUG com.wt.smtp.SMTPClient - 250 2.0.0 OK d7cc48b5-3120-4682-9908-c32fd0c353c9
310 [main] DEBUG com.wt.smtp.SMTPClient - Send 'RCPT To:<479021795@qq.com>' to the server successfully
340 [main] DEBUG com.wt.smtp.SMTPClient - 250 2.0.0 OK d7cc48b5-3120-4682-9908-c32fd0c353c9
340 [main] INFO com.wt.smtp.SMTPClient - set envelop successfully
340 [main] DEBUG com.wt.smtp.SMTPClient - Send 'data' to the server successfully
371 [main] DEBUG com.wt.smtp.SMTPClient - 354 Start mail input; end with <CRLF>.<CRLF> d7cc48b5-3120-4682-9908-c32fd0c353c9
371 [main] DEBUG com.wt.smtp.SMTPClient - Send 'From:<wangtaoking1@163.com>
To:<479021795@qq.com>
Subject:hello

hello world!!
.
' to the server successfully
402 [main] DEBUG com.wt.smtp.SMTPClient - 250 2.0.0 OK d7cc48b5-3120-4682-9908-c32fd0c353c9
402 [main] INFO com.wt.smtp.SMTPClient - send the message successfully
402 [main] DEBUG com.wt.smtp.SMTPClient - Send 'QUIT' to the server successfully
433 [main] DEBUG com.wt.smtp.SMTPClient - 500 5.5.1 Invalid command d7cc48b5-3120-4682-9908-c32fd0c353c9
433 [main] ERROR com.wt.smtp.SMTPClient - java.lang.Exception: quit fail
5 [main] INFO com.wt.smtp.SMTPClient - Create a smtp client
7 [main] DEBUG com.wt.smtp.SMTPClient - server: smtp.163.com	port: 25
7 [main] INFO com.wt.smtp.SMTPClient - Connecting smtp.163.com ...
67 [main] DEBUG com.wt.smtp.SMTPClient - 220 hz-b-163smtp1.163.com SMTP Server for Netease [466] 99607e72-0e0b-43d8-8385-4b0a97796348
67 [main] INFO com.wt.smtp.SMTPClient - Connected smtp.163.com successfully
67 [main] DEBUG com.wt.smtp.SMTPClient - Send 'HELO smtp.163.com' to the server successfully
93 [main] DEBUG com.wt.smtp.SMTPClient - 250 hz-b-163smtp1.163.com 99607e72-0e0b-43d8-8385-4b0a97796348
93 [main] INFO com.wt.smtp.SMTPClient - register the server successfully
94 [main] DEBUG com.wt.smtp.SMTPClient - Send 'AUTH LOGIN' to the server successfully
118 [main] DEBUG com.wt.smtp.SMTPClient - 334 VXNlcm5hbWU6 99607e72-0e0b-43d8-8385-4b0a97796348
120 [main] DEBUG com.wt.smtp.SMTPClient - Send 'd2FuZ3Rhb2tpbmcx' to the server successfully
144 [main] DEBUG com.wt.smtp.SMTPClient - 334 UGFzc3dvcmQ6 99607e72-0e0b-43d8-8385-4b0a97796348
145 [main] DEBUG com.wt.smtp.SMTPClient - Send 'd2FuZzUyNjc1Mjgx' to the server successfully
252 [main] DEBUG com.wt.smtp.SMTPClient - 235 OK, go ahead (#2.0.0) 99607e72-0e0b-43d8-8385-4b0a97796348
253 [main] INFO com.wt.smtp.SMTPClient - login successfully
253 [main] DEBUG com.wt.smtp.SMTPClient - Send 'MAIL From:<wangtaoking1@163.com>' to the server successfully
277 [main] DEBUG com.wt.smtp.SMTPClient - 250 2.0.0 OK 99607e72-0e0b-43d8-8385-4b0a97796348
277 [main] DEBUG com.wt.smtp.SMTPClient - Send 'RCPT To:<479021795@qq.com>' to the server successfully
302 [main] DEBUG com.wt.smtp.SMTPClient - 250 2.0.0 OK 99607e72-0e0b-43d8-8385-4b0a97796348
302 [main] INFO com.wt.smtp.SMTPClient - set envelop successfully
302 [main] DEBUG com.wt.smtp.SMTPClient - Send 'data' to the server successfully
327 [main] DEBUG com.wt.smtp.SMTPClient - 354 Start mail input; end with <CRLF>.<CRLF> 99607e72-0e0b-43d8-8385-4b0a97796348
327 [main] DEBUG com.wt.smtp.SMTPClient - Send 'From:<wangtaoking1@163.com>
To:<479021795@qq.com>
Subject:hello

hello world!!
.' to the server successfully
352 [main] DEBUG com.wt.smtp.SMTPClient - 250 2.0.0 OK 99607e72-0e0b-43d8-8385-4b0a97796348
352 [main] INFO com.wt.smtp.SMTPClient - send the message successfully
352 [main] DEBUG com.wt.smtp.SMTPClient - Send 'QUIT' to the server successfully
377 [main] DEBUG com.wt.smtp.SMTPClient - 221 2.0.0 Bye 99607e72-0e0b-43d8-8385-4b0a97796348
377 [main] INFO com.wt.smtp.SMTPClient - quit successfully
7 [main] INFO com.wt.smtp.SMTPClient - Create a smtp client
8 [main] DEBUG com.wt.smtp.SMTPClient - server: smtp.163.com	port: 25
9 [main] INFO com.wt.smtp.SMTPClient - Connecting smtp.163.com ...
97 [main] DEBUG com.wt.smtp.SMTPClient - 220 hz-b-163smtp2.163.com SMTP Server for Netease [466] 32fc048e-908e-422d-b561-c5a2c4666c91
97 [main] INFO com.wt.smtp.SMTPClient - Connected smtp.163.com successfully
97 [main] DEBUG com.wt.smtp.SMTPClient - Send 'HELO smtp.163.com' to the server successfully
122 [main] DEBUG com.wt.smtp.SMTPClient - 250 hz-b-163smtp2.163.com 32fc048e-908e-422d-b561-c5a2c4666c91
122 [main] INFO com.wt.smtp.SMTPClient - register the server successfully
122 [main] DEBUG com.wt.smtp.SMTPClient - Send 'AUTH LOGIN' to the server successfully
147 [main] DEBUG com.wt.smtp.SMTPClient - 334 VXNlcm5hbWU6 32fc048e-908e-422d-b561-c5a2c4666c91
148 [main] DEBUG com.wt.smtp.SMTPClient - Send 'd2FuZ3Rhb2tpbmcx' to the server successfully
172 [main] DEBUG com.wt.smtp.SMTPClient - 334 UGFzc3dvcmQ6 32fc048e-908e-422d-b561-c5a2c4666c91
172 [main] DEBUG com.wt.smtp.SMTPClient - Send 'eHh4eHh4' to the server successfully
271 [main] DEBUG com.wt.smtp.SMTPClient - 535 authentication failed 32fc048e-908e-422d-b561-c5a2c4666c91
271 [main] ERROR com.wt.smtp.SMTPClient - java.lang.Exception: login fail
5 [main] INFO com.wt.smtp.SMTPClient - Create a smtp client
6 [main] INFO com.wt.smtp.SMTPClient - Connecting smtp.163.com ...
66 [main] INFO com.wt.smtp.SMTPClient - Connected smtp.163.com successfully
91 [main] INFO com.wt.smtp.SMTPClient - register the server successfully
258 [main] ERROR com.wt.smtp.SMTPClient - java.lang.Exception: login fail
