#
# A fatal error has been detected by the Java Runtime Environment:
#
#  SIGSEGV (0xb) at pc=0x00007fbf4105b174, pid=3061, tid=140458860029696
#
# JRE version: OpenJDK Runtime Environment (7.0_65-b32) (build 1.7.0_65-b32)
# Java VM: OpenJDK 64-Bit Server VM (24.65-b04 mixed mode linux-amd64 compressed oops)
# Derivative: IcedTea 2.5.3
# Distribution: Ubuntu 12.04 LTS, package 7u71-2.5.3-0ubuntu0.12.04.1
# Problematic frame:
# v  ~BufferBlob::jni_fast_GetLongField
#
# Failed to write core dump. Core dumps have been disabled. To enable core dumping, try "ulimit -c unlimited" before starting Java again
#
# If you would like to submit a bug report, please include
# instructions on how to reproduce the bug and visit:
#   http://icedtea.classpath.org/bugzilla
# The crash happened outside the Java Virtual Machine in native code.
# See problematic frame for where to report the bug.
#

---------------  T H R E A D  ---------------

Current thread (0x00007fbf44220800):  JavaThread "AWT-XAWT" daemon [_thread_in_native, id=3072, stack(0x00007fbf20652000,0x00007fbf20753000)]

siginfo:si_signo=SIGSEGV: si_errno=0, si_code=1 (SEGV_MAPERR), si_addr=0x0000000000000000

Registers:
RAX=0x00007fbf4ccd7fe0, RBX=0x00007fbf442209d8, RCX=0x00007fbf4d14b2c0, RDX=0x0000000000000042
RSP=0x00007fbf20751598, RBP=0x00007fbf207515c0, RSI=0x0000000000000000, RDI=0x00007fbf442209d8
R8 =0x0000000003e00003, R9 =0x0000000000000000, R10=0x000000000000009e, R11=0x00007fbf4c776d00
R12=0x00007fbf2c00a510, R13=0x0000000000000000, R14=0x00007fbf408e6d80, R15=0x00007fbf44220800
RIP=0x00007fbf4105b174, EFLAGS=0x0000000000010246, CSGSFS=0x0000000000000033, ERR=0x0000000000000004
  TRAPNO=0x000000000000000e

Top of Stack: (sp=0x00007fbf20751598)
0x00007fbf20751598:   00007fbf406b8cb1 00000000f5e62000
0x00007fbf207515a8:   00007fbf2c00a510 00000000f5e62000
0x00007fbf207515b8:   00007fbf207516a8 0000000000000000
0x00007fbf207515c8:   00007fbf401b98f8 00000000f5e62000
0x00007fbf207515d8:   00007fbf20751600 0000000000000000
0x00007fbf207515e8:   00007fbf401b0527 00000000f5e62000
0x00007fbf207515f8:   00007fbf406ad48f 00007fbf20751670
0x00007fbf20751608:   00007fbf410127d8 00007fbf41006233
0x00007fbf20751618:   00007fbf41006233 00000000b8eec3d0
0x00007fbf20751628:   0000000000000000 00007fbf20751630
0x00007fbf20751638:   0000000000000000 00007fbf207516a8
0x00007fbf20751648:   00000000f5e68188 0000000000000000
0x00007fbf20751658:   00000000f5e62000 0000000000000000
0x00007fbf20751668:   00007fbf20751690 00007fbf207516f0
0x00007fbf20751678:   00007fbf41006350 00000000b8eb88f8
0x00007fbf20751688:   00007fbf4100eca0 0000000000000000
0x00007fbf20751698:   00007fbf207516f0 00007fbf2403ec20
0x00007fbf207516a8:   00000000b8e98340 00007fbf207516b0
0x00007fbf207516b8:   00000000f5f99ee4 00007fbf20751738
0x00007fbf207516c8:   00000000f5fa6d28 00000000f6722148
0x00007fbf207516d8:   00000000f5f9a078 00007fbf20751690
0x00007fbf207516e8:   00007fbf20751730 00007fbf20751780
0x00007fbf207516f8:   00007fbf41006058 0000000000000000
0x00007fbf20751708:   00000000b8be0798 0000000000000000
0x00007fbf20751718:   0000000000000000 0000000000000000
0x00007fbf20751728:   00000000b8e98340 0000000000000000
0x00007fbf20751738:   00000000b8e982e0 00007fbf20751740
0x00007fbf20751748:   00000000f5f99cdd 00007fbf20751790
0x00007fbf20751758:   00000000f5fa6d28 0000000000000000
0x00007fbf20751768:   00000000f5f99cf8 00007fbf20751730
0x00007fbf20751778:   00007fbf20751790 00007fbf207517d8
0x00007fbf20751788:   00007fbf41006706 00000000b8e982e0 

Instructions: (pc=0x00007fbf4105b174)
0x00007fbf4105b154:   00 00 00 00 00 00 00 00 00 00 00 00 44 8b 15 1d
0x00007fbf4105b164:   6d ca 0b 4c 8b ce 41 f6 c2 01 0f 85 1c 00 00 00
0x00007fbf4105b174:   4d 8b 09 4c 8b da 49 c1 eb 02 4b 8b 04 19 44 3b
0x00007fbf4105b184:   15 fb 6c ca 0b 0f 85 01 00 00 00 c3 e9 6b 1e 4d 

Register to memory mapping:

RAX=0x00007fbf4ccd7fe0: <offset 0xd99fe0> in /usr/lib/jvm/java-7-openjdk-amd64/jre/lib/amd64/server/libjvm.so at 0x00007fbf4bf3e000
RBX=0x00007fbf442209d8 is an unknown value
RCX=0x00007fbf4d14b2c0: <offset 0x2182c0> in /lib/x86_64-linux-gnu/libpthread.so.0 at 0x00007fbf4cf33000
RDX=0x0000000000000042 is an unknown value
RSP=0x00007fbf20751598 is pointing into the stack for thread: 0x00007fbf44220800
RBP=0x00007fbf207515c0 is pointing into the stack for thread: 0x00007fbf44220800
RSI=0x0000000000000000 is an unknown value
RDI=0x00007fbf442209d8 is an unknown value
R8 =0x0000000003e00003 is an unknown value
R9 =0x0000000000000000 is an unknown value
R10=0x000000000000009e is an unknown value
R11=0x00007fbf4c776d00: <offset 0x838d00> in /usr/lib/jvm/java-7-openjdk-amd64/jre/lib/amd64/server/libjvm.so at 0x00007fbf4bf3e000
R12=0x00007fbf2c00a510 is an unknown value
R13=0x0000000000000000 is an unknown value
R14=0x00007fbf408e6d80: <offset 0x24bd80> in /usr/lib/jvm/java-7-openjdk-amd64/jre/lib/amd64/xawt/libmawt.so at 0x00007fbf4069b000
R15=0x00007fbf44220800 is a thread


Stack: [0x00007fbf20652000,0x00007fbf20753000],  sp=0x00007fbf20751598,  free space=1021k
Native frames: (J=compiled Java code, j=interpreted, Vv=VM code, C=native code)
v  ~BufferBlob::jni_fast_GetLongField

Java frames: (J=compiled Java code, j=interpreted, Vv=VM code)
j  sun.awt.X11.XlibWrapper.XFilterEvent(JJ)Z+0
j  sun.awt.X11.XToolkit.run(Z)V+300
j  sun.awt.X11.XToolkit.run()V+5
j  java.lang.Thread.run()V+11
v  ~StubRoutines::call_stub

---------------  P R O C E S S  ---------------

Java Threads: ( => current thread )
  0x00007fbf2c010000 JavaThread "TimerQueue" daemon [_thread_blocked, id=3075, stack(0x00007fbf1fee7000,0x00007fbf1ffe8000)]
  0x00007fbf4400a000 JavaThread "DestroyJavaVM" [_thread_blocked, id=3062, stack(0x00007fbf4da4c000,0x00007fbf4db4d000)]
  0x00007fbf24089800 JavaThread "AWT-EventQueue-0" [_thread_blocked, id=3074, stack(0x00007fbf1ffe8000,0x00007fbf200e9000)]
  0x00007fbf44290800 JavaThread "AWT-Shutdown" [_thread_blocked, id=3073, stack(0x00007fbf20551000,0x00007fbf20652000)]
=>0x00007fbf44220800 JavaThread "AWT-XAWT" daemon [_thread_in_native, id=3072, stack(0x00007fbf20652000,0x00007fbf20753000)]
  0x00007fbf441fd800 JavaThread "Java2D Disposer" daemon [_thread_blocked, id=3071, stack(0x00007fbf40054000,0x00007fbf40155000)]
  0x00007fbf440cc800 JavaThread "Service Thread" daemon [_thread_blocked, id=3069, stack(0x00007fbf4920d000,0x00007fbf4930e000)]
  0x00007fbf440ca000 JavaThread "C2 CompilerThread1" daemon [_thread_blocked, id=3068, stack(0x00007fbf4930e000,0x00007fbf4940f000)]
  0x00007fbf440c7800 JavaThread "C2 CompilerThread0" daemon [_thread_blocked, id=3067, stack(0x00007fbf4940f000,0x00007fbf49510000)]
  0x00007fbf440c5800 JavaThread "Signal Dispatcher" daemon [_thread_blocked, id=3066, stack(0x00007fbf49510000,0x00007fbf49611000)]
  0x00007fbf44099000 JavaThread "Finalizer" daemon [_thread_blocked, id=3065, stack(0x00007fbf49cf4000,0x00007fbf49df5000)]
  0x00007fbf44097000 JavaThread "Reference Handler" daemon [_thread_blocked, id=3064, stack(0x00007fbf49df5000,0x00007fbf49ef6000)]

Other Threads:
  0x00007fbf44092800 VMThread [stack: 0x00007fbf49ef6000,0x00007fbf49ff7000] [id=3063]
  0x00007fbf440d7800 WatcherThread [stack: 0x00007fbf4910c000,0x00007fbf4920d000] [id=3070]

VM state:not at safepoint (normal execution)

VM Mutex/Monitor currently owned by a thread: None

Heap
 def new generation   total 19008K, used 18710K [0x00000000b7c00000, 0x00000000b9090000, 0x00000000cc600000)
  eden space 16960K,  98% used [0x00000000b7c00000, 0x00000000b8c45838, 0x00000000b8c90000)
  from space 2048K, 100% used [0x00000000b8e90000, 0x00000000b9090000, 0x00000000b9090000)
  to   space 2048K,   0% used [0x00000000b8c90000, 0x00000000b8c90000, 0x00000000b8e90000)
 tenured generation   total 42240K, used 1507K [0x00000000cc600000, 0x00000000cef40000, 0x00000000f5a00000)
   the space 42240K,   3% used [0x00000000cc600000, 0x00000000cc778ec0, 0x00000000cc779000, 0x00000000cef40000)
 compacting perm gen  total 21248K, used 14373K [0x00000000f5a00000, 0x00000000f6ec0000, 0x0000000100000000)
   the space 21248K,  67% used [0x00000000f5a00000, 0x00000000f68095f8, 0x00000000f6809600, 0x00000000f6ec0000)
No shared spaces configured.

Card table byte_map: [0x00007fbf4a461000,0x00007fbf4a6a4000] byte_map_base: 0x00007fbf49ea3000

Polling page: 0x00007fbf4da4b000

Code Cache  [0x00007fbf41000000, 0x00007fbf41270000, 0x00007fbf44000000)
 total_blobs=672 nmethods=184 adapters=442 free_code_cache=48296Kb largest_free_block=49434688

Compilation events (10 events):
Event: 525.672 Thread 0x00007fbf440ca000  183             java.util.concurrent.locks.ReentrantLock$Sync::nonfairTryAcquire (67 bytes)
Event: 525.675 Thread 0x00007fbf440ca000 nmethod 183 0x00007fbf410d4190 code [0x00007fbf410d42c0, 0x00007fbf410d4378]
Event: 531.579 Thread 0x00007fbf440ca000  184  s          java.awt.KeyboardFocusManager::getCurrentKeyboardFocusManager (34 bytes)
Event: 531.581 Thread 0x00007fbf440ca000 nmethod 184 0x00007fbf410d3b10 code [0x00007fbf410d3c80, 0x00007fbf410d4028]
Event: 531.587 Thread 0x00007fbf440ca000  185             java.awt.KeyboardFocusManager::getCurrentKeyboardFocusManager (7 bytes)
Event: 531.589 Thread 0x00007fbf440ca000 nmethod 185 0x00007fbf410d8c50 code [0x00007fbf410d8de0, 0x00007fbf410d9238]
Event: 531.604 Thread 0x00007fbf440c7800  186             javax.swing.JComponent::getX (5 bytes)
Event: 531.604 Thread 0x00007fbf440c7800 nmethod 186 0x00007fbf410d4ed0 code [0x00007fbf410d5000, 0x00007fbf410d5058]
Event: 531.604 Thread 0x00007fbf440c7800  187             javax.swing.JComponent::getY (5 bytes)
Event: 531.604 Thread 0x00007fbf440c7800 nmethod 187 0x00007fbf410d9690 code [0x00007fbf410d97c0, 0x00007fbf410d9818]

GC Heap History (2 events):
Event: 141.940 GC heap before
{Heap before GC invocations=0 (full 0):
 def new generation   total 19008K, used 16960K [0x00000000b7c00000, 0x00000000b9090000, 0x00000000cc600000)
  eden space 16960K, 100% used [0x00000000b7c00000, 0x00000000b8c90000, 0x00000000b8c90000)
  from space 2048K,   0% used [0x00000000b8c90000, 0x00000000b8c90000, 0x00000000b8e90000)
  to   space 2048K,   0% used [0x00000000b8e90000, 0x00000000b8e90000, 0x00000000b9090000)
 tenured generation   total 42240K, used 0K [0x00000000cc600000, 0x00000000cef40000, 0x00000000f5a00000)
   the space 42240K,   0% used [0x00000000cc600000, 0x00000000cc600000, 0x00000000cc600200, 0x00000000cef40000)
 compacting perm gen  total 21248K, used 13405K [0x00000000f5a00000, 0x00000000f6ec0000, 0x0000000100000000)
   the space 21248K,  63% used [0x00000000f5a00000, 0x00000000f6717638, 0x00000000f6717800, 0x00000000f6ec0000)
No shared spaces configured.
Event: 141.970 GC heap after
Heap after GC invocations=1 (full 0):
 def new generation   total 19008K, used 2048K [0x00000000b7c00000, 0x00000000b9090000, 0x00000000cc600000)
  eden space 16960K,   0% used [0x00000000b7c00000, 0x00000000b7c00000, 0x00000000b8c90000)
  from space 2048K, 100% used [0x00000000b8e90000, 0x00000000b9090000, 0x00000000b9090000)
  to   space 2048K,   0% used [0x00000000b8c90000, 0x00000000b8c90000, 0x00000000b8e90000)
 tenured generation   total 42240K, used 1507K [0x00000000cc600000, 0x00000000cef40000, 0x00000000f5a00000)
   the space 42240K,   3% used [0x00000000cc600000, 0x00000000cc778ec0, 0x00000000cc779000, 0x00000000cef40000)
 compacting perm gen  total 21248K, used 13405K [0x00000000f5a00000, 0x00000000f6ec0000, 0x0000000100000000)
   the space 21248K,  63% used [0x00000000f5a00000, 0x00000000f6717638, 0x00000000f6717800, 0x00000000f6ec0000)
No shared spaces configured.
}

Deoptimization events (9 events):
Event: 0.285 Thread 0x00007fbf4400a000 Uncommon trap: reason=class_check action=maybe_recompile pc=0x00007fbf41081408 method=java.util.Properties$LineReader.readLine()I @ 62
Event: 0.288 Thread 0x00007fbf4400a000 Uncommon trap: reason=class_check action=maybe_recompile pc=0x00007fbf41081408 method=java.util.Properties$LineReader.readLine()I @ 62
Event: 0.288 Thread 0x00007fbf4400a000 Uncommon trap: reason=class_check action=maybe_recompile pc=0x00007fbf41081408 method=java.util.Properties$LineReader.readLine()I @ 62
Event: 0.288 Thread 0x00007fbf4400a000 Uncommon trap: reason=class_check action=maybe_recompile pc=0x00007fbf41081408 method=java.util.Properties$LineReader.readLine()I @ 62
Event: 3.043 Thread 0x00007fbf24089800 Uncommon trap: reason=class_check action=maybe_recompile pc=0x00007fbf4107e520 method=java.lang.String.equals(Ljava/lang/Object;)Z @ 8
Event: 3.043 Thread 0x00007fbf24089800 Uncommon trap: reason=class_check action=maybe_recompile pc=0x00007fbf4107e520 method=java.lang.String.equals(Ljava/lang/Object;)Z @ 8
Event: 3.243 Thread 0x00007fbf24089800 Uncommon trap: reason=class_check action=maybe_recompile pc=0x00007fbf4107e520 method=java.lang.String.equals(Ljava/lang/Object;)Z @ 8
Event: 3.243 Thread 0x00007fbf24089800 Uncommon trap: reason=class_check action=maybe_recompile pc=0x00007fbf4107e520 method=java.lang.String.equals(Ljava/lang/Object;)Z @ 8
Event: 10.705 Thread 0x00007fbf24089800 Uncommon trap: reason=unloaded action=reinterpret pc=0x00007fbf4108d000 method=java.lang.CharacterData.of(I)Ljava/lang/CharacterData; @ 96

Internal exceptions (10 events):
Event: 0.186 Thread 0x00007fbf4400a000 Threw 0x00000000b7dc6018 at /build/buildd/openjdk-7-7u71-2.5.3/build/openjdk/hotspot/src/share/vm/prims/jvm.cpp:1284
Event: 0.187 Thread 0x00007fbf4400a000 Threw 0x00000000b7dcd4d0 at /build/buildd/openjdk-7-7u71-2.5.3/build/openjdk/hotspot/src/share/vm/prims/jvm.cpp:1284
Event: 0.187 Thread 0x00007fbf4400a000 Threw 0x00000000b7dcea60 at /build/buildd/openjdk-7-7u71-2.5.3/build/openjdk/hotspot/src/share/vm/prims/jvm.cpp:1284
Event: 0.187 Thread 0x00007fbf4400a000 Threw 0x00000000b7dd2140 at /build/buildd/openjdk-7-7u71-2.5.3/build/openjdk/hotspot/src/share/vm/prims/jvm.cpp:1284
Event: 0.187 Thread 0x00007fbf4400a000 Threw 0x00000000b7dd3730 at /build/buildd/openjdk-7-7u71-2.5.3/build/openjdk/hotspot/src/share/vm/prims/jvm.cpp:1284
Event: 0.451 Thread 0x00007fbf24089800 Threw 0x00000000b7f6a7e0 at /build/buildd/openjdk-7-7u71-2.5.3/build/openjdk/hotspot/src/share/vm/prims/jni.cpp:747
Event: 5.967 Thread 0x00007fbf24089800 Threw 0x00000000b8082138 at /build/buildd/openjdk-7-7u71-2.5.3/build/openjdk/hotspot/src/share/vm/prims/jni.cpp:747
Event: 11.212 Thread 0x00007fbf24089800 Threw 0x00000000b89e35e8 at /build/buildd/openjdk-7-7u71-2.5.3/build/openjdk/hotspot/src/share/vm/prims/jni.cpp:747
Event: 305.465 Thread 0x00007fbf24089800 Threw 0x00000000b8346240 at /build/buildd/openjdk-7-7u71-2.5.3/build/openjdk/hotspot/src/share/vm/prims/jni.cpp:747
Event: 531.669 Thread 0x00007fbf24089800 Threw 0x00000000b8bf13b8 at /build/buildd/openjdk-7-7u71-2.5.3/build/openjdk/hotspot/src/share/vm/prims/jni.cpp:747

Events (10 events):
Event: 531.613 Executing VM operation: BulkRevokeBias
Event: 531.613 Executing VM operation: BulkRevokeBias done
Event: 531.614 Executing VM operation: RevokeBias
Event: 531.614 Executing VM operation: RevokeBias done
Event: 531.667 Executing VM operation: BulkRevokeBias
Event: 531.668 Executing VM operation: BulkRevokeBias done
Event: 534.467 Thread 0x00007fbf2c25b800 Thread exited: 0x00007fbf2c25b800
Event: 534.468 Thread 0x00007fbf2c1dd000 Thread exited: 0x00007fbf2c1dd000
Event: 615.785 loading class 0x00007fbf440f6970
Event: 615.785 loading class 0x00007fbf440f6970 done


Dynamic libraries:
00400000-00401000 r-xp 00000000 08:01 26231                              /usr/lib/jvm/java-7-openjdk-amd64/jre/bin/java
00600000-00601000 r--p 00000000 08:01 26231                              /usr/lib/jvm/java-7-openjdk-amd64/jre/bin/java
00601000-00602000 rw-p 00001000 08:01 26231                              /usr/lib/jvm/java-7-openjdk-amd64/jre/bin/java
00808000-00829000 rw-p 00000000 00:00 0                                  [heap]
b7c00000-b9090000 rw-p 00000000 00:00 0 
b9090000-cc600000 rw-p 00000000 00:00 0 
cc600000-cef40000 rw-p 00000000 00:00 0 
cef40000-f5a00000 rw-p 00000000 00:00 0 
f5a00000-f6ec0000 rw-p 00000000 00:00 0 
f6ec0000-100000000 rw-p 00000000 00:00 0 
7fbf1f78d000-7fbf1f790000 ---p 00000000 00:00 0 
7fbf1f790000-7fbf1f88e000 rw-p 00000000 00:00 0 
7fbf1f88e000-7fbf1f891000 ---p 00000000 00:00 0 
7fbf1f891000-7fbf1f98f000 rw-p 00000000 00:00 0 
7fbf1f98f000-7fbf1f9a1000 r--s 00000000 08:01 269735                     /usr/share/fonts/type1/gsfonts/b018035l.pfb
7fbf1f9a1000-7fbf1f9bc000 r--s 00000000 08:01 269807                     /usr/share/fonts/type1/gsfonts/p052023l.pfb
7fbf1f9bc000-7fbf1f9cd000 r--s 00000000 08:01 269723                     /usr/share/fonts/type1/gsfonts/a010035l.pfb
7fbf1f9cd000-7fbf1f9dd000 r--s 00000000 08:01 269717                     /usr/share/fonts/type1/gsfonts/a010015l.pfb
7fbf1f9dd000-7fbf1f9f7000 r--s 00000000 08:01 269738                     /usr/share/fonts/type1/gsfonts/c059013l.pfb
7fbf1f9f7000-7fbf1fa0a000 r--s 00000000 08:01 269729                     /usr/share/fonts/type1/gsfonts/b018015l.pfb
7fbf1fa0a000-7fbf1fa21000 r--s 00000000 08:01 269816                     /usr/share/fonts/type1/gsfonts/z003034l.pfb
7fbf1fa21000-7fbf1fa31000 r--s 00000000 08:01 269714                     /usr/share/fonts/type1/gsfonts/a010013l.pfb
7fbf1fa31000-7fbf1fa3a000 r--s 00000000 08:01 269813                     /usr/share/fonts/type1/gsfonts/s050000l.pfb
7fbf1fa3a000-7fbf1fa4c000 r--s 00000000 08:01 269768                     /usr/share/fonts/type1/gsfonts/n019044l.pfb
7fbf1fa4c000-7fbf1fa5c000 r--s 00000000 08:01 269720                     /usr/share/fonts/type1/gsfonts/a010033l.pfb
7fbf1fa5c000-7fbf1fa77000 r--s 00000000 08:01 269804                     /usr/share/fonts/type1/gsfonts/p052004l.pfb
7fbf1fa77000-7fbf1fa92000 r--s 00000000 08:01 269741                     /usr/share/fonts/type1/gsfonts/c059016l.pfb
7fbf1fa92000-7fbf1faa5000 r--s 00000000 08:01 269774                     /usr/share/fonts/type1/gsfonts/n019064l.pfb
7fbf1faa5000-7fbf1fabe000 r--s 00000000 08:01 269726                     /usr/share/fonts/type1/gsfonts/b018012l.pfb
7fbf1fabe000-7fbf1fada000 r--s 00000000 08:01 269810                     /usr/share/fonts/type1/gsfonts/p052024l.pfb
7fbf1fada000-7fbf1faf2000 r--s 00000000 08:01 269747                     /usr/share/fonts/type1/gsfonts/c059036l.pfb
7fbf1faf2000-7fbf1fb0a000 r--s 00000000 08:01 269744                     /usr/share/fonts/type1/gsfonts/c059033l.pfb
7fbf1fb0a000-7fbf1fb25000 r--s 00000000 08:01 269801                     /usr/share/fonts/type1/gsfonts/p052003l.pfb
7fbf1fb25000-7fbf1fb3a000 r--s 00000000 08:01 269732                     /usr/share/fonts/type1/gsfonts/b018032l.pfb
7fbf1fb3a000-7fbf1fb4c000 r--s 00000000 08:01 269765                     /usr/share/fonts/type1/gsfonts/n019043l.pfb
7fbf1fb4c000-7fbf1fb58000 r--s 00000000 08:01 269750                     /usr/share/fonts/type1/gsfonts/d050000l.pfb
7fbf1fb58000-7fbf1fb69000 r--s 00000000 08:01 269771                     /usr/share/fonts/type1/gsfonts/n019063l.pfb
7fbf1fb69000-7fbf1fb73000 r--s 00000000 08:01 146948                     /usr/share/fonts/X11/Type1/c0582bt_.pfb
7fbf1fb73000-7fbf1fb7c000 r--s 00000000 08:01 146960                     /usr/share/fonts/X11/Type1/c0649bt_.pfb
7fbf1fb7c000-7fbf1fb85000 r--s 00000000 08:01 146956                     /usr/share/fonts/X11/Type1/c0633bt_.pfb
7fbf1fb85000-7fbf1fb8e000 r--s 00000000 08:01 146954                     /usr/share/fonts/X11/Type1/c0632bt_.pfb
7fbf1fb8e000-7fbf1fb98000 r--s 00000000 08:01 146950                     /usr/share/fonts/X11/Type1/c0583bt_.pfb
7fbf1fb98000-7fbf1fba2000 r--s 00000000 08:01 146946                     /usr/share/fonts/X11/Type1/c0419bt_.pfb
7fbf1fba2000-7fbf1fbac000 r--s 00000000 08:01 146952                     /usr/share/fonts/X11/Type1/c0611bt_.pfb
7fbf1fbac000-7fbf1fbb5000 r--s 00000000 08:01 146958                     /usr/share/fonts/X11/Type1/c0648bt_.pfb
7fbf1fbb5000-7fbf1fbbf000 r--s 00000000 08:01 269819                     /usr/share/fonts/type1/mathml/Symbol.pfb
7fbf1fbbf000-7fbf1fbc0000 r--s 00000000 08:01 14814                      /var/cache/fontconfig/c05880de57d1f5e948fdfacc138775d9-le64.cache-3
7fbf1fbc0000-7fbf1fbc9000 r--s 00000000 08:01 14809                      /var/cache/fontconfig/945677eb7aeaf62f1d50efc3fb3ec7d8-le64.cache-3
7fbf1fbc9000-7fbf1fbcb000 r--s 00000000 08:01 14810                      /var/cache/fontconfig/99e8ed0e538f840c565b6ed5dad60d56-le64.cache-3
7fbf1fbcb000-7fbf1fbcf000 r--s 00000000 08:01 14796                      /var/cache/fontconfig/2cd17615ca594fa2959ae173292e504c-le64.cache-3
7fbf1fbcf000-7fbf1fbd0000 r--s 00000000 08:01 14821                      /var/cache/fontconfig/e7071f4a29fa870f4323321c154eba04-le64.cache-3
7fbf1fbd0000-7fbf1fbd1000 r--s 00000000 08:01 14794                      /var/cache/fontconfig/0d8c3b2ac0904cb8a57a757ad11a4a08-le64.cache-3
7fbf1fbd1000-7fbf1fbd7000 r--s 00000000 08:01 14811                      /var/cache/fontconfig/a755afe4a08bf5b97852ceb7400b47bc-le64.cache-3
7fbf1fbd7000-7fbf1fbe0000 r--s 00000000 08:01 26730                      /var/cache/fontconfig/6d41288fd70b0be22e8c3a91e032eec0-le64.cache-3
7fbf1fbe0000-7fbf1fbe3000 r--s 00000000 08:01 28900                      /var/cache/fontconfig/de156ccd2eddbdc19d37a45b8b2aac9c-le64.cache-3
7fbf1fbe3000-7fbf1fbf3000 r--s 00000000 08:01 14793                      /var/cache/fontconfig/04aabc0a78ac019cf9454389977116d2-le64.cache-3
7fbf1fbf3000-7fbf1fbf6000 r--s 00000000 08:01 14799                      /var/cache/fontconfig/385c0604a188198f04d133e54aba7fe7-le64.cache-3
7fbf1fbf6000-7fbf1fbf7000 r--s 00000000 08:01 5881                       /var/cache/fontconfig/4794a0821666d79190d59a36cb4f44b5-le64.cache-3
7fbf1fbf7000-7fbf1fbfa000 r--s 00000000 08:01 14808                      /var/cache/fontconfig/8801497958630a81b71ace7c5f9b32a8-le64.cache-3
7fbf1fbfa000-7fbf1fbff000 r--s 00000000 08:01 14797                      /var/cache/fontconfig/3047814df9a2f067bd2d96a2b9c36e5a-le64.cache-3
7fbf1fbff000-7fbf1fc00000 r--s 00000000 08:01 14802                      /var/cache/fontconfig/56cf4f4769d0f4abc89a4895d7bd3ae1-le64.cache-3
7fbf1fc00000-7fbf1fc01000 r--s 00000000 08:01 14813                      /var/cache/fontconfig/b9d506c9ac06c20b433354fa67a72993-le64.cache-3
7fbf1fc01000-7fbf1fc06000 r--s 00000000 08:01 14812                      /var/cache/fontconfig/b47c4e1ecd0709278f4910c18777a504-le64.cache-3
7fbf1fc06000-7fbf1fc16000 r--s 00000000 08:01 14817                      /var/cache/fontconfig/d52a8644073d54c13679302ca1180695-le64.cache-3
7fbf1fc16000-7fbf1fc19000 r--s 00000000 08:01 181                        /var/cache/fontconfig/e13b20fdb08344e0e664864cc2ede53d-le64.cache-3
7fbf1fc19000-7fbf1fc1d000 r--s 00000000 08:01 28899                      /var/cache/fontconfig/7ef2298fde41cc6eeb7af42e48b7d293-le64.cache-3
7fbf1fc1d000-7fbf1fc33000 r--s 00000000 08:01 269798                     /usr/share/fonts/type1/gsfonts/n022024l.pfb
7fbf1fc33000-7fbf1fc4b000 r--s 00000000 08:01 269789                     /usr/share/fonts/type1/gsfonts/n022003l.pfb
7fbf1fc4b000-7fbf1fc5c000 r--s 00000000 08:01 269762                     /usr/share/fonts/type1/gsfonts/n019024l.pfb
7fbf1fc5c000-7fbf1fc75000 r--s 00000000 08:01 269780                     /usr/share/fonts/type1/gsfonts/n021004l.pfb
7fbf1fc75000-7fbf1fc87000 r--s 00000000 08:01 269756                     /usr/share/fonts/type1/gsfonts/n019004l.pfb
7fbf1fc87000-7fbf1fca0000 r--s 00000000 08:01 269792                     /usr/share/fonts/type1/gsfonts/n022004l.pfb
7fbf1fca0000-7fbf1fcb9000 r--s 00000000 08:01 269777                     /usr/share/fonts/type1/gsfonts/n021003l.pfb
7fbf1fcb9000-7fbf1fccf000 r--s 00000000 08:01 269786                     /usr/share/fonts/type1/gsfonts/n021024l.pfb
7fbf1fccf000-7fbf1fce5000 r--s 00000000 08:01 269795                     /usr/share/fonts/type1/gsfonts/n022023l.pfb
7fbf1fce5000-7fbf1fce8000 ---p 00000000 00:00 0 
7fbf1fce8000-7fbf1fde6000 rw-p 00000000 00:00 0 
7fbf1fde6000-7fbf1fde9000 ---p 00000000 00:00 0 
7fbf1fde9000-7fbf1fee7000 rw-p 00000000 00:00 0 
7fbf1fee7000-7fbf1feea000 ---p 00000000 00:00 0 
7fbf1feea000-7fbf1ffe8000 rw-p 00000000 00:00 0                          [stack:3075]
7fbf1ffe8000-7fbf1ffeb000 ---p 00000000 00:00 0 
7fbf1ffeb000-7fbf200e9000 rw-p 00000000 00:00 0                          [stack:3074]
7fbf200e9000-7fbf200f9000 r-xp 00000000 08:01 26197                      /usr/lib/jvm/java-7-openjdk-amd64/jre/lib/amd64/libnio.so
7fbf200f9000-7fbf202f9000 ---p 00010000 08:01 26197                      /usr/lib/jvm/java-7-openjdk-amd64/jre/lib/amd64/libnio.so
7fbf202f9000-7fbf202fa000 r--p 00010000 08:01 26197                      /usr/lib/jvm/java-7-openjdk-amd64/jre/lib/amd64/libnio.so
7fbf202fa000-7fbf202fb000 rw-p 00011000 08:01 26197                      /usr/lib/jvm/java-7-openjdk-amd64/jre/lib/amd64/libnio.so
7fbf202fb000-7fbf2034e000 r-xp 00000000 08:01 26208                      /usr/lib/jvm/java-7-openjdk-amd64/jre/lib/amd64/libfontmanager.so
7fbf2034e000-7fbf2054d000 ---p 00053000 08:01 26208                      /usr/lib/jvm/java-7-openjdk-amd64/jre/lib/amd64/libfontmanager.so
7fbf2054d000-7fbf20550000 r--p 00052000 08:01 26208                      /usr/lib/jvm/java-7-openjdk-amd64/jre/lib/amd64/libfontmanager.so
7fbf20550000-7fbf20551000 rw-p 00055000 08:01 26208                      /usr/lib/jvm/java-7-openjdk-amd64/jre/lib/amd64/libfontmanager.so
7fbf20551000-7fbf20554000 ---p 00000000 00:00 0 
7fbf20554000-7fbf20652000 rw-p 00000000 00:00 0                          [stack:3073]
7fbf20652000-7fbf20655000 ---p 00000000 00:00 0 
7fbf20655000-7fbf20753000 rw-p 00000000 00:00 0                          [stack:3072]
7fbf20753000-7fbf20758000 r-xp 00000000 08:01 11049                      /usr/lib/x86_64-linux-gnu/libXfixes.so.3.1.0
7fbf20758000-7fbf20957000 ---p 00005000 08:01 11049                      /usr/lib/x86_64-linux-gnu/libXfixes.so.3.1.0
7fbf20957000-7fbf20958000 r--p 00004000 08:01 11049                      /usr/lib/x86_64-linux-gnu/libXfixes.so.3.1.0
7fbf20958000-7fbf20959000 rw-p 00005000 08:01 11049                      /usr/lib/x86_64-linux-gnu/libXfixes.so.3.1.0
7fbf20959000-7fbf20962000 r-xp 00000000 08:01 11067                      /usr/lib/x86_64-linux-gnu/libXcursor.so.1.0.2
7fbf20962000-7fbf20b61000 ---p 00009000 08:01 11067                      /usr/lib/x86_64-linux-gnu/libXcursor.so.1.0.2
7fbf20b61000-7fbf20b62000 r--p 00008000 08:01 11067                      /usr/lib/x86_64-linux-gnu/libXcursor.so.1.0.2
7fbf20b62000-7fbf20b63000 rw-p 00009000 08:01 11067                      /usr/lib/x86_64-linux-gnu/libXcursor.so.1.0.2
7fbf20b63000-7fbf20b66000 r-xp 00000000 08:01 398473                     /lib/x86_64-linux-gnu/libgpg-error.so.0.8.0
7fbf20b66000-7fbf20d65000 ---p 00003000 08:01 398473                     /lib/x86_64-linux-gnu/libgpg-error.so.0.8.0
7fbf20d65000-7fbf20d66000 r--p 00002000 08:01 398473                     /lib/x86_64-linux-gnu/libgpg-error.so.0.8.0
7fbf20d66000-7fbf20d67000 rw-p 00003000 08:01 398473                     /lib/x86_64-linux-gnu/libgpg-error.so.0.8.0
7fbf20d67000-7fbf20d6a000 r-xp 00000000 08:01 398477                     /lib/x86_64-linux-gnu/libkeyutils.so.1.4
7fbf20d6a000-7fbf20f69000 ---p 00003000 08:01 398477                     /lib/x86_64-linux-gnu/libkeyutils.so.1.4
7fbf20f69000-7fbf20f6a000 r--p 00002000 08:01 398477                     /lib/x86_64-linux-gnu/libkeyutils.so.1.4
7fbf20f6a000-7fbf20f6b000 rw-p 00003000 08:01 398477                     /lib/x86_64-linux-gnu/libkeyutils.so.1.4
7fbf20f6b000-7fbf20fad000 r-xp 00000000 08:01 398481                     /lib/x86_64-linux-gnu/libdbus-1.so.3.5.8
7fbf20fad000-7fbf211ad000 ---p 00042000 08:01 398481                     /lib/x86_64-linux-gnu/libdbus-1.so.3.5.8
7fbf211ad000-7fbf211ae000 r--p 00042000 08:01 398481                     /lib/x86_64-linux-gnu/libdbus-1.so.3.5.8
7fbf211ae000-7fbf211af000 rw-p 00043000 08:01 398481                     /lib/x86_64-linux-gnu/libdbus-1.so.3.5.8
7fbf211af000-7fbf211c0000 r-xp 00000000 08:01 12019                      /usr/lib/x86_64-linux-gnu/libp11-kit.so.0.0.0
7fbf211c0000-7fbf213bf000 ---p 00011000 08:01 12019                      /usr/lib/x86_64-linux-gnu/libp11-kit.so.0.0.0
7fbf213bf000-7fbf213c0000 r--p 00010000 08:01 12019                      /usr/lib/x86_64-linux-gnu/libp11-kit.so.0.0.0
7fbf213c0000-7fbf213c1000 rw-p 00011000 08:01 12019                      /usr/lib/x86_64-linux-gnu/libp11-kit.so.0.0.0
7fbf213c1000-7fbf2143b000 r-xp 00000000 08:01 398457                     /lib/x86_64-linux-gnu/libgcrypt.so.11.7.0
7fbf2143b000-7fbf2163b000 ---p 0007a000 08:01 398457                     /lib/x86_64-linux-gnu/libgcrypt.so.11.7.0
7fbf2163b000-7fbf2163c000 r--p 0007a000 08:01 398457                     /lib/x86_64-linux-gnu/libgcrypt.so.11.7.0
7fbf2163c000-7fbf2163f000 rw-p 0007b000 08:01 398457                     /lib/x86_64-linux-gnu/libgcrypt.so.11.7.0
7fbf2163f000-7fbf2164f000 r-xp 00000000 08:01 10826                      /usr/lib/x86_64-linux-gnu/libtasn1.so.3.1.12
7fbf2164f000-7fbf2184e000 ---p 00010000 08:01 10826                      /usr/lib/x86_64-linux-gnu/libtasn1.so.3.1.12
7fbf2184e000-7fbf2184f000 r--p 0000f000 08:01 10826                      /usr/lib/x86_64-linux-gnu/libtasn1.so.3.1.12
7fbf2184f000-7fbf21850000 rw-p 00010000 08:01 10826                      /usr/lib/x86_64-linux-gnu/libtasn1.so.3.1.12
7fbf21850000-7fbf21857000 r-xp 00000000 08:01 10809                      /usr/lib/x86_64-linux-gnu/libkrb5support.so.0.1
7fbf21857000-7fbf21a56000 ---p 00007000 08:01 10809                      /usr/lib/x86_64-linux-gnu/libkrb5support.so.0.1
7fbf21a56000-7fbf21a57000 r--p 00006000 08:01 10809                      /usr/lib/x86_64-linux-gnu/libkrb5support.so.0.1
7fbf21a57000-7fbf21a58000 rw-p 00007000 08:01 10809                      /usr/lib/x86_64-linux-gnu/libkrb5support.so.0.1
7fbf21a58000-7fbf21a5b000 r-xp 00000000 08:01 398453                     /lib/x86_64-linux-gnu/libcom_err.so.2.1
7fbf21a5b000-7fbf21c5a000 ---p 00003000 08:01 398453                     /lib/x86_64-linux-gnu/libcom_err.so.2.1
7fbf21c5a000-7fbf21c5b000 r--p 00002000 08:01 398453                     /lib/x86_64-linux-gnu/libcom_err.so.2.1
7fbf21c5b000-7fbf21c5c000 rw-p 00003000 08:01 398453                     /lib/x86_64-linux-gnu/libcom_err.so.2.1
7fbf21c5c000-7fbf21c81000 r-xp 00000000 08:01 10782                      /usr/lib/x86_64-linux-gnu/libk5crypto.so.3.1
7fbf21c81000-7fbf21e81000 ---p 00025000 08:01 10782                      /usr/lib/x86_64-linux-gnu/libk5crypto.so.3.1
7fbf21e81000-7fbf21e82000 r--p 00025000 08:01 10782                      /usr/lib/x86_64-linux-gnu/libk5crypto.so.3.1
7fbf21e82000-7fbf21e83000 rw-p 00026000 08:01 10782                      /usr/lib/x86_64-linux-gnu/libk5crypto.so.3.1
7fbf21e83000-7fbf21e84000 rw-p 00000000 00:00 0 
7fbf21e84000-7fbf21f48000 r-xp 00000000 08:01 10800                      /usr/lib/x86_64-linux-gnu/libkrb5.so.3.3
7fbf21f48000-7fbf22147000 ---p 000c4000 08:01 10800                      /usr/lib/x86_64-linux-gnu/libkrb5.so.3.3
7fbf22147000-7fbf22151000 r--p 000c3000 08:01 10800                      /usr/lib/x86_64-linux-gnu/libkrb5.so.3.3
7fbf22151000-7fbf22152000 rw-p 000cd000 08:01 10800                      /usr/lib/x86_64-linux-gnu/libkrb5.so.3.3
7fbf22152000-7fbf22157000 r-xp 00000000 08:01 11598                      /usr/lib/x86_64-linux-gnu/libXdmcp.so.6.0.0
7fbf22157000-7fbf22356000 ---p 00005000 08:01 11598                      /usr/lib/x86_64-linux-gnu/libXdmcp.so.6.0.0
7fbf22356000-7fbf22357000 r--p 00004000 08:01 11598                      /usr/lib/x86_64-linux-gnu/libXdmcp.so.6.0.0
7fbf22357000-7fbf22358000 rw-p 00005000 08:01 11598                      /usr/lib/x86_64-linux-gnu/libXdmcp.so.6.0.0
7fbf22358000-7fbf2235a000 r-xp 00000000 08:01 11587                      /usr/lib/x86_64-linux-gnu/libXau.so.6.0.0
7fbf2235a000-7fbf22559000 ---p 00002000 08:01 11587                      /usr/lib/x86_64-linux-gnu/libXau.so.6.0.0
7fbf22559000-7fbf2255a000 r--p 00001000 08:01 11587                      /usr/lib/x86_64-linux-gnu/libXau.so.6.0.0
7fbf2255a000-7fbf2255b000 rw-p 00002000 08:01 11587                      /usr/lib/x86_64-linux-gnu/libXau.so.6.0.0
7fbf2255b000-7fbf22582000 r-xp 00000000 08:01 398464                     /lib/x86_64-linux-gnu/libexpat.so.1.5.2
7fbf22582000-7fbf22782000 ---p 00027000 08:01 398464                     /lib/x86_64-linux-gnu/libexpat.so.1.5.2
7fbf22782000-7fbf22784000 r--p 00027000 08:01 398464                     /lib/x86_64-linux-gnu/libexpat.so.1.5.2
7fbf22784000-7fbf22785000 rw-p 00029000 08:01 398464                     /lib/x86_64-linux-gnu/libexpat.so.1.5.2
7fbf22785000-7fbf2281b000 r-xp 00000000 08:01 11790                      /usr/lib/x86_64-linux-gnu/libfreetype.so.6.8.0
7fbf2281b000-7fbf22a1a000 ---p 00096000 08:01 11790                      /usr/lib/x86_64-linux-gnu/libfreetype.so.6.8.0
7fbf22a1a000-7fbf22a20000 r--p 00095000 08:01 11790                      /usr/lib/x86_64-linux-gnu/libfreetype.so.6.8.0
7fbf22a20000-7fbf22a21000 rw-p 0009b000 08:01 11790                      /usr/lib/x86_64-linux-gnu/libfreetype.so.6.8.0
7fbf22a21000-7fbf22a31000 r-xp 00000000 08:01 10722                      /usr/lib/x86_64-linux-gnu/libavahi-client.so.3.2.9
7fbf22a31000-7fbf22c30000 ---p 00010000 08:01 10722                      /usr/lib/x86_64-linux-gnu/libavahi-client.so.3.2.9
7fbf22c30000-7fbf22c31000 r--p 0000f000 08:01 10722                      /usr/lib/x86_64-linux-gnu/libavahi-client.so.3.2.9
7fbf22c31000-7fbf22c32000 rw-p 00010000 08:01 10722                      /usr/lib/x86_64-linux-gnu/libavahi-client.so.3.2.9
7fbf22c32000-7fbf22c3d000 r-xp 00000000 08:01 10713                      /usr/lib/x86_64-linux-gnu/libavahi-common.so.3.5.3
7fbf22c3d000-7fbf22e3c000 ---p 0000b000 08:01 10713                      /usr/lib/x86_64-linux-gnu/libavahi-common.so.3.5.3
7fbf22e3c000-7fbf22e3d000 r--p 0000a000 08:01 10713                      /usr/lib/x86_64-linux-gnu/libavahi-common.so.3.5.3
7fbf22e3d000-7fbf22e3e000 rw-p 0000b000 08:01 10713                      /usr/lib/x86_64-linux-gnu/libavahi-common.so.3.5.3
7fbf22e3e000-7fbf22ef2000 r-xp 00000000 08:01 10835                      /usr/lib/x86_64-linux-gnu/libgnutls.so.26.21.8
7fbf22ef2000-7fbf230f2000 ---p 000b4000 08:01 10835                      /usr/lib/x86_64-linux-gnu/libgnutls.so.26.21.8
7fbf230f2000-7fbf230f8000 r--p 000b4000 08:01 10835                      /usr/lib/x86_64-linux-gnu/libgnutls.so.26.21.8
7fbf230f8000-7fbf230f9000 rw-p 000ba000 08:01 10835                      /usr/lib/x86_64-linux-gnu/libgnutls.so.26.21.8
7fbf230f9000-7fbf230fa000 rw-p 00000000 00:00 0 
7fbf230fa000-7fbf23135000 r-xp 00000000 08:01 10791                      /usr/lib/x86_64-linux-gnu/libgssapi_krb5.so.2.2
7fbf23135000-7fbf23335000 ---p 0003b000 08:01 10791                      /usr/lib/x86_64-linux-gnu/libgssapi_krb5.so.2.2
7fbf23335000-7fbf23336000 r--p 0003b000 08:01 10791                      /usr/lib/x86_64-linux-gnu/libgssapi_krb5.so.2.2
7fbf23336000-7fbf23338000 rw-p 0003c000 08:01 10791                      /usr/lib/x86_64-linux-gnu/libgssapi_krb5.so.2.2
7fbf23338000-7fbf23355000 r-xp 00000000 08:01 11014                      /usr/lib/x86_64-linux-gnu/libxcb.so.1.1.0
7fbf23355000-7fbf23554000 ---p 0001d000 08:01 11014                      /usr/lib/x86_64-linux-gnu/libxcb.so.1.1.0
7fbf23554000-7fbf23555000 r--p 0001c000 08:01 11014                      /usr/lib/x86_64-linux-gnu/libxcb.so.1.1.0
7fbf23555000-7fbf23556000 rw-p 0001d000 08:01 11014                      /usr/lib/x86_64-linux-gnu/libxcb.so.1.1.0
7fbf23556000-7fbf2358a000 r-xp 00000000 08:01 11782                      /usr/lib/x86_64-linux-gnu/libfontconfig.so.1.4.4
7fbf2358a000-7fbf2378a000 ---p 00034000 08:01 11782                      /usr/lib/x86_64-linux-gnu/libfontconfig.so.1.4.4
7fbf2378a000-7fbf2378b000 r--p 00034000 08:01 11782                      /usr/lib/x86_64-linux-gnu/libfontconfig.so.1.4.4
7fbf2378b000-7fbf2378c000 rw-p 00035000 08:01 11782                      /usr/lib/x86_64-linux-gnu/libfontconfig.so.1.4.4
7fbf2378c000-7fbf237dc000 r-xp 00000000 08:01 10964                      /usr/lib/x86_64-linux-gnu/libcups.so.2
7fbf237dc000-7fbf239db000 ---p 00050000 08:01 10964                      /usr/lib/x86_64-linux-gnu/libcups.so.2
7fbf239db000-7fbf239df000 r--p 0004f000 08:01 10964                      /usr/lib/x86_64-linux-gnu/libcups.so.2
7fbf239df000-7fbf239e0000 rw-p 00053000 08:01 10964                      /usr/lib/x86_64-linux-gnu/libcups.so.2
7fbf239e0000-7fbf239ef000 r-xp 00000000 08:01 11088                      /usr/lib/x86_64-linux-gnu/libXi.so.6.1.0
7fbf239ef000-7fbf23bee000 ---p 0000f000 08:01 11088                      /usr/lib/x86_64-linux-gnu/libXi.so.6.1.0
7fbf23bee000-7fbf23bef000 r--p 0000e000 08:01 11088                      /usr/lib/x86_64-linux-gnu/libXi.so.6.1.0
7fbf23bef000-7fbf23bf0000 rw-p 0000f000 08:01 11088                      /usr/lib/x86_64-linux-gnu/libXi.so.6.1.0
7fbf23bf0000-7fbf23bf5000 r-xp 00000000 08:01 10939                      /usr/lib/x86_64-linux-gnu/libXtst.so.6.1.0
7fbf23bf5000-7fbf23df4000 ---p 00005000 08:01 10939                      /usr/lib/x86_64-linux-gnu/libXtst.so.6.1.0
7fbf23df4000-7fbf23df5000 r--p 00004000 08:01 10939                      /usr/lib/x86_64-linux-gnu/libXtst.so.6.1.0
7fbf23df5000-7fbf23df6000 rw-p 00005000 08:01 10939                      /usr/lib/x86_64-linux-gnu/libXtst.so.6.1.0
7fbf23df6000-7fbf23dff000 r-xp 00000000 08:01 11058                      /usr/lib/x86_64-linux-gnu/libXrender.so.1.3.0
7fbf23dff000-7fbf23ffe000 ---p 00009000 08:01 11058                      /usr/lib/x86_64-linux-gnu/libXrender.so.1.3.0
7fbf23ffe000-7fbf23fff000 r--p 00008000 08:01 11058                      /usr/lib/x86_64-linux-gnu/libXrender.so.1.3.0
7fbf23fff000-7fbf24000000 rw-p 00009000 08:01 11058                      /usr/lib/x86_64-linux-gnu/libXrender.so.1.3.0
7fbf24000000-7fbf246bb000 rw-p 00000000 00:00 0 
7fbf246bb000-7fbf28000000 ---p 00000000 00:00 0 
7fbf28000000-7fbf28021000 rw-p 00000000 00:00 0 
7fbf28021000-7fbf2c000000 ---p 00000000 00:00 0 
7fbf2c000000-7fbf2c37b000 rw-p 00000000 00:00 0 
7fbf2c37b000-7fbf30000000 ---p 00000000 00:00 0 
7fbf30000000-7fbf30619000 rw-p 00000000 00:00 0 
7fbf30619000-7fbf34000000 ---p 00000000 00:00 0 
7fbf34000000-7fbf34029000 rw-p 00000000 00:00 0 
7fbf34029000-7fbf38000000 ---p 00000000 00:00 0 
7fbf38000000-7fbf38021000 rw-p 00000000 00:00 0 
7fbf38021000-7fbf3c000000 ---p 00000000 00:00 0 
7fbf3c000000-7fbf3c021000 rw-p 00000000 00:00 0 
7fbf3c021000-7fbf40000000 ---p 00000000 00:00 0 
7fbf40000000-7fbf40017000 r--s 00000000 08:01 269783                     /usr/share/fonts/type1/gsfonts/n021023l.pfb
7fbf40017000-7fbf40021000 r--s 00000000 08:01 269819                     /usr/share/fonts/type1/mathml/Symbol.pfb
7fbf40021000-7fbf40032000 r--s 00000000 08:01 269759                     /usr/share/fonts/type1/gsfonts/n019023l.pfb
7fbf40032000-7fbf40046000 r--s 00000000 08:01 269753                     /usr/share/fonts/type1/gsfonts/n019003l.pfb
7fbf40046000-7fbf4004b000 r--s 00046000 08:01 27539                      /tmp/jar_cache8708823716587360644.tmp (deleted)
7fbf4004b000-7fbf40054000 r--s 0006f000 08:01 27537                      /tmp/jar_cache2828175228380432386.tmp (deleted)
7fbf40054000-7fbf40057000 ---p 00000000 00:00 0 
7fbf40057000-7fbf40155000 rw-p 00000000 00:00 0                          [stack:3071]
7fbf40155000-7fbf40285000 r-xp 00000000 08:01 11023                      /usr/lib/x86_64-linux-gnu/libX11.so.6.3.0
7fbf40285000-7fbf40485000 ---p 00130000 08:01 11023                      /usr/lib/x86_64-linux-gnu/libX11.so.6.3.0
7fbf40485000-7fbf40486000 r--p 00130000 08:01 11023                      /usr/lib/x86_64-linux-gnu/libX11.so.6.3.0
7fbf40486000-7fbf4048a000 rw-p 00131000 08:01 11023                      /usr/lib/x86_64-linux-gnu/libX11.so.6.3.0
7fbf4048a000-7fbf4049a000 r-xp 00000000 08:01 11076                      /usr/lib/x86_64-linux-gnu/libXext.so.6.4.0
7fbf4049a000-7fbf40699000 ---p 00010000 08:01 11076                      /usr/lib/x86_64-linux-gnu/libXext.so.6.4.0
7fbf40699000-7fbf4069a000 r--p 0000f000 08:01 11076                      /usr/lib/x86_64-linux-gnu/libXext.so.6.4.0
7fbf4069a000-7fbf4069b000 rw-p 00010000 08:01 11076                      /usr/lib/x86_64-linux-gnu/libXext.so.6.4.0
7fbf4069b000-7fbf406e4000 r-xp 00000000 08:01 26332                      /usr/lib/jvm/java-7-openjdk-amd64/jre/lib/amd64/xawt/libmawt.so
7fbf406e4000-7fbf408e3000 ---p 00049000 08:01 26332                      /usr/lib/jvm/java-7-openjdk-amd64/jre/lib/amd64/xawt/libmawt.so
7fbf408e3000-7fbf408e4000 r--p 00048000 08:01 26332                      /usr/lib/jvm/java-7-openjdk-amd64/jre/lib/amd64/xawt/libmawt.so
7fbf408e4000-7fbf408e7000 rw-p 00049000 08:01 26332                      /usr/lib/jvm/java-7-openjdk-amd64/jre/lib/amd64/xawt/libmawt.so
7fbf408e7000-7fbf408e8000 rw-p 00000000 00:00 0 
7fbf408e8000-7fbf4098a000 r-xp 00000000 08:01 26212                      /usr/lib/jvm/java-7-openjdk-amd64/jre/lib/amd64/libawt.so
7fbf4098a000-7fbf40b8a000 ---p 000a2000 08:01 26212                      /usr/lib/jvm/java-7-openjdk-amd64/jre/lib/amd64/libawt.so
7fbf40b8a000-7fbf40b8b000 r--p 000a2000 08:01 26212                      /usr/lib/jvm/java-7-openjdk-amd64/jre/lib/amd64/libawt.so
7fbf40b8b000-7fbf40b96000 rw-p 000a3000 08:01 26212                      /usr/lib/jvm/java-7-openjdk-amd64/jre/lib/amd64/libawt.so
7fbf40b96000-7fbf40bbb000 rw-p 00000000 00:00 0 
7fbf40bbb000-7fbf40bf7000 r-xp 00000000 08:01 398519                     /lib/x86_64-linux-gnu/libpcre.so.3.12.1
7fbf40bf7000-7fbf40df6000 ---p 0003c000 08:01 398519                     /lib/x86_64-linux-gnu/libpcre.so.3.12.1
7fbf40df6000-7fbf40df7000 r--p 0003b000 08:01 398519                     /lib/x86_64-linux-gnu/libpcre.so.3.12.1
7fbf40df7000-7fbf40df8000 rw-p 0003c000 08:01 398519                     /lib/x86_64-linux-gnu/libpcre.so.3.12.1
7fbf40df8000-7fbf40dff000 r-xp 00000000 08:01 11780                      /usr/lib/x86_64-linux-gnu/libffi.so.6.0.0
7fbf40dff000-7fbf40ffe000 ---p 00007000 08:01 11780                      /usr/lib/x86_64-linux-gnu/libffi.so.6.0.0
7fbf40ffe000-7fbf40fff000 r--p 00006000 08:01 11780                      /usr/lib/x86_64-linux-gnu/libffi.so.6.0.0
7fbf40fff000-7fbf41000000 rw-p 00007000 08:01 11780                      /usr/lib/x86_64-linux-gnu/libffi.so.6.0.0
7fbf41000000-7fbf41270000 rwxp 00000000 00:00 0 
7fbf41270000-7fbf4432d000 rw-p 00000000 00:00 0 
7fbf4432d000-7fbf48000000 ---p 00000000 00:00 0 
7fbf48001000-7fbf48008000 r--s 00036000 08:01 27533                      /tmp/jar_cache3603156801858617723.tmp (deleted)
7fbf48008000-7fbf48020000 r-xp 00000000 08:01 426151                     /lib/x86_64-linux-gnu/libresolv-2.15.so
7fbf48020000-7fbf48220000 ---p 00018000 08:01 426151                     /lib/x86_64-linux-gnu/libresolv-2.15.so
7fbf48220000-7fbf48221000 r--p 00018000 08:01 426151                     /lib/x86_64-linux-gnu/libresolv-2.15.so
7fbf48221000-7fbf48222000 rw-p 00019000 08:01 426151                     /lib/x86_64-linux-gnu/libresolv-2.15.so
7fbf48222000-7fbf48224000 rw-p 00000000 00:00 0 
7fbf48224000-7fbf48241000 r-xp 00000000 08:01 398534                     /lib/x86_64-linux-gnu/libselinux.so.1
7fbf48241000-7fbf48440000 ---p 0001d000 08:01 398534                     /lib/x86_64-linux-gnu/libselinux.so.1
7fbf48440000-7fbf48441000 r--p 0001c000 08:01 398534                     /lib/x86_64-linux-gnu/libselinux.so.1
7fbf48441000-7fbf48442000 rw-p 0001d000 08:01 398534                     /lib/x86_64-linux-gnu/libselinux.so.1
7fbf48442000-7fbf48443000 rw-p 00000000 00:00 0 
7fbf48443000-7fbf48446000 r-xp 00000000 08:01 4208                       /usr/lib/x86_64-linux-gnu/libgmodule-2.0.so.0.3200.4
7fbf48446000-7fbf48645000 ---p 00003000 08:01 4208                       /usr/lib/x86_64-linux-gnu/libgmodule-2.0.so.0.3200.4
7fbf48645000-7fbf48646000 r--p 00002000 08:01 4208                       /usr/lib/x86_64-linux-gnu/libgmodule-2.0.so.0.3200.4
7fbf48646000-7fbf48647000 rw-p 00003000 08:01 4208                       /usr/lib/x86_64-linux-gnu/libgmodule-2.0.so.0.3200.4
7fbf48647000-7fbf48739000 r-xp 00000000 08:01 422193                     /lib/x86_64-linux-gnu/libglib-2.0.so.0.3200.4
7fbf48739000-7fbf48939000 ---p 000f2000 08:01 422193                     /lib/x86_64-linux-gnu/libglib-2.0.so.0.3200.4
7fbf48939000-7fbf4893a000 r--p 000f2000 08:01 422193                     /lib/x86_64-linux-gnu/libglib-2.0.so.0.3200.4
7fbf4893a000-7fbf4893b000 rw-p 000f3000 08:01 422193                     /lib/x86_64-linux-gnu/libglib-2.0.so.0.3200.4
7fbf4893b000-7fbf4893c000 rw-p 00000000 00:00 0 
7fbf4893c000-7fbf48989000 r-xp 00000000 08:01 4213                       /usr/lib/x86_64-linux-gnu/libgobject-2.0.so.0.3200.4
7fbf48989000-7fbf48b89000 ---p 0004d000 08:01 4213                       /usr/lib/x86_64-linux-gnu/libgobject-2.0.so.0.3200.4
7fbf48b89000-7fbf48b8a000 r--p 0004d000 08:01 4213                       /usr/lib/x86_64-linux-gnu/libgobject-2.0.so.0.3200.4
7fbf48b8a000-7fbf48b8b000 rw-p 0004e000 08:01 4213                       /usr/lib/x86_64-linux-gnu/libgobject-2.0.so.0.3200.4
7fbf48b8b000-7fbf48cd3000 r-xp 00000000 08:01 4212                       /usr/lib/x86_64-linux-gnu/libgio-2.0.so.0.3200.4
7fbf48cd3000-7fbf48ed2000 ---p 00148000 08:01 4212                       /usr/lib/x86_64-linux-gnu/libgio-2.0.so.0.3200.4
7fbf48ed2000-7fbf48ed6000 r--p 00147000 08:01 4212                       /usr/lib/x86_64-linux-gnu/libgio-2.0.so.0.3200.4
7fbf48ed6000-7fbf48ed8000 rw-p 0014b000 08:01 4212                       /usr/lib/x86_64-linux-gnu/libgio-2.0.so.0.3200.4
7fbf48ed8000-7fbf48eda000 rw-p 00000000 00:00 0 
7fbf48eda000-7fbf48ede000 rw-s 00000000 00:04 1638413                    /SYSV00000000 (deleted)
7fbf48ede000-7fbf48ee5000 r--s 0003a000 08:01 27532                      /tmp/jar_cache6443197426401396048.tmp (deleted)
7fbf48ee5000-7fbf48eea000 r--s 0004c000 08:01 26184                      /usr/lib/jvm/java-7-openjdk-amd64/jre/lib/jsse.jar
7fbf48eea000-7fbf48f01000 r-xp 00000000 08:01 26201                      /usr/lib/jvm/java-7-openjdk-amd64/jre/lib/amd64/libnet.so
7fbf48f01000-7fbf49100000 ---p 00017000 08:01 26201                      /usr/lib/jvm/java-7-openjdk-amd64/jre/lib/amd64/libnet.so
7fbf49100000-7fbf49101000 r--p 00016000 08:01 26201                      /usr/lib/jvm/java-7-openjdk-amd64/jre/lib/amd64/libnet.so
7fbf49101000-7fbf49102000 rw-p 00017000 08:01 26201                      /usr/lib/jvm/java-7-openjdk-amd64/jre/lib/amd64/libnet.so
7fbf49102000-7fbf49106000 r--s 00034000 08:01 26171                      /usr/lib/jvm/java-7-openjdk-amd64/jre/lib/ext/sunjce_provider.jar
7fbf49106000-7fbf4910a000 r--s 0003c000 08:01 26170                      /usr/lib/jvm/java-7-openjdk-amd64/jre/lib/ext/sunpkcs11.jar
7fbf4910a000-7fbf4910c000 r--s 00012000 08:01 26172                      /usr/lib/jvm/java-7-openjdk-amd64/jre/lib/ext/zipfs.jar
7fbf4910c000-7fbf4910d000 ---p 00000000 00:00 0 
7fbf4910d000-7fbf4920d000 rw-p 00000000 00:00 0                          [stack:3070]
7fbf4920d000-7fbf49210000 ---p 00000000 00:00 0 
7fbf49210000-7fbf4930e000 rw-p 00000000 00:00 0                          [stack:3069]
7fbf4930e000-7fbf49311000 ---p 00000000 00:00 0 
7fbf49311000-7fbf4940f000 rw-p 00000000 00:00 0                          [stack:3068]
7fbf4940f000-7fbf49412000 ---p 00000000 00:00 0 
7fbf49412000-7fbf49510000 rw-p 00000000 00:00 0                          [stack:3067]
7fbf49510000-7fbf49513000 ---p 00000000 00:00 0 
7fbf49513000-7fbf49611000 rw-p 00000000 00:00 0                          [stack:3066]
7fbf49611000-7fbf49cf4000 r--p 00000000 08:01 7655                       /usr/lib/locale/locale-archive
7fbf49cf4000-7fbf49cf7000 ---p 00000000 00:00 0 
7fbf49cf7000-7fbf49df5000 rw-p 00000000 00:00 0                          [stack:3065]
7fbf49df5000-7fbf49df8000 ---p 00000000 00:00 0 
7fbf49df8000-7fbf49ef6000 rw-p 00000000 00:00 0                          [stack:3064]
7fbf49ef6000-7fbf49ef7000 ---p 00000000 00:00 0 
7fbf49ef7000-7fbf4a040000 rw-p 00000000 00:00 0                          [stack:3063]
7fbf4a040000-7fbf4a1f1000 r--s 01d25000 08:01 26165                      /usr/lib/jvm/java-7-openjdk-amd64/jre/lib/rt.jar
7fbf4a1f1000-7fbf4a2cd000 rw-p 00000000 00:00 0 
7fbf4a2cd000-7fbf4a316000 rw-p 00000000 00:00 0 
7fbf4a316000-7fbf4a32b000 rw-p 00000000 00:00 0 
7fbf4a32b000-7fbf4a461000 rw-p 00000000 00:00 0 
7fbf4a461000-7fbf4a46c000 rw-p 00000000 00:00 0 
7fbf4a46c000-7fbf4a506000 rw-p 00000000 00:00 0 
7fbf4a506000-7fbf4a51b000 rw-p 00000000 00:00 0 
7fbf4a51b000-7fbf4a650000 rw-p 00000000 00:00 0 
7fbf4a650000-7fbf4a65b000 rw-p 00000000 00:00 0 
7fbf4a65b000-7fbf4a6a3000 rw-p 00000000 00:00 0 
7fbf4a6a3000-7fbf4a6a4000 rw-p 00000000 00:00 0 
7fbf4a6a4000-7fbf4a6ac000 r-xp 00000000 08:01 26227                      /usr/lib/jvm/java-7-openjdk-amd64/jre/lib/amd64/libzip.so
7fbf4a6ac000-7fbf4a8ab000 ---p 00008000 08:01 26227                      /usr/lib/jvm/java-7-openjdk-amd64/jre/lib/amd64/libzip.so
7fbf4a8ab000-7fbf4a8ac000 r--p 00007000 08:01 26227                      /usr/lib/jvm/java-7-openjdk-amd64/jre/lib/amd64/libzip.so
7fbf4a8ac000-7fbf4a8ad000 rw-p 00008000 08:01 26227                      /usr/lib/jvm/java-7-openjdk-amd64/jre/lib/amd64/libzip.so
7fbf4a8ad000-7fbf4a8b9000 r-xp 00000000 08:01 426140                     /lib/x86_64-linux-gnu/libnss_files-2.15.so
7fbf4a8b9000-7fbf4aab8000 ---p 0000c000 08:01 426140                     /lib/x86_64-linux-gnu/libnss_files-2.15.so
7fbf4aab8000-7fbf4aab9000 r--p 0000b000 08:01 426140                     /lib/x86_64-linux-gnu/libnss_files-2.15.so
7fbf4aab9000-7fbf4aaba000 rw-p 0000c000 08:01 426140                     /lib/x86_64-linux-gnu/libnss_files-2.15.so
7fbf4aaba000-7fbf4aac4000 r-xp 00000000 08:01 426158                     /lib/x86_64-linux-gnu/libnss_nis-2.15.so
7fbf4aac4000-7fbf4acc4000 ---p 0000a000 08:01 426158                     /lib/x86_64-linux-gnu/libnss_nis-2.15.so
7fbf4acc4000-7fbf4acc5000 r--p 0000a000 08:01 426158                     /lib/x86_64-linux-gnu/libnss_nis-2.15.so
7fbf4acc5000-7fbf4acc6000 rw-p 0000b000 08:01 426158                     /lib/x86_64-linux-gnu/libnss_nis-2.15.so
7fbf4acc6000-7fbf4acdd000 r-xp 00000000 08:01 426160                     /lib/x86_64-linux-gnu/libnsl-2.15.so
7fbf4acdd000-7fbf4aedc000 ---p 00017000 08:01 426160                     /lib/x86_64-linux-gnu/libnsl-2.15.so
7fbf4aedc000-7fbf4aedd000 r--p 00016000 08:01 426160                     /lib/x86_64-linux-gnu/libnsl-2.15.so
7fbf4aedd000-7fbf4aede000 rw-p 00017000 08:01 426160                     /lib/x86_64-linux-gnu/libnsl-2.15.so
7fbf4aede000-7fbf4aee0000 rw-p 00000000 00:00 0 
7fbf4aee0000-7fbf4aee8000 r-xp 00000000 08:01 426161                     /lib/x86_64-linux-gnu/libnss_compat-2.15.so
7fbf4aee8000-7fbf4b0e7000 ---p 00008000 08:01 426161                     /lib/x86_64-linux-gnu/libnss_compat-2.15.so
7fbf4b0e7000-7fbf4b0e8000 r--p 00007000 08:01 426161                     /lib/x86_64-linux-gnu/libnss_compat-2.15.so
7fbf4b0e8000-7fbf4b0e9000 rw-p 00008000 08:01 426161                     /lib/x86_64-linux-gnu/libnss_compat-2.15.so
7fbf4b0e9000-7fbf4b112000 r-xp 00000000 08:01 26211                      /usr/lib/jvm/java-7-openjdk-amd64/jre/lib/amd64/libjava.so
7fbf4b112000-7fbf4b311000 ---p 00029000 08:01 26211                      /usr/lib/jvm/java-7-openjdk-amd64/jre/lib/amd64/libjava.so
7fbf4b311000-7fbf4b312000 r--p 00028000 08:01 26211                      /usr/lib/jvm/java-7-openjdk-amd64/jre/lib/amd64/libjava.so
7fbf4b312000-7fbf4b314000 rw-p 00029000 08:01 26211                      /usr/lib/jvm/java-7-openjdk-amd64/jre/lib/amd64/libjava.so
7fbf4b314000-7fbf4b322000 r-xp 00000000 08:01 26210                      /usr/lib/jvm/java-7-openjdk-amd64/jre/lib/amd64/libverify.so
7fbf4b322000-7fbf4b521000 ---p 0000e000 08:01 26210                      /usr/lib/jvm/java-7-openjdk-amd64/jre/lib/amd64/libverify.so
7fbf4b521000-7fbf4b523000 r--p 0000d000 08:01 26210                      /usr/lib/jvm/java-7-openjdk-amd64/jre/lib/amd64/libverify.so
7fbf4b523000-7fbf4b524000 rw-p 0000f000 08:01 26210                      /usr/lib/jvm/java-7-openjdk-amd64/jre/lib/amd64/libverify.so
7fbf4b524000-7fbf4b52b000 r-xp 00000000 08:01 426155                     /lib/x86_64-linux-gnu/librt-2.15.so
7fbf4b52b000-7fbf4b72a000 ---p 00007000 08:01 426155                     /lib/x86_64-linux-gnu/librt-2.15.so
7fbf4b72a000-7fbf4b72b000 r--p 00006000 08:01 426155                     /lib/x86_64-linux-gnu/librt-2.15.so
7fbf4b72b000-7fbf4b72c000 rw-p 00007000 08:01 426155                     /lib/x86_64-linux-gnu/librt-2.15.so
7fbf4b72c000-7fbf4b741000 r-xp 00000000 08:01 398467                     /lib/x86_64-linux-gnu/libgcc_s.so.1
7fbf4b741000-7fbf4b940000 ---p 00015000 08:01 398467                     /lib/x86_64-linux-gnu/libgcc_s.so.1
7fbf4b940000-7fbf4b941000 r--p 00014000 08:01 398467                     /lib/x86_64-linux-gnu/libgcc_s.so.1
7fbf4b941000-7fbf4b942000 rw-p 00015000 08:01 398467                     /lib/x86_64-linux-gnu/libgcc_s.so.1
7fbf4b942000-7fbf4ba3d000 r-xp 00000000 08:01 426162                     /lib/x86_64-linux-gnu/libm-2.15.so
7fbf4ba3d000-7fbf4bc3c000 ---p 000fb000 08:01 426162                     /lib/x86_64-linux-gnu/libm-2.15.so
7fbf4bc3c000-7fbf4bc3d000 r--p 000fa000 08:01 426162                     /lib/x86_64-linux-gnu/libm-2.15.so
7fbf4bc3d000-7fbf4bc3e000 rw-p 000fb000 08:01 426162                     /lib/x86_64-linux-gnu/libm-2.15.so
7fbf4bc3e000-7fbf4bd20000 r-xp 00000000 08:01 12130                      /usr/lib/x86_64-linux-gnu/libstdc++.so.6.0.16
7fbf4bd20000-7fbf4bf1f000 ---p 000e2000 08:01 12130                      /usr/lib/x86_64-linux-gnu/libstdc++.so.6.0.16
7fbf4bf1f000-7fbf4bf27000 r--p 000e1000 08:01 12130                      /usr/lib/x86_64-linux-gnu/libstdc++.so.6.0.16
7fbf4bf27000-7fbf4bf29000 rw-p 000e9000 08:01 12130                      /usr/lib/x86_64-linux-gnu/libstdc++.so.6.0.16
7fbf4bf29000-7fbf4bf3e000 rw-p 00000000 00:00 0 
7fbf4bf3e000-7fbf4ca2b000 r-xp 00000000 08:01 26216                      /usr/lib/jvm/java-7-openjdk-amd64/jre/lib/amd64/server/libjvm.so
7fbf4ca2b000-7fbf4cc2b000 ---p 00aed000 08:01 26216                      /usr/lib/jvm/java-7-openjdk-amd64/jre/lib/amd64/server/libjvm.so
7fbf4cc2b000-7fbf4cccc000 r--p 00aed000 08:01 26216                      /usr/lib/jvm/java-7-openjdk-amd64/jre/lib/amd64/server/libjvm.so
7fbf4cccc000-7fbf4ccef000 rw-p 00b8e000 08:01 26216                      /usr/lib/jvm/java-7-openjdk-amd64/jre/lib/amd64/server/libjvm.so
7fbf4ccef000-7fbf4cd1c000 rw-p 00000000 00:00 0 
7fbf4cd1c000-7fbf4cd32000 r-xp 00000000 08:01 398557                     /lib/x86_64-linux-gnu/libz.so.1.2.3.4
7fbf4cd32000-7fbf4cf31000 ---p 00016000 08:01 398557                     /lib/x86_64-linux-gnu/libz.so.1.2.3.4
7fbf4cf31000-7fbf4cf32000 r--p 00015000 08:01 398557                     /lib/x86_64-linux-gnu/libz.so.1.2.3.4
7fbf4cf32000-7fbf4cf33000 rw-p 00016000 08:01 398557                     /lib/x86_64-linux-gnu/libz.so.1.2.3.4
7fbf4cf33000-7fbf4cf4b000 r-xp 00000000 08:01 426145                     /lib/x86_64-linux-gnu/libpthread-2.15.so
7fbf4cf4b000-7fbf4d14a000 ---p 00018000 08:01 426145                     /lib/x86_64-linux-gnu/libpthread-2.15.so
7fbf4d14a000-7fbf4d14b000 r--p 00017000 08:01 426145                     /lib/x86_64-linux-gnu/libpthread-2.15.so
7fbf4d14b000-7fbf4d14c000 rw-p 00018000 08:01 426145                     /lib/x86_64-linux-gnu/libpthread-2.15.so
7fbf4d14c000-7fbf4d150000 rw-p 00000000 00:00 0 
7fbf4d150000-7fbf4d152000 r-xp 00000000 08:01 426153                     /lib/x86_64-linux-gnu/libdl-2.15.so
7fbf4d152000-7fbf4d352000 ---p 00002000 08:01 426153                     /lib/x86_64-linux-gnu/libdl-2.15.so
7fbf4d352000-7fbf4d353000 r--p 00002000 08:01 426153                     /lib/x86_64-linux-gnu/libdl-2.15.so
7fbf4d353000-7fbf4d354000 rw-p 00003000 08:01 426153                     /lib/x86_64-linux-gnu/libdl-2.15.so
7fbf4d354000-7fbf4d509000 r-xp 00000000 08:01 426156                     /lib/x86_64-linux-gnu/libc-2.15.so
7fbf4d509000-7fbf4d709000 ---p 001b5000 08:01 426156                     /lib/x86_64-linux-gnu/libc-2.15.so
7fbf4d709000-7fbf4d70d000 r--p 001b5000 08:01 426156                     /lib/x86_64-linux-gnu/libc-2.15.so
7fbf4d70d000-7fbf4d70f000 rw-p 001b9000 08:01 426156                     /lib/x86_64-linux-gnu/libc-2.15.so
7fbf4d70f000-7fbf4d714000 rw-p 00000000 00:00 0 
7fbf4d714000-7fbf4d71d000 r--s 000b9000 08:01 26167                      /usr/lib/jvm/java-7-openjdk-amd64/jre/lib/resources.jar
7fbf4d71d000-7fbf4d724000 r--s 00000000 08:01 171722                     /usr/lib/x86_64-linux-gnu/gconv/gconv-modules.cache
7fbf4d724000-7fbf4d731000 r-xp 00000000 08:01 26193                      /usr/lib/jvm/java-7-openjdk-amd64/jre/lib/amd64/jli/libjli.so
7fbf4d731000-7fbf4d930000 ---p 0000d000 08:01 26193                      /usr/lib/jvm/java-7-openjdk-amd64/jre/lib/amd64/jli/libjli.so
7fbf4d930000-7fbf4d931000 r--p 0000c000 08:01 26193                      /usr/lib/jvm/java-7-openjdk-amd64/jre/lib/amd64/jli/libjli.so
7fbf4d931000-7fbf4d932000 rw-p 0000d000 08:01 26193                      /usr/lib/jvm/java-7-openjdk-amd64/jre/lib/amd64/jli/libjli.so
7fbf4d932000-7fbf4d954000 r-xp 00000000 08:01 426147                     /lib/x86_64-linux-gnu/ld-2.15.so
7fbf4d958000-7fbf4d96d000 r--p 00000000 08:01 291911                     /usr/share/locale-langpack/zh_CN/LC_MESSAGES/libc.mo
7fbf4d96d000-7fbf4d977000 r--s 00203000 08:01 26187                      /usr/lib/jvm/java-7-openjdk-amd64/jre/lib/charsets.jar
7fbf4d977000-7fbf4d979000 r--s 0012a000 08:01 446419                     /home/wangtao/workspace/wt-mail-client/dest/mail-client.jar
7fbf4d979000-7fbf4d97c000 r--s 0000f000 08:01 26169                      /usr/lib/jvm/java-7-openjdk-amd64/jre/lib/ext/icedtea-sound.jar
7fbf4d97c000-7fbf4d97d000 r--s 00002000 08:01 26173                      /usr/lib/jvm/java-7-openjdk-amd64/jre/lib/ext/dnsns.jar
7fbf4d97d000-7fbf4d981000 r--s 00085000 08:01 26174                      /usr/lib/jvm/java-7-openjdk-amd64/jre/lib/ext/localedata.jar
7fbf4d981000-7fbf4d982000 r--s 00007000 08:01 133041                     /usr/share/java/java-atk-wrapper.jar
7fbf4d982000-7fbf4d98c000 rw-p 00000000 00:00 0 
7fbf4d98c000-7fbf4da42000 rw-p 00000000 00:00 0 
7fbf4da42000-7fbf4da4a000 rw-s 00000000 08:01 27531                      /tmp/hsperfdata_root/3061
7fbf4da4a000-7fbf4da4b000 rw-p 00000000 00:00 0 
7fbf4da4b000-7fbf4da4c000 r--p 00000000 00:00 0 
7fbf4da4c000-7fbf4da4f000 ---p 00000000 00:00 0 
7fbf4da4f000-7fbf4db54000 rw-p 00000000 00:00 0                          [stack:3062]
7fbf4db54000-7fbf4db55000 r--p 00022000 08:01 426147                     /lib/x86_64-linux-gnu/ld-2.15.so
7fbf4db55000-7fbf4db57000 rw-p 00023000 08:01 426147                     /lib/x86_64-linux-gnu/ld-2.15.so
7fff7590f000-7fff75930000 rw-p 00000000 00:00 0                          [stack]
7fff759ff000-7fff75a00000 r-xp 00000000 00:00 0                          [vdso]
ffffffffff600000-ffffffffff601000 r-xp 00000000 00:00 0                  [vsyscall]

VM Arguments:
java_command: mail-client.jar
Launcher Type: SUN_STANDARD

Environment Variables:
JAVA_HOME=/usr/lib/jvm/java-7-openjdk-amd64
CLASSPATH=.:/usr/lib/jvm/java-7-openjdk-amd64/lib/dt.jar:/usr/lib/jvm/java-7-openjdk-amd64/lib/tools.jar
PATH=/usr/local/sbin:/usr/local/bin:/usr/sbin:/usr/bin:/sbin:/bin:/usr/games:/usr/lib/jvm/java-7-openjdk-amd64/bin:/opt/apache-ant-1.9.4/bin
USERNAME=root
SHELL=/bin/bash
DISPLAY=:0.0

Signal Handlers:
SIGSEGV: [libjvm.so+0x925610], sa_mask[0]=0x7ffbfeff, sa_flags=0x10000004
SIGBUS: [libjvm.so+0x925610], sa_mask[0]=0x7ffbfeff, sa_flags=0x10000004
SIGFPE: [libjvm.so+0x7a5640], sa_mask[0]=0x7ffbfeff, sa_flags=0x10000004
SIGPIPE: [libjvm.so+0x7a5640], sa_mask[0]=0x7ffbfeff, sa_flags=0x10000004
SIGXFSZ: [libjvm.so+0x7a5640], sa_mask[0]=0x7ffbfeff, sa_flags=0x10000004
SIGILL: [libjvm.so+0x7a5640], sa_mask[0]=0x7ffbfeff, sa_flags=0x10000004
SIGUSR1: SIG_DFL, sa_mask[0]=0x00000000, sa_flags=0x00000000
SIGUSR2: [libjvm.so+0x7a5860], sa_mask[0]=0x00000000, sa_flags=0x10000004
SIGHUP: [libjvm.so+0x7a59d0], sa_mask[0]=0x7ffbfeff, sa_flags=0x10000004
SIGINT: [libjvm.so+0x7a59d0], sa_mask[0]=0x7ffbfeff, sa_flags=0x10000004
SIGTERM: [libjvm.so+0x7a59d0], sa_mask[0]=0x7ffbfeff, sa_flags=0x10000004
SIGQUIT: [libjvm.so+0x7a59d0], sa_mask[0]=0x7ffbfeff, sa_flags=0x10000004
SIGTRAP: SIG_DFL, sa_mask[0]=0x00000000, sa_flags=0x00000000


---------------  S Y S T E M  ---------------

OS:Ubuntu 12.04 (precise)
uname:Linux 3.5.0-54-generic #81~precise1-Ubuntu SMP Tue Jul 15 04:02:22 UTC 2014 x86_64
libc:glibc 2.15 NPTL 2.15 
rlimit: STACK 8192k, CORE 0k, NPROC 31491, NOFILE 4096, AS infinity
load average:0.46 0.38 0.29

/proc/meminfo:
MemTotal:        4049592 kB
MemFree:         2793260 kB
Buffers:           58764 kB
Cached:           633772 kB
SwapCached:            0 kB
Active:           724180 kB
Inactive:         419768 kB
Active(anon):     451992 kB
Inactive(anon):     5296 kB
Active(file):     272188 kB
Inactive(file):   414472 kB
Unevictable:          24 kB
Mlocked:              24 kB
SwapTotal:       2095100 kB
SwapFree:        2095100 kB
Dirty:               856 kB
Writeback:             0 kB
AnonPages:        451392 kB
Mapped:           131728 kB
Shmem:              5928 kB
Slab:              47140 kB
SReclaimable:      28324 kB
SUnreclaim:        18816 kB
KernelStack:        2624 kB
PageTables:        19060 kB
NFS_Unstable:          0 kB
Bounce:                0 kB
WritebackTmp:          0 kB
CommitLimit:     4119896 kB
Committed_AS:    2170776 kB
VmallocTotal:   34359738367 kB
VmallocUsed:       64100 kB
VmallocChunk:   34359673659 kB
HardwareCorrupted:     0 kB
AnonHugePages:         0 kB
HugePages_Total:       0
HugePages_Free:        0
HugePages_Rsvd:        0
HugePages_Surp:        0
Hugepagesize:       2048 kB
DirectMap4k:       47040 kB
DirectMap2M:     4147200 kB


CPU:total 1 (1 cores per cpu, 1 threads per core) family 6 model 60 stepping 3, cmov, cx8, fxsr, mmx, sse, sse2, sse3, ssse3, tsc

/proc/cpuinfo:
processor	: 0
vendor_id	: GenuineIntel
cpu family	: 6
model		: 60
model name	: Intel(R) Core(TM) i7-4712MQ CPU @ 2.30GHz
stepping	: 3
microcode	: 0x19
cpu MHz		: 2168.059
cache size	: 6144 KB
fpu		: yes
fpu_exception	: yes
cpuid level	: 5
wp		: yes
flags		: fpu vme de pse tsc msr pae mce cx8 apic sep mtrr pge mca cmov pat pse36 clflush mmx fxsr sse sse2 syscall nx rdtscp lm constant_tsc up rep_good nopl pni monitor ssse3 lahf_lm
bogomips	: 4336.11
clflush size	: 64
cache_alignment	: 64
address sizes	: 39 bits physical, 48 bits virtual
power management:



Memory: 4k page, physical 4049592k(2793260k free), swap 2095100k(2095100k free)

vm_info: OpenJDK 64-Bit Server VM (24.65-b04) for linux-amd64 JRE (1.7.0_65-b32), built on Oct 22 2014 05:01:55 by "buildd" with gcc 4.6.3

time: Sun Jan  4 00:28:31 2015
elapsed time: 615 seconds

