5 [main] INFO com.wt.smtp.SMTPClient - Create a smtp client
6 [main] DEBUG com.wt.smtp.SMTPClient - server: localhost	port: 465
6 [main] INFO com.wt.smtp.SMTPClient - Connecting localhost ...
46 [main] DEBUG com.wt.smtp.SMTPClient - 220 localhost
50 [main] INFO com.wt.smtp.SMTPClient - Connected localhost successfully
51 [main] DEBUG com.wt.smtp.SMTPClient - Send 'HELO localhost' to the server successfully
58 [main] DEBUG com.wt.smtp.SMTPClient - 220 ok
59 [main] ERROR com.wt.smtp.SMTPClient - java.lang.Exception: register the server fail
59 [main] INFO com.wt.smtp.SMTPClient - Fail to send the message from wangtaoking1@localhost to abc@localhost
4 [main] INFO com.wt.smtp.SMTPClient - Create a smtp client
6 [main] DEBUG com.wt.smtp.SMTPClient - server: localhost	port: 465
6 [main] INFO com.wt.smtp.SMTPClient - Connecting localhost ...
50 [main] DEBUG com.wt.smtp.SMTPClient - 220 localhost
54 [main] INFO com.wt.smtp.SMTPClient - Connected localhost successfully
55 [main] DEBUG com.wt.smtp.SMTPClient - Send 'HELO localhost' to the server successfully
70 [main] DEBUG com.wt.smtp.SMTPClient - 250 ok
71 [main] INFO com.wt.smtp.SMTPClient - register the server successfully
71 [main] DEBUG com.wt.smtp.SMTPClient - Send 'AUTH LOGIN' to the server successfully
95 [main] DEBUG com.wt.smtp.SMTPClient - 334 dXNlcm5hbWU=
135 [main] DEBUG com.wt.smtp.SMTPClient - Send 'd2FuZ3Rhb2tpbmcx' to the server successfully
135 [main] DEBUG com.wt.smtp.SMTPClient - 334 [B@2f04995e
136 [main] DEBUG com.wt.smtp.SMTPClient - Send 'YXNkZmE=' to the server successfully
137 [main] DEBUG com.wt.smtp.SMTPClient - 235 OK, go ahead
137 [main] INFO com.wt.smtp.SMTPClient - login successfully
138 [main] DEBUG com.wt.smtp.SMTPClient - Send 'MAIL From:<wangtaoking1@localhost>' to the server successfully
139 [main] DEBUG com.wt.smtp.SMTPClient - 553 You are not authorized to send mail, authentication is required
139 [main] ERROR com.wt.smtp.SMTPClient - java.lang.Exception: set envelop fail
139 [main] INFO com.wt.smtp.SMTPClient - Fail to send the message from wangtaoking1@localhost to abc@localhost
6 [main] INFO com.wt.smtp.SMTPClient - Create a smtp client
8 [main] DEBUG com.wt.smtp.SMTPClient - server: localhost	port: 465
8 [main] INFO com.wt.smtp.SMTPClient - Connecting localhost ...
45 [main] DEBUG com.wt.smtp.SMTPClient - 220 localhost
46 [main] INFO com.wt.smtp.SMTPClient - Connected localhost successfully
49 [main] DEBUG com.wt.smtp.SMTPClient - Send 'HELO localhost' to the server successfully
57 [main] DEBUG com.wt.smtp.SMTPClient - 250 ok
58 [main] INFO com.wt.smtp.SMTPClient - say helo to the server successfully
58 [main] DEBUG com.wt.smtp.SMTPClient - Send 'AUTH LOGIN' to the server successfully
91 [main] DEBUG com.wt.smtp.SMTPClient - 334 dXNlcm5hbWU=
130 [main] DEBUG com.wt.smtp.SMTPClient - Send 'eHl6' to the server successfully
130 [main] DEBUG com.wt.smtp.SMTPClient - 334 [B@2f04995e
132 [main] DEBUG com.wt.smtp.SMTPClient - Send 'YXNkZmE=' to the server successfully
132 [main] DEBUG com.wt.smtp.SMTPClient - 235 OK, go ahead
133 [main] INFO com.wt.smtp.SMTPClient - login successfully
141 [main] DEBUG com.wt.smtp.SMTPClient - Send 'MAIL From:<xyz@localhost>' to the server successfully
141 [main] DEBUG com.wt.smtp.SMTPClient - 553 You are not authorized to send mail, authentication is required
142 [main] ERROR com.wt.smtp.SMTPClient - java.lang.Exception: set envelop fail
142 [main] INFO com.wt.smtp.SMTPClient - Fail to send the message from xyz@localhost to abc@localhost
5 [main] INFO com.wt.smtp.SMTPClient - Create a smtp client
6 [main] DEBUG com.wt.smtp.SMTPClient - server: localhost	port: 465
7 [main] INFO com.wt.smtp.SMTPClient - Connecting localhost ...
44 [main] DEBUG com.wt.smtp.SMTPClient - 220 localhost
45 [main] INFO com.wt.smtp.SMTPClient - Connected localhost successfully
46 [main] DEBUG com.wt.smtp.SMTPClient - Send 'HELO localhost' to the server successfully
59 [main] DEBUG com.wt.smtp.SMTPClient - 250 ok
60 [main] INFO com.wt.smtp.SMTPClient - say helo to the server successfully
60 [main] DEBUG com.wt.smtp.SMTPClient - Send 'AUTH LOGIN' to the server successfully
85 [main] DEBUG com.wt.smtp.SMTPClient - 334 dXNlcm5hbWU=
115 [main] DEBUG com.wt.smtp.SMTPClient - Send 'eHl6' to the server successfully
115 [main] DEBUG com.wt.smtp.SMTPClient - 334 [B@56f1026f
118 [main] DEBUG com.wt.smtp.SMTPClient - Send 'YXNkZmE=' to the server successfully
122 [main] DEBUG com.wt.smtp.SMTPClient - 235 OK, go ahead
123 [main] INFO com.wt.smtp.SMTPClient - login successfully
126 [main] DEBUG com.wt.smtp.SMTPClient - Send 'MAIL From:<xyz@localhost>' to the server successfully
126 [main] DEBUG com.wt.smtp.SMTPClient - 220 ok
127 [main] ERROR com.wt.smtp.SMTPClient - java.lang.Exception: set envelop fail
129 [main] INFO com.wt.smtp.SMTPClient - Fail to send the message from xyz@localhost to abc@localhost
6 [main] INFO com.wt.smtp.SMTPClient - Create a smtp client
9 [main] DEBUG com.wt.smtp.SMTPClient - server: localhost	port: 465
10 [main] INFO com.wt.smtp.SMTPClient - Connecting localhost ...
47 [main] DEBUG com.wt.smtp.SMTPClient - 220 localhost
48 [main] INFO com.wt.smtp.SMTPClient - Connected localhost successfully
48 [main] DEBUG com.wt.smtp.SMTPClient - Send 'HELO localhost' to the server successfully
61 [main] DEBUG com.wt.smtp.SMTPClient - 250 ok
61 [main] INFO com.wt.smtp.SMTPClient - say helo to the server successfully
62 [main] DEBUG com.wt.smtp.SMTPClient - Send 'AUTH LOGIN' to the server successfully
104 [main] DEBUG com.wt.smtp.SMTPClient - 334 dXNlcm5hbWU=
126 [main] DEBUG com.wt.smtp.SMTPClient - Send 'eHl6' to the server successfully
126 [main] DEBUG com.wt.smtp.SMTPClient - 334 [B@56f1026f
127 [main] DEBUG com.wt.smtp.SMTPClient - Send 'YXNkZmE=' to the server successfully
128 [main] DEBUG com.wt.smtp.SMTPClient - 235 OK, go ahead
128 [main] INFO com.wt.smtp.SMTPClient - login successfully
131 [main] DEBUG com.wt.smtp.SMTPClient - Send 'MAIL From:<xyz@localhost>' to the server successfully
137 [main] DEBUG com.wt.smtp.SMTPClient - 250 Mail OK
146 [main] DEBUG com.wt.smtp.SMTPClient - Send 'RCPT To:<abc@localhost>' to the server successfully
147 [main] DEBUG com.wt.smtp.SMTPClient - 501 Invalid argument
147 [main] ERROR com.wt.smtp.SMTPClient - java.lang.Exception: set envelop fail
152 [main] INFO com.wt.smtp.SMTPClient - Fail to send the message from xyz@localhost to abc@localhost
4 [main] INFO com.wt.smtp.SMTPClient - Create a smtp client
6 [main] DEBUG com.wt.smtp.SMTPClient - server: localhost	port: 465
6 [main] INFO com.wt.smtp.SMTPClient - Connecting localhost ...
41 [main] DEBUG com.wt.smtp.SMTPClient - 220 localhost
44 [main] INFO com.wt.smtp.SMTPClient - Connected localhost successfully
47 [main] DEBUG com.wt.smtp.SMTPClient - Send 'HELO localhost' to the server successfully
59 [main] DEBUG com.wt.smtp.SMTPClient - 250 ok
60 [main] INFO com.wt.smtp.SMTPClient - say helo to the server successfully
60 [main] DEBUG com.wt.smtp.SMTPClient - Send 'AUTH LOGIN' to the server successfully
91 [main] DEBUG com.wt.smtp.SMTPClient - 334 dXNlcm5hbWU=
124 [main] DEBUG com.wt.smtp.SMTPClient - Send 'eHl6' to the server successfully
124 [main] DEBUG com.wt.smtp.SMTPClient - 334 [B@56f1026f
125 [main] DEBUG com.wt.smtp.SMTPClient - Send 'YXNkZmE=' to the server successfully
126 [main] DEBUG com.wt.smtp.SMTPClient - 235 OK, go ahead
126 [main] INFO com.wt.smtp.SMTPClient - login successfully
128 [main] DEBUG com.wt.smtp.SMTPClient - Send 'MAIL From:<xyz@localhost>' to the server successfully
128 [main] DEBUG com.wt.smtp.SMTPClient - 250 Mail OK
129 [main] DEBUG com.wt.smtp.SMTPClient - Send 'RCPT To:<abc@localhost>' to the server successfully
130 [main] DEBUG com.wt.smtp.SMTPClient - 501 Invalid argument
130 [main] ERROR com.wt.smtp.SMTPClient - java.lang.Exception: set envelop fail
131 [main] INFO com.wt.smtp.SMTPClient - Fail to send the message from xyz@localhost to abc@localhost
6 [main] INFO com.wt.smtp.SMTPClient - Create a smtp client
7 [main] DEBUG com.wt.smtp.SMTPClient - server: localhost	port: 465
7 [main] INFO com.wt.smtp.SMTPClient - Connecting localhost ...
42 [main] DEBUG com.wt.smtp.SMTPClient - 220 localhost
45 [main] INFO com.wt.smtp.SMTPClient - Connected localhost successfully
45 [main] DEBUG com.wt.smtp.SMTPClient - Send 'HELO localhost' to the server successfully
57 [main] DEBUG com.wt.smtp.SMTPClient - 250 ok
58 [main] INFO com.wt.smtp.SMTPClient - say helo to the server successfully
58 [main] DEBUG com.wt.smtp.SMTPClient - Send 'AUTH LOGIN' to the server successfully
96 [main] DEBUG com.wt.smtp.SMTPClient - 334 dXNlcm5hbWU=
127 [main] DEBUG com.wt.smtp.SMTPClient - Send 'eHl6' to the server successfully
128 [main] DEBUG com.wt.smtp.SMTPClient - 334 [B@56f1026f
129 [main] DEBUG com.wt.smtp.SMTPClient - Send 'YXNkZmE=' to the server successfully
129 [main] DEBUG com.wt.smtp.SMTPClient - 235 OK, go ahead
129 [main] INFO com.wt.smtp.SMTPClient - login successfully
131 [main] DEBUG com.wt.smtp.SMTPClient - Send 'MAIL From:<xyz@localhost>' to the server successfully
137 [main] DEBUG com.wt.smtp.SMTPClient - 250 Mail OK
138 [main] DEBUG com.wt.smtp.SMTPClient - Send 'RCPT To:<abc@localhost>' to the server successfully
139 [main] DEBUG com.wt.smtp.SMTPClient - 501 Invalid argument
139 [main] ERROR com.wt.smtp.SMTPClient - java.lang.Exception: set envelop fail
145 [main] INFO com.wt.smtp.SMTPClient - Fail to send the message from xyz@localhost to abc@localhost
5 [main] INFO com.wt.smtp.SMTPClient - Create a smtp client
6 [main] DEBUG com.wt.smtp.SMTPClient - server: localhost	port: 465
6 [main] INFO com.wt.smtp.SMTPClient - Connecting localhost ...
31 [main] DEBUG com.wt.smtp.SMTPClient - 220 localhost
39 [main] INFO com.wt.smtp.SMTPClient - Connected localhost successfully
39 [main] DEBUG com.wt.smtp.SMTPClient - Send 'HELO localhost' to the server successfully
56 [main] DEBUG com.wt.smtp.SMTPClient - 250 ok
56 [main] INFO com.wt.smtp.SMTPClient - say helo to the server successfully
57 [main] DEBUG com.wt.smtp.SMTPClient - Send 'AUTH LOGIN' to the server successfully
86 [main] DEBUG com.wt.smtp.SMTPClient - 334 dXNlcm5hbWU=
126 [main] DEBUG com.wt.smtp.SMTPClient - Send 'eHl6' to the server successfully
127 [main] DEBUG com.wt.smtp.SMTPClient - 334 [B@56f1026f
131 [main] DEBUG com.wt.smtp.SMTPClient - Send 'YXNkZmE=' to the server successfully
138 [main] DEBUG com.wt.smtp.SMTPClient - 235 OK, go ahead
139 [main] INFO com.wt.smtp.SMTPClient - login successfully
141 [main] DEBUG com.wt.smtp.SMTPClient - Send 'MAIL From:<xyz@localhost>' to the server successfully
141 [main] DEBUG com.wt.smtp.SMTPClient - 250 Mail OK
152 [main] DEBUG com.wt.smtp.SMTPClient - Send 'RCPT To:<abc@localhost>' to the server successfully
153 [main] DEBUG com.wt.smtp.SMTPClient - 501 Invalid argument
153 [main] ERROR com.wt.smtp.SMTPClient - java.lang.Exception: set envelop fail
153 [main] INFO com.wt.smtp.SMTPClient - Fail to send the message from xyz@localhost to abc@localhost
7 [main] INFO com.wt.smtp.SMTPClient - Create a smtp client
10 [main] DEBUG com.wt.smtp.SMTPClient - server: localhost	port: 465
10 [main] INFO com.wt.smtp.SMTPClient - Connecting localhost ...
48 [main] DEBUG com.wt.smtp.SMTPClient - 220 localhost
48 [main] INFO com.wt.smtp.SMTPClient - Connected localhost successfully
53 [main] DEBUG com.wt.smtp.SMTPClient - Send 'HELO localhost' to the server successfully
59 [main] DEBUG com.wt.smtp.SMTPClient - 250 ok
59 [main] INFO com.wt.smtp.SMTPClient - say helo to the server successfully
59 [main] DEBUG com.wt.smtp.SMTPClient - Send 'AUTH LOGIN' to the server successfully
89 [main] DEBUG com.wt.smtp.SMTPClient - 334 dXNlcm5hbWU=
128 [main] DEBUG com.wt.smtp.SMTPClient - Send 'eHl6' to the server successfully
128 [main] DEBUG com.wt.smtp.SMTPClient - 334 [B@56f1026f
129 [main] DEBUG com.wt.smtp.SMTPClient - Send 'YXNkZmE=' to the server successfully
130 [main] DEBUG com.wt.smtp.SMTPClient - 235 OK, go ahead
130 [main] INFO com.wt.smtp.SMTPClient - login successfully
131 [main] DEBUG com.wt.smtp.SMTPClient - Send 'MAIL From:<xyz@localhost>' to the server successfully
132 [main] DEBUG com.wt.smtp.SMTPClient - 250 Mail OK
140 [main] DEBUG com.wt.smtp.SMTPClient - Send 'RCPT To:<abc@localhost>' to the server successfully
140 [main] DEBUG com.wt.smtp.SMTPClient - 501 Invalid argument
142 [main] ERROR com.wt.smtp.SMTPClient - java.lang.Exception: set envelop fail
148 [main] INFO com.wt.smtp.SMTPClient - Fail to send the message from xyz@localhost to abc@localhost
7 [main] INFO com.wt.smtp.SMTPClient - Create a smtp client
9 [main] DEBUG com.wt.smtp.SMTPClient - server: localhost	port: 465
9 [main] INFO com.wt.smtp.SMTPClient - Connecting localhost ...
44 [main] DEBUG com.wt.smtp.SMTPClient - 220 localhost
45 [main] INFO com.wt.smtp.SMTPClient - Connected localhost successfully
46 [main] DEBUG com.wt.smtp.SMTPClient - Send 'HELO localhost' to the server successfully
54 [main] DEBUG com.wt.smtp.SMTPClient - 250 ok
54 [main] INFO com.wt.smtp.SMTPClient - say helo to the server successfully
54 [main] DEBUG com.wt.smtp.SMTPClient - Send 'AUTH LOGIN' to the server successfully
84 [main] DEBUG com.wt.smtp.SMTPClient - 334 dXNlcm5hbWU=
112 [main] DEBUG com.wt.smtp.SMTPClient - Send 'eHl6' to the server successfully
113 [main] DEBUG com.wt.smtp.SMTPClient - 334 [B@3ef827e3
119 [main] DEBUG com.wt.smtp.SMTPClient - Send 'YXNkZmE=' to the server successfully
119 [main] DEBUG com.wt.smtp.SMTPClient - 235 OK, go ahead
120 [main] INFO com.wt.smtp.SMTPClient - login successfully
121 [main] DEBUG com.wt.smtp.SMTPClient - Send 'MAIL From:<xyz@localhost>' to the server successfully
122 [main] DEBUG com.wt.smtp.SMTPClient - 250 Mail OK
124 [main] DEBUG com.wt.smtp.SMTPClient - Send 'RCPT To:<abc@localhost>' to the server successfully
124 [main] DEBUG com.wt.smtp.SMTPClient - 501 Invalid argument
124 [main] ERROR com.wt.smtp.SMTPClient - java.lang.Exception: set envelop fail
124 [main] INFO com.wt.smtp.SMTPClient - Fail to send the message from xyz@localhost to abc@localhost
8 [main] INFO com.wt.smtp.SMTPClient - Create a smtp client
10 [main] DEBUG com.wt.smtp.SMTPClient - server: localhost	port: 465
11 [main] INFO com.wt.smtp.SMTPClient - Connecting localhost ...
50 [main] DEBUG com.wt.smtp.SMTPClient - 220 localhost
50 [main] INFO com.wt.smtp.SMTPClient - Connected localhost successfully
50 [main] DEBUG com.wt.smtp.SMTPClient - Send 'HELO localhost' to the server successfully
61 [main] DEBUG com.wt.smtp.SMTPClient - 250 ok
62 [main] INFO com.wt.smtp.SMTPClient - say helo to the server successfully
62 [main] DEBUG com.wt.smtp.SMTPClient - Send 'AUTH LOGIN' to the server successfully
98 [main] DEBUG com.wt.smtp.SMTPClient - 334 dXNlcm5hbWU=
134 [main] DEBUG com.wt.smtp.SMTPClient - Send 'eHl6' to the server successfully
134 [main] DEBUG com.wt.smtp.SMTPClient - 334 [B@56f1026f
135 [main] DEBUG com.wt.smtp.SMTPClient - Send 'YXNkZmE=' to the server successfully
136 [main] DEBUG com.wt.smtp.SMTPClient - 235 OK, go ahead
143 [main] INFO com.wt.smtp.SMTPClient - login successfully
152 [main] DEBUG com.wt.smtp.SMTPClient - Send 'MAIL From:<xyz@localhost>' to the server successfully
152 [main] DEBUG com.wt.smtp.SMTPClient - 250 Mail OK
154 [main] DEBUG com.wt.smtp.SMTPClient - Send 'RCPT To:<abc@localhost>' to the server successfully
154 [main] DEBUG com.wt.smtp.SMTPClient - 501 Invalid argument
154 [main] ERROR com.wt.smtp.SMTPClient - java.lang.Exception: set envelop fail
154 [main] INFO com.wt.smtp.SMTPClient - Fail to send the message from xyz@localhost to abc@localhost
5 [main] INFO com.wt.smtp.SMTPClient - Create a smtp client
6 [main] DEBUG com.wt.smtp.SMTPClient - server: localhost	port: 465
7 [main] INFO com.wt.smtp.SMTPClient - Connecting localhost ...
32 [main] DEBUG com.wt.smtp.SMTPClient - 220 localhost
32 [main] INFO com.wt.smtp.SMTPClient - Connected localhost successfully
33 [main] DEBUG com.wt.smtp.SMTPClient - Send 'HELO localhost' to the server successfully
56 [main] DEBUG com.wt.smtp.SMTPClient - 250 ok
57 [main] INFO com.wt.smtp.SMTPClient - say helo to the server successfully
57 [main] DEBUG com.wt.smtp.SMTPClient - Send 'AUTH LOGIN' to the server successfully
85 [main] DEBUG com.wt.smtp.SMTPClient - 334 dXNlcm5hbWU=
105 [main] DEBUG com.wt.smtp.SMTPClient - Send 'eHl6' to the server successfully
106 [main] DEBUG com.wt.smtp.SMTPClient - 334 [B@56f1026f
114 [main] DEBUG com.wt.smtp.SMTPClient - Send 'YXNkZmE=' to the server successfully
115 [main] DEBUG com.wt.smtp.SMTPClient - 235 OK, go ahead
116 [main] INFO com.wt.smtp.SMTPClient - login successfully
117 [main] DEBUG com.wt.smtp.SMTPClient - Send 'MAIL From:<xyz@localhost>' to the server successfully
118 [main] DEBUG com.wt.smtp.SMTPClient - 250 Mail OK
120 [main] DEBUG com.wt.smtp.SMTPClient - Send 'RCPT To:<abc@localhost>' to the server successfully
120 [main] DEBUG com.wt.smtp.SMTPClient - 250 Rcpt OK
120 [main] INFO com.wt.smtp.SMTPClient - set envelop successfully
121 [main] DEBUG com.wt.smtp.SMTPClient - Send 'data' to the server successfully
121 [main] DEBUG com.wt.smtp.SMTPClient - 354 End data with <CR><LF>.<CR><LF>
122 [main] DEBUG com.wt.smtp.SMTPClient - Send 'hello world
.' to the server successfully
125 [main] DEBUG com.wt.smtp.SMTPClient - 250 ok
125 [main] INFO com.wt.smtp.SMTPClient - send the message successfully
125 [main] DEBUG com.wt.smtp.SMTPClient - Send 'QUIT' to the server successfully
126 [main] DEBUG com.wt.smtp.SMTPClient - 500 Invalid command
126 [main] ERROR com.wt.smtp.SMTPClient - java.lang.Exception: quit fail
126 [main] INFO com.wt.smtp.SMTPClient - Fail to send the message from xyz@localhost to abc@localhost
5 [main] INFO com.wt.smtp.SMTPClient - Create a smtp client
6 [main] DEBUG com.wt.smtp.SMTPClient - server: localhost	port: 465
6 [main] INFO com.wt.smtp.SMTPClient - Connecting localhost ...
41 [main] DEBUG com.wt.smtp.SMTPClient - 220 localhost
42 [main] INFO com.wt.smtp.SMTPClient - Connected localhost successfully
42 [main] DEBUG com.wt.smtp.SMTPClient - Send 'HELO localhost' to the server successfully
57 [main] DEBUG com.wt.smtp.SMTPClient - 250 ok
58 [main] INFO com.wt.smtp.SMTPClient - say helo to the server successfully
58 [main] DEBUG com.wt.smtp.SMTPClient - Send 'AUTH LOGIN' to the server successfully
92 [main] DEBUG com.wt.smtp.SMTPClient - 334 dXNlcm5hbWU=
129 [main] DEBUG com.wt.smtp.SMTPClient - Send 'eHl6' to the server successfully
129 [main] DEBUG com.wt.smtp.SMTPClient - 334 [B@56f1026f
131 [main] DEBUG com.wt.smtp.SMTPClient - Send 'YXNkZmE=' to the server successfully
131 [main] DEBUG com.wt.smtp.SMTPClient - 235 OK, go ahead
131 [main] INFO com.wt.smtp.SMTPClient - login successfully
133 [main] DEBUG com.wt.smtp.SMTPClient - Send 'MAIL From:<xyz@localhost>' to the server successfully
134 [main] DEBUG com.wt.smtp.SMTPClient - 250 Mail OK
134 [main] DEBUG com.wt.smtp.SMTPClient - Send 'RCPT To:<abc@localhost>' to the server successfully
135 [main] DEBUG com.wt.smtp.SMTPClient - 250 Rcpt OK
136 [main] INFO com.wt.smtp.SMTPClient - set envelop successfully
136 [main] DEBUG com.wt.smtp.SMTPClient - Send 'data' to the server successfully
137 [main] DEBUG com.wt.smtp.SMTPClient - 354 End data with <CR><LF>.<CR><LF>
137 [main] DEBUG com.wt.smtp.SMTPClient - Send 'hello world
.' to the server successfully
138 [main] DEBUG com.wt.smtp.SMTPClient - 250 ok
138 [main] INFO com.wt.smtp.SMTPClient - send the message successfully
139 [main] DEBUG com.wt.smtp.SMTPClient - Send 'QUIT' to the server successfully
143 [main] DEBUG com.wt.smtp.SMTPClient - 500 Invalid command
144 [main] ERROR com.wt.smtp.SMTPClient - java.lang.Exception: quit fail
144 [main] INFO com.wt.smtp.SMTPClient - Fail to send the message from xyz@localhost to abc@localhost
4 [main] INFO com.wt.smtp.SMTPClient - Create a smtp client
6 [main] DEBUG com.wt.smtp.SMTPClient - server: localhost	port: 465
6 [main] INFO com.wt.smtp.SMTPClient - Connecting localhost ...
42 [main] DEBUG com.wt.smtp.SMTPClient - 220 localhost
44 [main] INFO com.wt.smtp.SMTPClient - Connected localhost successfully
44 [main] DEBUG com.wt.smtp.SMTPClient - Send 'HELO localhost' to the server successfully
62 [main] DEBUG com.wt.smtp.SMTPClient - 250 ok
62 [main] INFO com.wt.smtp.SMTPClient - say helo to the server successfully
62 [main] DEBUG com.wt.smtp.SMTPClient - Send 'AUTH LOGIN' to the server successfully
96 [main] DEBUG com.wt.smtp.SMTPClient - 334 dXNlcm5hbWU=
130 [main] DEBUG com.wt.smtp.SMTPClient - Send 'eHl6' to the server successfully
131 [main] DEBUG com.wt.smtp.SMTPClient - 334 [B@68d6f200
132 [main] DEBUG com.wt.smtp.SMTPClient - Send 'YXNkZmE=' to the server successfully
132 [main] DEBUG com.wt.smtp.SMTPClient - 235 OK, go ahead
132 [main] INFO com.wt.smtp.SMTPClient - login successfully
142 [main] DEBUG com.wt.smtp.SMTPClient - Send 'MAIL From:<xyz@localhost>' to the server successfully
142 [main] DEBUG com.wt.smtp.SMTPClient - 250 Mail OK
143 [main] DEBUG com.wt.smtp.SMTPClient - Send 'RCPT To:<abc@localhost>' to the server successfully
143 [main] DEBUG com.wt.smtp.SMTPClient - 250 Rcpt OK
143 [main] INFO com.wt.smtp.SMTPClient - set envelop successfully
147 [main] DEBUG com.wt.smtp.SMTPClient - Send 'data' to the server successfully
147 [main] DEBUG com.wt.smtp.SMTPClient - 354 End data with <CR><LF>.<CR><LF>
147 [main] DEBUG com.wt.smtp.SMTPClient - Send 'hello world
.' to the server successfully
148 [main] DEBUG com.wt.smtp.SMTPClient - 250 ok
148 [main] INFO com.wt.smtp.SMTPClient - send the message successfully
149 [main] DEBUG com.wt.smtp.SMTPClient - Send 'QUIT' to the server successfully
149 [main] DEBUG com.wt.smtp.SMTPClient - 500 Invalid command
149 [main] ERROR com.wt.smtp.SMTPClient - java.lang.Exception: quit fail
160 [main] INFO com.wt.smtp.SMTPClient - Fail to send the message from xyz@localhost to abc@localhost
5 [main] INFO com.wt.smtp.SMTPClient - Create a smtp client
6 [main] DEBUG com.wt.smtp.SMTPClient - server: localhost	port: 465
6 [main] INFO com.wt.smtp.SMTPClient - Connecting localhost ...
44 [main] DEBUG com.wt.smtp.SMTPClient - 220 localhost
44 [main] INFO com.wt.smtp.SMTPClient - Connected localhost successfully
50 [main] DEBUG com.wt.smtp.SMTPClient - Send 'HELO localhost' to the server successfully
55 [main] DEBUG com.wt.smtp.SMTPClient - 250 ok
55 [main] INFO com.wt.smtp.SMTPClient - say helo to the server successfully
56 [main] DEBUG com.wt.smtp.SMTPClient - Send 'AUTH LOGIN' to the server successfully
95 [main] DEBUG com.wt.smtp.SMTPClient - 334 dXNlcm5hbWU=
131 [main] DEBUG com.wt.smtp.SMTPClient - Send 'eHl6' to the server successfully
131 [main] DEBUG com.wt.smtp.SMTPClient - 334 [B@2f04995e
133 [main] DEBUG com.wt.smtp.SMTPClient - Send 'YXNkZmE=' to the server successfully
133 [main] DEBUG com.wt.smtp.SMTPClient - 235 OK, go ahead
133 [main] INFO com.wt.smtp.SMTPClient - login successfully
135 [main] DEBUG com.wt.smtp.SMTPClient - Send 'MAIL From:<xyz@localhost>' to the server successfully
135 [main] DEBUG com.wt.smtp.SMTPClient - 250 Mail OK
136 [main] DEBUG com.wt.smtp.SMTPClient - Send 'RCPT To:<abc@localhost>' to the server successfully
136 [main] DEBUG com.wt.smtp.SMTPClient - 250 Rcpt OK
136 [main] INFO com.wt.smtp.SMTPClient - set envelop successfully
137 [main] DEBUG com.wt.smtp.SMTPClient - Send 'data' to the server successfully
137 [main] DEBUG com.wt.smtp.SMTPClient - 354 End data with <CR><LF>.<CR><LF>
137 [main] DEBUG com.wt.smtp.SMTPClient - Send 'hello world
.' to the server successfully
138 [main] DEBUG com.wt.smtp.SMTPClient - 250 ok
138 [main] INFO com.wt.smtp.SMTPClient - send the message successfully
139 [main] DEBUG com.wt.smtp.SMTPClient - Send 'QUIT' to the server successfully
139 [main] DEBUG com.wt.smtp.SMTPClient - 500 Invalid command
139 [main] ERROR com.wt.smtp.SMTPClient - java.lang.Exception: quit fail
6 [main] INFO com.wt.smtp.SMTPClient - Create a smtp client
7 [main] DEBUG com.wt.smtp.SMTPClient - server: localhost	port: 465
8 [main] INFO com.wt.smtp.SMTPClient - Connecting localhost ...
28 [main] DEBUG com.wt.smtp.SMTPClient - 220 localhost
28 [main] INFO com.wt.smtp.SMTPClient - Connected localhost successfully
29 [main] DEBUG com.wt.smtp.SMTPClient - Send 'HELO localhost' to the server successfully
29 [main] DEBUG com.wt.smtp.SMTPClient - 250 ok
29 [main] INFO com.wt.smtp.SMTPClient - say helo to the server successfully
30 [main] DEBUG com.wt.smtp.SMTPClient - Send 'AUTH LOGIN' to the server successfully
30 [main] DEBUG com.wt.smtp.SMTPClient - 334 dXNlcm5hbWU=
65 [main] DEBUG com.wt.smtp.SMTPClient - Send 'eHl6' to the server successfully
66 [main] DEBUG com.wt.smtp.SMTPClient - 334 [B@181a115d
66 [main] DEBUG com.wt.smtp.SMTPClient - Send 'YXNkZmE=' to the server successfully
66 [main] DEBUG com.wt.smtp.SMTPClient - 235 OK, go ahead
67 [main] INFO com.wt.smtp.SMTPClient - login successfully
67 [main] DEBUG com.wt.smtp.SMTPClient - Send 'MAIL From:<xyz@localhost>' to the server successfully
68 [main] DEBUG com.wt.smtp.SMTPClient - 250 Mail OK
68 [main] DEBUG com.wt.smtp.SMTPClient - Send 'RCPT To:<abc@localhost>' to the server successfully
68 [main] DEBUG com.wt.smtp.SMTPClient - 250 Rcpt OK
69 [main] INFO com.wt.smtp.SMTPClient - set envelop successfully
69 [main] DEBUG com.wt.smtp.SMTPClient - Send 'Data' to the server successfully
70 [main] DEBUG com.wt.smtp.SMTPClient - 500 Invalid command
70 [main] ERROR com.wt.smtp.SMTPClient - java.lang.Exception: send 'data' command fail
5 [main] INFO com.wt.smtp.SMTPClient - Create a smtp client
6 [main] DEBUG com.wt.smtp.SMTPClient - server: localhost	port: 465
6 [main] INFO com.wt.smtp.SMTPClient - Connecting localhost ...
41 [main] DEBUG com.wt.smtp.SMTPClient - 220 localhost
42 [main] INFO com.wt.smtp.SMTPClient - Connected localhost successfully
44 [main] DEBUG com.wt.smtp.SMTPClient - Send 'HELO localhost' to the server successfully
57 [main] DEBUG com.wt.smtp.SMTPClient - 250 ok
57 [main] INFO com.wt.smtp.SMTPClient - say helo to the server successfully
58 [main] DEBUG com.wt.smtp.SMTPClient - Send 'AUTH LOGIN' to the server successfully
95 [main] DEBUG com.wt.smtp.SMTPClient - 334 dXNlcm5hbWU=
129 [main] DEBUG com.wt.smtp.SMTPClient - Send 'eHl6' to the server successfully
129 [main] DEBUG com.wt.smtp.SMTPClient - 334 [B@68d6f200
130 [main] DEBUG com.wt.smtp.SMTPClient - Send 'YXNkZmE=' to the server successfully
131 [main] DEBUG com.wt.smtp.SMTPClient - 235 OK, go ahead
131 [main] INFO com.wt.smtp.SMTPClient - login successfully
133 [main] DEBUG com.wt.smtp.SMTPClient - Send 'MAIL From:<xyz@localhost>' to the server successfully
133 [main] DEBUG com.wt.smtp.SMTPClient - 250 Mail OK
141 [main] DEBUG com.wt.smtp.SMTPClient - Send 'RCPT To:<abc@localhost>' to the server successfully
141 [main] DEBUG com.wt.smtp.SMTPClient - 250 Rcpt OK
142 [main] INFO com.wt.smtp.SMTPClient - set envelop successfully
146 [main] DEBUG com.wt.smtp.SMTPClient - Send 'Data' to the server successfully
146 [main] DEBUG com.wt.smtp.SMTPClient - 354 End data with <CR><LF>.<CR><LF>
146 [main] DEBUG com.wt.smtp.SMTPClient - Send 'hello world
.' to the server successfully
147 [main] DEBUG com.wt.smtp.SMTPClient - 250 ok
147 [main] INFO com.wt.smtp.SMTPClient - send the message successfully
147 [main] DEBUG com.wt.smtp.SMTPClient - Send 'QUIT' to the server successfully
149 [main] DEBUG com.wt.smtp.SMTPClient - 221 Bye
153 [main] DEBUG com.wt.smtp.SMTPClient - 221
153 [main] INFO com.wt.smtp.SMTPClient - quit successfully
158 [main] INFO com.wt.smtp.SMTPClient - Send the message from xyz@localhost to abc@localhost successfully
5 [main] INFO com.wt.smtp.SMTPClient - Create a smtp client
7 [main] DEBUG com.wt.smtp.SMTPClient - server: localhost	port: 465
7 [main] INFO com.wt.smtp.SMTPClient - Connecting localhost ...
48 [main] DEBUG com.wt.smtp.SMTPClient - 220 localhost
48 [main] INFO com.wt.smtp.SMTPClient - Connected localhost successfully
49 [main] DEBUG com.wt.smtp.SMTPClient - Send 'HELO localhost' to the server successfully
58 [main] DEBUG com.wt.smtp.SMTPClient - 250 ok
59 [main] INFO com.wt.smtp.SMTPClient - say helo to the server successfully
59 [main] DEBUG com.wt.smtp.SMTPClient - Send 'AUTH LOGIN' to the server successfully
99 [main] DEBUG com.wt.smtp.SMTPClient - 334 dXNlcm5hbWU=
129 [main] DEBUG com.wt.smtp.SMTPClient - Send 'eHl6' to the server successfully
129 [main] DEBUG com.wt.smtp.SMTPClient - 334 [B@77aa13c5
130 [main] DEBUG com.wt.smtp.SMTPClient - Send 'YXNkZmE=' to the server successfully
131 [main] DEBUG com.wt.smtp.SMTPClient - 235 OK, go ahead
131 [main] INFO com.wt.smtp.SMTPClient - login successfully
133 [main] DEBUG com.wt.smtp.SMTPClient - Send 'MAIL From:<xyz@localhost>' to the server successfully
134 [main] DEBUG com.wt.smtp.SMTPClient - 250 Mail OK
135 [main] DEBUG com.wt.smtp.SMTPClient - Send 'RCPT To:<abc@localhost>' to the server successfully
142 [main] DEBUG com.wt.smtp.SMTPClient - 250 Rcpt OK
142 [main] INFO com.wt.smtp.SMTPClient - set envelop successfully
143 [main] DEBUG com.wt.smtp.SMTPClient - Send 'Data' to the server successfully
143 [main] DEBUG com.wt.smtp.SMTPClient - 354 End data with <CR><LF>.<CR><LF>
144 [main] DEBUG com.wt.smtp.SMTPClient - Send 'hello world
.' to the server successfully
144 [main] DEBUG com.wt.smtp.SMTPClient - 250 ok
144 [main] INFO com.wt.smtp.SMTPClient - send the message successfully
148 [main] DEBUG com.wt.smtp.SMTPClient - Send 'QUIT' to the server successfully
149 [main] DEBUG com.wt.smtp.SMTPClient - 221 Bye
160 [main] DEBUG com.wt.smtp.SMTPClient - 221
161 [main] INFO com.wt.smtp.SMTPClient - quit successfully
162 [main] INFO com.wt.smtp.SMTPClient - Send the message from xyz@localhost to abc@localhost successfully
4 [main] INFO com.wt.smtp.SMTPClient - Create a smtp client
6 [main] DEBUG com.wt.smtp.SMTPClient - server: localhost	port: 465
6 [main] INFO com.wt.smtp.SMTPClient - Connecting localhost ...
22 [main] DEBUG com.wt.smtp.SMTPClient - 220 localhost
22 [main] INFO com.wt.smtp.SMTPClient - Connected localhost successfully
22 [main] DEBUG com.wt.smtp.SMTPClient - Send 'HELO localhost' to the server successfully
22 [main] DEBUG com.wt.smtp.SMTPClient - 250 ok
23 [main] INFO com.wt.smtp.SMTPClient - say helo to the server successfully
23 [main] DEBUG com.wt.smtp.SMTPClient - Send 'AUTH LOGIN' to the server successfully
27 [main] DEBUG com.wt.smtp.SMTPClient - 334 dXNlcm5hbWU=
63 [main] DEBUG com.wt.smtp.SMTPClient - Send 'eHl6' to the server successfully
63 [main] DEBUG com.wt.smtp.SMTPClient - 334 [B@181a115d
63 [main] DEBUG com.wt.smtp.SMTPClient - Send 'YXNkZmE=' to the server successfully
64 [main] DEBUG com.wt.smtp.SMTPClient - 235 OK, go ahead
64 [main] INFO com.wt.smtp.SMTPClient - login successfully
65 [main] DEBUG com.wt.smtp.SMTPClient - Send 'MAIL From:<xyz@localhost>' to the server successfully
65 [main] DEBUG com.wt.smtp.SMTPClient - 250 Mail OK
66 [main] DEBUG com.wt.smtp.SMTPClient - Send 'RCPT To:<abc@localhost>' to the server successfully
70 [main] DEBUG com.wt.smtp.SMTPClient - 250 Rcpt OK
71 [main] INFO com.wt.smtp.SMTPClient - set envelop successfully
71 [main] DEBUG com.wt.smtp.SMTPClient - Send 'Data' to the server successfully
72 [main] DEBUG com.wt.smtp.SMTPClient - 354 End data with <CR><LF>.<CR><LF>
72 [main] DEBUG com.wt.smtp.SMTPClient - Send 'hello world
.' to the server successfully
73 [main] DEBUG com.wt.smtp.SMTPClient - 250 ok
73 [main] INFO com.wt.smtp.SMTPClient - send the message successfully
85 [main] DEBUG com.wt.smtp.SMTPClient - Send 'QUIT' to the server successfully
86 [main] DEBUG com.wt.smtp.SMTPClient - 221 Bye
86 [main] DEBUG com.wt.smtp.SMTPClient - 221
87 [main] INFO com.wt.smtp.SMTPClient - quit successfully
87 [main] INFO com.wt.smtp.SMTPClient - Send the message from xyz@localhost to abc@localhost successfully
4 [main] INFO com.wt.smtp.SMTPClient - Create a smtp client
6 [main] DEBUG com.wt.smtp.SMTPClient - server: localhost	port: 465
6 [main] INFO com.wt.smtp.SMTPClient - Connecting localhost ...
40 [main] DEBUG com.wt.smtp.SMTPClient - 220 localhost
42 [main] INFO com.wt.smtp.SMTPClient - Connected localhost successfully
42 [main] DEBUG com.wt.smtp.SMTPClient - Send 'HELO localhost' to the server successfully
56 [main] DEBUG com.wt.smtp.SMTPClient - 250 ok
57 [main] INFO com.wt.smtp.SMTPClient - say helo to the server successfully
57 [main] DEBUG com.wt.smtp.SMTPClient - Send 'AUTH LOGIN' to the server successfully
94 [main] DEBUG com.wt.smtp.SMTPClient - 334 dXNlcm5hbWU=
126 [main] DEBUG com.wt.smtp.SMTPClient - Send 'eHl6' to the server successfully
127 [main] DEBUG com.wt.smtp.SMTPClient - 334 [B@56f1026f
128 [main] DEBUG com.wt.smtp.SMTPClient - Send 'YXNkZmE=' to the server successfully
128 [main] DEBUG com.wt.smtp.SMTPClient - 235 OK, go ahead
128 [main] INFO com.wt.smtp.SMTPClient - login successfully
130 [main] DEBUG com.wt.smtp.SMTPClient - Send 'MAIL From:<xyz@localhost>' to the server successfully
131 [main] DEBUG com.wt.smtp.SMTPClient - 250 Mail OK
153 [main] DEBUG com.wt.smtp.SMTPClient - Send 'RCPT To:<abc@localhost>' to the server successfully
154 [main] DEBUG com.wt.smtp.SMTPClient - 250 Rcpt OK
154 [main] INFO com.wt.smtp.SMTPClient - set envelop successfully
155 [main] DEBUG com.wt.smtp.SMTPClient - Send 'Data' to the server successfully
155 [main] DEBUG com.wt.smtp.SMTPClient - 354 End data with <CR><LF>.<CR><LF>
156 [main] DEBUG com.wt.smtp.SMTPClient - Send 'hello world
.' to the server successfully
156 [main] DEBUG com.wt.smtp.SMTPClient - 250 ok
157 [main] INFO com.wt.smtp.SMTPClient - send the message successfully
159 [main] DEBUG com.wt.smtp.SMTPClient - Send 'QUIT' to the server successfully
159 [main] DEBUG com.wt.smtp.SMTPClient - 221 Bye
159 [main] DEBUG com.wt.smtp.SMTPClient - 221
161 [main] INFO com.wt.smtp.SMTPClient - quit successfully
161 [main] INFO com.wt.smtp.SMTPClient - Send the message from xyz@localhost to abc@localhost successfully
4 [main] INFO com.wt.smtp.SMTPClient - Create a smtp client
7 [main] DEBUG com.wt.smtp.SMTPClient - server: localhost	port: 465
7 [main] INFO com.wt.smtp.SMTPClient - Connecting localhost ...
44 [main] DEBUG com.wt.smtp.SMTPClient - 220 localhost
45 [main] INFO com.wt.smtp.SMTPClient - Connected localhost successfully
45 [main] DEBUG com.wt.smtp.SMTPClient - Send 'HELO localhost' to the server successfully
58 [main] DEBUG com.wt.smtp.SMTPClient - 250 ok
58 [main] INFO com.wt.smtp.SMTPClient - say helo to the server successfully
58 [main] DEBUG com.wt.smtp.SMTPClient - Send 'AUTH LOGIN' to the server successfully
100 [main] DEBUG com.wt.smtp.SMTPClient - 334 dXNlcm5hbWU=
122 [main] DEBUG com.wt.smtp.SMTPClient - Send 'eHl6' to the server successfully
122 [main] DEBUG com.wt.smtp.SMTPClient - 334 [B@77aa13c5
129 [main] DEBUG com.wt.smtp.SMTPClient - Send 'YXNkZmE=' to the server successfully
129 [main] DEBUG com.wt.smtp.SMTPClient - 235 OK, go ahead
130 [main] INFO com.wt.smtp.SMTPClient - login successfully
132 [main] DEBUG com.wt.smtp.SMTPClient - Send 'MAIL From:<xyz@localhost>' to the server successfully
132 [main] DEBUG com.wt.smtp.SMTPClient - 250 Mail OK
136 [main] DEBUG com.wt.smtp.SMTPClient - Send 'RCPT To:<abc@localhost>' to the server successfully
136 [main] DEBUG com.wt.smtp.SMTPClient - 250 Rcpt OK
136 [main] INFO com.wt.smtp.SMTPClient - set envelop successfully
142 [main] DEBUG com.wt.smtp.SMTPClient - Send 'Data' to the server successfully
143 [main] DEBUG com.wt.smtp.SMTPClient - 354 End data with <CR><LF>.<CR><LF>
144 [main] DEBUG com.wt.smtp.SMTPClient - Send 'hello world
.' to the server successfully
144 [main] DEBUG com.wt.smtp.SMTPClient - 250 ok
149 [main] INFO com.wt.smtp.SMTPClient - send the message successfully
151 [main] DEBUG com.wt.smtp.SMTPClient - Send 'QUIT' to the server successfully
152 [main] DEBUG com.wt.smtp.SMTPClient - 221 Bye
152 [main] DEBUG com.wt.smtp.SMTPClient - 221
152 [main] INFO com.wt.smtp.SMTPClient - quit successfully
152 [main] INFO com.wt.smtp.SMTPClient - Send the message from xyz@localhost to abc@localhost successfully
4 [main] INFO com.wt.smtp.SMTPClient - Create a smtp client
6 [main] DEBUG com.wt.smtp.SMTPClient - server: localhost	port: 465
6 [main] INFO com.wt.smtp.SMTPClient - Connecting localhost ...
25 [main] DEBUG com.wt.smtp.SMTPClient - 220 localhost
25 [main] INFO com.wt.smtp.SMTPClient - Connected localhost successfully
25 [main] DEBUG com.wt.smtp.SMTPClient - Send 'HELO localhost' to the server successfully
49 [main] DEBUG com.wt.smtp.SMTPClient - 250 ok
50 [main] INFO com.wt.smtp.SMTPClient - say helo to the server successfully
50 [main] DEBUG com.wt.smtp.SMTPClient - Send 'AUTH LOGIN' to the server successfully
82 [main] DEBUG com.wt.smtp.SMTPClient - 334 dXNlcm5hbWU=
112 [main] DEBUG com.wt.smtp.SMTPClient - Send 'eHl6' to the server successfully
112 [main] DEBUG com.wt.smtp.SMTPClient - 334 [B@77aa13c5
114 [main] DEBUG com.wt.smtp.SMTPClient - Send 'YXNkZmE=' to the server successfully
114 [main] DEBUG com.wt.smtp.SMTPClient - 235 OK, go ahead
114 [main] INFO com.wt.smtp.SMTPClient - login successfully
116 [main] DEBUG com.wt.smtp.SMTPClient - Send 'MAIL From:<xyz@localhost>' to the server successfully
117 [main] DEBUG com.wt.smtp.SMTPClient - 250 Mail OK
118 [main] DEBUG com.wt.smtp.SMTPClient - Send 'RCPT To:<abc@localhost>' to the server successfully
118 [main] DEBUG com.wt.smtp.SMTPClient - 250 Rcpt OK
118 [main] INFO com.wt.smtp.SMTPClient - set envelop successfully
119 [main] DEBUG com.wt.smtp.SMTPClient - Send 'Data' to the server successfully
119 [main] DEBUG com.wt.smtp.SMTPClient - 354 End data with <CR><LF>.<CR><LF>
120 [main] DEBUG com.wt.smtp.SMTPClient - Send 'hello world
.' to the server successfully
120 [main] DEBUG com.wt.smtp.SMTPClient - 250 ok
120 [main] INFO com.wt.smtp.SMTPClient - send the message successfully
122 [main] DEBUG com.wt.smtp.SMTPClient - Send 'QUIT' to the server successfully
122 [main] DEBUG com.wt.smtp.SMTPClient - 221 Bye
122 [main] DEBUG com.wt.smtp.SMTPClient - 221
122 [main] INFO com.wt.smtp.SMTPClient - quit successfully
123 [main] INFO com.wt.smtp.SMTPClient - Send the message from xyz@localhost to abc@localhost successfully
7 [main] INFO com.wt.smtp.SMTPClient - Create a smtp client
9 [main] DEBUG com.wt.smtp.SMTPClient - server: 10.0.2.16	port: 465
10 [main] INFO com.wt.smtp.SMTPClient - Connecting 10.0.2.16 ...
3022 [main] ERROR com.wt.smtp.SMTPClient - java.net.NoRouteToHostException: 没有到主机的路由
5 [main] INFO com.wt.smtp.SMTPClient - Create a smtp client
9 [main] DEBUG com.wt.smtp.SMTPClient - server: 10.0.2.5	port: 465
10 [main] INFO com.wt.smtp.SMTPClient - Connecting 10.0.2.5 ...
32 [main] DEBUG com.wt.smtp.SMTPClient - 220 localhost
33 [main] INFO com.wt.smtp.SMTPClient - Connected 10.0.2.5 successfully
33 [main] DEBUG com.wt.smtp.SMTPClient - Send 'HELO 10.0.2.5' to the server successfully
45 [main] DEBUG com.wt.smtp.SMTPClient - 250 ok
45 [main] INFO com.wt.smtp.SMTPClient - say helo to the server successfully
45 [main] DEBUG com.wt.smtp.SMTPClient - Send 'AUTH LOGIN' to the server successfully
4 [main] INFO com.wt.smtp.SMTPClient - Create a smtp client
6 [main] DEBUG com.wt.smtp.SMTPClient - server: 10.0.2.4	port: 465
6 [main] INFO com.wt.smtp.SMTPClient - Connecting 10.0.2.4 ...
256 [main] DEBUG com.wt.smtp.SMTPClient - 220 localhost
256 [main] INFO com.wt.smtp.SMTPClient - Connected 10.0.2.4 successfully
257 [main] DEBUG com.wt.smtp.SMTPClient - Send 'HELO 10.0.2.4' to the server successfully
288 [main] DEBUG com.wt.smtp.SMTPClient - 250 ok
289 [main] INFO com.wt.smtp.SMTPClient - say helo to the server successfully
289 [main] DEBUG com.wt.smtp.SMTPClient - Send 'AUTH LOGIN' to the server successfully
320 [main] DEBUG com.wt.smtp.SMTPClient - 334 dXNlcm5hbWU=
356 [main] DEBUG com.wt.smtp.SMTPClient - Send 'eHl6' to the server successfully
356 [main] DEBUG com.wt.smtp.SMTPClient - 334 [B@2f04995e
358 [main] DEBUG com.wt.smtp.SMTPClient - Send 'YXNkZmE=' to the server successfully
359 [main] DEBUG com.wt.smtp.SMTPClient - 235 OK, go ahead
359 [main] INFO com.wt.smtp.SMTPClient - login successfully
367 [main] DEBUG com.wt.smtp.SMTPClient - Send 'MAIL From:<xyz@10.0.2.4>' to the server successfully
371 [main] DEBUG com.wt.smtp.SMTPClient - 250 Mail OK
372 [main] DEBUG com.wt.smtp.SMTPClient - Send 'RCPT To:<abc@10.0.2.5>' to the server successfully
373 [main] DEBUG com.wt.smtp.SMTPClient - 250 Rcpt OK
373 [main] INFO com.wt.smtp.SMTPClient - set envelop successfully
373 [main] DEBUG com.wt.smtp.SMTPClient - Send 'Data' to the server successfully
374 [main] DEBUG com.wt.smtp.SMTPClient - 354 End data with <CR><LF>.<CR><LF>
374 [main] DEBUG com.wt.smtp.SMTPClient - Send 'hello world
.' to the server successfully
377 [main] DEBUG com.wt.smtp.SMTPClient - 250 ok
378 [main] INFO com.wt.smtp.SMTPClient - send the message successfully
379 [main] DEBUG com.wt.smtp.SMTPClient - Send 'QUIT' to the server successfully
379 [main] DEBUG com.wt.smtp.SMTPClient - 221 Bye
379 [main] DEBUG com.wt.smtp.SMTPClient - 221
383 [main] INFO com.wt.smtp.SMTPClient - quit successfully
384 [main] INFO com.wt.smtp.SMTPClient - Send the message from xyz@10.0.2.4 to abc@10.0.2.5 successfully
4 [main] INFO com.wt.smtp.SMTPClient - Create a smtp client
6 [main] DEBUG com.wt.smtp.SMTPClient - server: 10.0.2.4	port: 465
7 [main] INFO com.wt.smtp.SMTPClient - Connecting 10.0.2.4 ...
246 [main] DEBUG com.wt.smtp.SMTPClient - 220 localhost
247 [main] INFO com.wt.smtp.SMTPClient - Connected 10.0.2.4 successfully
247 [main] DEBUG com.wt.smtp.SMTPClient - Send 'HELO 10.0.2.4' to the server successfully
272 [main] DEBUG com.wt.smtp.SMTPClient - 250 ok
272 [main] INFO com.wt.smtp.SMTPClient - say helo to the server successfully
272 [main] DEBUG com.wt.smtp.SMTPClient - Send 'AUTH LOGIN' to the server successfully
288 [main] DEBUG com.wt.smtp.SMTPClient - 334 dXNlcm5hbWU=
330 [main] DEBUG com.wt.smtp.SMTPClient - Send 'eHl6' to the server successfully
330 [main] DEBUG com.wt.smtp.SMTPClient - 334 [B@2f04995e
331 [main] DEBUG com.wt.smtp.SMTPClient - Send 'YXNkZmE=' to the server successfully
331 [main] DEBUG com.wt.smtp.SMTPClient - 235 OK, go ahead
332 [main] INFO com.wt.smtp.SMTPClient - login successfully
333 [main] DEBUG com.wt.smtp.SMTPClient - Send 'MAIL From:<xyz@10.0.2.4>' to the server successfully
340 [main] DEBUG com.wt.smtp.SMTPClient - 250 Mail OK
346 [main] DEBUG com.wt.smtp.SMTPClient - Send 'RCPT To:<abc@10.0.2.5>' to the server successfully
352 [main] DEBUG com.wt.smtp.SMTPClient - 250 Rcpt OK
353 [main] INFO com.wt.smtp.SMTPClient - set envelop successfully
353 [main] DEBUG com.wt.smtp.SMTPClient - Send 'Data' to the server successfully
354 [main] DEBUG com.wt.smtp.SMTPClient - 354 End data with <CR><LF>.<CR><LF>
354 [main] DEBUG com.wt.smtp.SMTPClient - Send 'hello world
.' to the server successfully
355 [main] DEBUG com.wt.smtp.SMTPClient - 250 ok
355 [main] INFO com.wt.smtp.SMTPClient - send the message successfully
356 [main] DEBUG com.wt.smtp.SMTPClient - Send 'QUIT' to the server successfully
356 [main] DEBUG com.wt.smtp.SMTPClient - 221 Bye
357 [main] DEBUG com.wt.smtp.SMTPClient - 221
360 [main] INFO com.wt.smtp.SMTPClient - quit successfully
361 [main] INFO com.wt.smtp.SMTPClient - Send the message from xyz@10.0.2.4 to abc@10.0.2.5 successfully
4 [main] INFO com.wt.smtp.SMTPClient - Create a smtp client
6 [main] DEBUG com.wt.smtp.SMTPClient - server: 10.0.2.4	port: 465
6 [main] INFO com.wt.smtp.SMTPClient - Connecting 10.0.2.4 ...
236 [main] DEBUG com.wt.smtp.SMTPClient - 220 localhost
237 [main] INFO com.wt.smtp.SMTPClient - Connected 10.0.2.4 successfully
237 [main] DEBUG com.wt.smtp.SMTPClient - Send 'HELO 10.0.2.4' to the server successfully
253 [main] DEBUG com.wt.smtp.SMTPClient - 250 ok
253 [main] INFO com.wt.smtp.SMTPClient - say helo to the server successfully
253 [main] DEBUG com.wt.smtp.SMTPClient - Send 'AUTH LOGIN' to the server successfully
289 [main] DEBUG com.wt.smtp.SMTPClient - 334 dXNlcm5hbWU=
327 [main] DEBUG com.wt.smtp.SMTPClient - Send 'eHl6' to the server successfully
328 [main] DEBUG com.wt.smtp.SMTPClient - 334 [B@68d6f200
329 [main] DEBUG com.wt.smtp.SMTPClient - Send 'YXNkZmE=' to the server successfully
329 [main] DEBUG com.wt.smtp.SMTPClient - 235 OK, go ahead
329 [main] INFO com.wt.smtp.SMTPClient - login successfully
339 [main] DEBUG com.wt.smtp.SMTPClient - Send 'MAIL From:<xyz@10.0.2.4>' to the server successfully
340 [main] DEBUG com.wt.smtp.SMTPClient - 250 Mail OK
341 [main] DEBUG com.wt.smtp.SMTPClient - Send 'RCPT To:<abc@10.0.2.5>' to the server successfully
341 [main] DEBUG com.wt.smtp.SMTPClient - 250 Rcpt OK
341 [main] INFO com.wt.smtp.SMTPClient - set envelop successfully
342 [main] DEBUG com.wt.smtp.SMTPClient - Send 'Data' to the server successfully
355 [main] DEBUG com.wt.smtp.SMTPClient - 354 End data with <CR><LF>.<CR><LF>
356 [main] DEBUG com.wt.smtp.SMTPClient - Send 'hello world' to the server successfully
356 [main] DEBUG com.wt.smtp.SMTPClient - Send '.' to the server successfully
394 [main] DEBUG com.wt.smtp.SMTPClient - 250 ok
394 [main] INFO com.wt.smtp.SMTPClient - send the message successfully
395 [main] DEBUG com.wt.smtp.SMTPClient - Send 'QUIT' to the server successfully
396 [main] DEBUG com.wt.smtp.SMTPClient - 221 Bye
396 [main] DEBUG com.wt.smtp.SMTPClient - 221
396 [main] INFO com.wt.smtp.SMTPClient - quit successfully
397 [main] INFO com.wt.smtp.SMTPClient - Send the message from xyz@10.0.2.4 to abc@10.0.2.5 successfully
5 [main] INFO com.wt.smtp.SMTPClient - Create a smtp client
7 [main] DEBUG com.wt.smtp.SMTPClient - server: 10.0.2.4	port: 465
7 [main] INFO com.wt.smtp.SMTPClient - Connecting 10.0.2.4 ...
232 [main] DEBUG com.wt.smtp.SMTPClient - 220 localhost
232 [main] INFO com.wt.smtp.SMTPClient - Connected 10.0.2.4 successfully
232 [main] DEBUG com.wt.smtp.SMTPClient - Send 'HELO 10.0.2.4' to the server successfully
242 [main] DEBUG com.wt.smtp.SMTPClient - 250 ok
242 [main] INFO com.wt.smtp.SMTPClient - say helo to the server successfully
243 [main] DEBUG com.wt.smtp.SMTPClient - Send 'AUTH LOGIN' to the server successfully
283 [main] DEBUG com.wt.smtp.SMTPClient - 334 dXNlcm5hbWU=
310 [main] DEBUG com.wt.smtp.SMTPClient - Send 'eHl6' to the server successfully
310 [main] DEBUG com.wt.smtp.SMTPClient - 334 [B@68d6f200
311 [main] DEBUG com.wt.smtp.SMTPClient - Send 'YXNkZmE=' to the server successfully
312 [main] DEBUG com.wt.smtp.SMTPClient - 235 OK, go ahead
312 [main] INFO com.wt.smtp.SMTPClient - login successfully
314 [main] DEBUG com.wt.smtp.SMTPClient - Send 'MAIL From:<xyz@10.0.2.4>' to the server successfully
314 [main] DEBUG com.wt.smtp.SMTPClient - 250 Mail OK
315 [main] DEBUG com.wt.smtp.SMTPClient - Send 'RCPT To:<abc@10.0.2.5>' to the server successfully
315 [main] DEBUG com.wt.smtp.SMTPClient - 250 Rcpt OK
316 [main] INFO com.wt.smtp.SMTPClient - set envelop successfully
316 [main] DEBUG com.wt.smtp.SMTPClient - Send 'Data' to the server successfully
316 [main] DEBUG com.wt.smtp.SMTPClient - 354 End data with <CR><LF>.<CR><LF>
317 [main] DEBUG com.wt.smtp.SMTPClient - Send 'hello world' to the server successfully
318 [main] DEBUG com.wt.smtp.SMTPClient - Send '.' to the server successfully
356 [main] DEBUG com.wt.smtp.SMTPClient - 250 ok
357 [main] INFO com.wt.smtp.SMTPClient - send the message successfully
357 [main] DEBUG com.wt.smtp.SMTPClient - Send 'QUIT' to the server successfully
358 [main] DEBUG com.wt.smtp.SMTPClient - 221 Bye
358 [main] DEBUG com.wt.smtp.SMTPClient - 221
359 [main] INFO com.wt.smtp.SMTPClient - quit successfully
359 [main] INFO com.wt.smtp.SMTPClient - Send the message from xyz@10.0.2.4 to abc@10.0.2.5 successfully
6 [main] INFO com.wt.smtp.SMTPClient - Create a smtp client
8 [main] DEBUG com.wt.smtp.SMTPClient - server: 10.0.2.4	port: 465
8 [main] INFO com.wt.smtp.SMTPClient - Connecting 10.0.2.4 ...
33 [main] DEBUG com.wt.smtp.SMTPClient - 220 localhost
34 [main] INFO com.wt.smtp.SMTPClient - Connected 10.0.2.4 successfully
35 [main] DEBUG com.wt.smtp.SMTPClient - Send 'HELO 10.0.2.4' to the server successfully
54 [main] DEBUG com.wt.smtp.SMTPClient - 250 ok
54 [main] INFO com.wt.smtp.SMTPClient - say helo to the server successfully
54 [main] DEBUG com.wt.smtp.SMTPClient - Send 'AUTH LOGIN' to the server successfully
81 [main] DEBUG com.wt.smtp.SMTPClient - 334 dXNlcm5hbWU=
118 [main] DEBUG com.wt.smtp.SMTPClient - Send 'eHl6' to the server successfully
118 [main] DEBUG com.wt.smtp.SMTPClient - 334 [B@68d6f200
120 [main] DEBUG com.wt.smtp.SMTPClient - Send 'YXNkZmE=' to the server successfully
120 [main] DEBUG com.wt.smtp.SMTPClient - 235 OK, go ahead
121 [main] INFO com.wt.smtp.SMTPClient - login successfully
122 [main] DEBUG com.wt.smtp.SMTPClient - Send 'MAIL From:<xyz@10.0.2.4>' to the server successfully
123 [main] DEBUG com.wt.smtp.SMTPClient - 250 Mail OK
123 [main] DEBUG com.wt.smtp.SMTPClient - Send 'RCPT To:<abc@10.0.2.5>' to the server successfully
124 [main] DEBUG com.wt.smtp.SMTPClient - 250 Rcpt OK
124 [main] INFO com.wt.smtp.SMTPClient - set envelop successfully
124 [main] DEBUG com.wt.smtp.SMTPClient - Send 'Data' to the server successfully
125 [main] DEBUG com.wt.smtp.SMTPClient - 354 End data with <CR><LF>.<CR><LF>
125 [main] DEBUG com.wt.smtp.SMTPClient - Send 'hello world' to the server successfully
125 [main] DEBUG com.wt.smtp.SMTPClient - Send '.' to the server successfully
177 [main] DEBUG com.wt.smtp.SMTPClient - 250 ok
178 [main] INFO com.wt.smtp.SMTPClient - send the message successfully
178 [main] DEBUG com.wt.smtp.SMTPClient - Send 'QUIT' to the server successfully
180 [main] DEBUG com.wt.smtp.SMTPClient - 221 Bye
180 [main] DEBUG com.wt.smtp.SMTPClient - 221
180 [main] INFO com.wt.smtp.SMTPClient - quit successfully
181 [main] INFO com.wt.smtp.SMTPClient - Send the message from xyz@10.0.2.4 to abc@10.0.2.5 successfully
7 [main] INFO com.wt.smtp.SMTPClient - Create a smtp client
9 [main] DEBUG com.wt.smtp.SMTPClient - server: 10.0.2.4	port: 465
9 [main] INFO com.wt.smtp.SMTPClient - Connecting 10.0.2.4 ...
247 [main] DEBUG com.wt.smtp.SMTPClient - 220 localhost
248 [main] INFO com.wt.smtp.SMTPClient - Connected 10.0.2.4 successfully
249 [main] DEBUG com.wt.smtp.SMTPClient - Send 'HELO 10.0.2.4' to the server successfully
276 [main] DEBUG com.wt.smtp.SMTPClient - 250 ok
276 [main] INFO com.wt.smtp.SMTPClient - say helo to the server successfully
276 [main] DEBUG com.wt.smtp.SMTPClient - Send 'AUTH LOGIN' to the server successfully
304 [main] DEBUG com.wt.smtp.SMTPClient - 334 dXNlcm5hbWU=
346 [main] DEBUG com.wt.smtp.SMTPClient - Send 'eHl6' to the server successfully
349 [main] DEBUG com.wt.smtp.SMTPClient - 334 [B@28ec5359
350 [main] DEBUG com.wt.smtp.SMTPClient - Send 'YXNkZmE=' to the server successfully
351 [main] DEBUG com.wt.smtp.SMTPClient - 235 OK, go ahead
351 [main] INFO com.wt.smtp.SMTPClient - login successfully
353 [main] DEBUG com.wt.smtp.SMTPClient - Send 'MAIL From:<xyz@10.0.2.4>' to the server successfully
354 [main] DEBUG com.wt.smtp.SMTPClient - 250 Mail OK
355 [main] DEBUG com.wt.smtp.SMTPClient - Send 'RCPT To:<abc@10.0.2.5>' to the server successfully
355 [main] DEBUG com.wt.smtp.SMTPClient - 250 Rcpt OK
355 [main] INFO com.wt.smtp.SMTPClient - set envelop successfully
362 [main] DEBUG com.wt.smtp.SMTPClient - Send 'Data' to the server successfully
362 [main] DEBUG com.wt.smtp.SMTPClient - 354 End data with <CR><LF>.<CR><LF>
369 [main] DEBUG com.wt.smtp.SMTPClient - Send 'hello world' to the server successfully
370 [main] DEBUG com.wt.smtp.SMTPClient - Send '.' to the server successfully
425 [main] DEBUG com.wt.smtp.SMTPClient - 250 ok
425 [main] INFO com.wt.smtp.SMTPClient - send the message successfully
425 [main] DEBUG com.wt.smtp.SMTPClient - Send 'QUIT' to the server successfully
426 [main] DEBUG com.wt.smtp.SMTPClient - 221 Bye
426 [main] DEBUG com.wt.smtp.SMTPClient - 221
426 [main] INFO com.wt.smtp.SMTPClient - quit successfully
426 [main] INFO com.wt.smtp.SMTPClient - Send the message from xyz@10.0.2.4 to abc@10.0.2.5 successfully
4 [main] INFO com.wt.smtp.SMTPClient - Create a smtp client
5 [main] DEBUG com.wt.smtp.SMTPClient - server: 10.0.2.4	port: 465
5 [main] INFO com.wt.smtp.SMTPClient - Connecting 10.0.2.4 ...
242 [main] DEBUG com.wt.smtp.SMTPClient - 220 localhost
244 [main] INFO com.wt.smtp.SMTPClient - Connected 10.0.2.4 successfully
244 [main] DEBUG com.wt.smtp.SMTPClient - Send 'HELO 10.0.2.4' to the server successfully
272 [main] DEBUG com.wt.smtp.SMTPClient - 250 ok
272 [main] INFO com.wt.smtp.SMTPClient - say helo to the server successfully
272 [main] DEBUG com.wt.smtp.SMTPClient - Send 'AUTH LOGIN' to the server successfully
301 [main] DEBUG com.wt.smtp.SMTPClient - 334 dXNlcm5hbWU=
339 [main] DEBUG com.wt.smtp.SMTPClient - Send 'eHl6' to the server successfully
339 [main] DEBUG com.wt.smtp.SMTPClient - 334 [B@79cdd54c
340 [main] DEBUG com.wt.smtp.SMTPClient - Send 'YXNkZmE=' to the server successfully
341 [main] DEBUG com.wt.smtp.SMTPClient - 235 OK, go ahead
341 [main] INFO com.wt.smtp.SMTPClient - login successfully
343 [main] DEBUG com.wt.smtp.SMTPClient - Send 'MAIL From:<xyz@10.0.2.4>' to the server successfully
343 [main] DEBUG com.wt.smtp.SMTPClient - 250 Mail OK
344 [main] DEBUG com.wt.smtp.SMTPClient - Send 'RCPT To:<abc@10.0.2.5>' to the server successfully
344 [main] DEBUG com.wt.smtp.SMTPClient - 250 Rcpt OK
344 [main] INFO com.wt.smtp.SMTPClient - set envelop successfully
345 [main] DEBUG com.wt.smtp.SMTPClient - Send 'Data' to the server successfully
345 [main] DEBUG com.wt.smtp.SMTPClient - 354 End data with <CR><LF>.<CR><LF>
350 [main] DEBUG com.wt.smtp.SMTPClient - Send 'hello world' to the server successfully
350 [main] DEBUG com.wt.smtp.SMTPClient - Send '.' to the server successfully
443 [main] DEBUG com.wt.smtp.SMTPClient - 250 ok
443 [main] INFO com.wt.smtp.SMTPClient - send the message successfully
443 [main] DEBUG com.wt.smtp.SMTPClient - Send 'QUIT' to the server successfully
444 [main] DEBUG com.wt.smtp.SMTPClient - 221 Bye
444 [main] DEBUG com.wt.smtp.SMTPClient - 221
444 [main] INFO com.wt.smtp.SMTPClient - quit successfully
444 [main] INFO com.wt.smtp.SMTPClient - Send the message from xyz@10.0.2.4 to abc@10.0.2.5 successfully
5 [main] INFO com.wt.smtp.SMTPClient - Create a smtp client
6 [main] DEBUG com.wt.smtp.SMTPClient - server: 10.0.2.4	port: 465
7 [main] INFO com.wt.smtp.SMTPClient - Connecting 10.0.2.4 ...
245 [main] DEBUG com.wt.smtp.SMTPClient - 220 localhost
246 [main] INFO com.wt.smtp.SMTPClient - Connected 10.0.2.4 successfully
247 [main] DEBUG com.wt.smtp.SMTPClient - Send 'HELO 10.0.2.4' to the server successfully
285 [main] DEBUG com.wt.smtp.SMTPClient - 250 ok
286 [main] INFO com.wt.smtp.SMTPClient - say helo to the server successfully
286 [main] DEBUG com.wt.smtp.SMTPClient - Send 'AUTH LOGIN' to the server successfully
327 [main] DEBUG com.wt.smtp.SMTPClient - 334 dXNlcm5hbWU=
358 [main] DEBUG com.wt.smtp.SMTPClient - Send 'eHl6' to the server successfully
358 [main] DEBUG com.wt.smtp.SMTPClient - 334 [B@386eaf0d
370 [main] DEBUG com.wt.smtp.SMTPClient - Send 'YXNkZmE=' to the server successfully
370 [main] DEBUG com.wt.smtp.SMTPClient - 235 OK, go ahead
371 [main] INFO com.wt.smtp.SMTPClient - login successfully
372 [main] DEBUG com.wt.smtp.SMTPClient - Send 'MAIL From:<xyz@10.0.2.4>' to the server successfully
372 [main] DEBUG com.wt.smtp.SMTPClient - 250 Mail OK
378 [main] DEBUG com.wt.smtp.SMTPClient - Send 'RCPT To:<abc@10.0.2.5>' to the server successfully
378 [main] DEBUG com.wt.smtp.SMTPClient - 250 Rcpt OK
378 [main] INFO com.wt.smtp.SMTPClient - set envelop successfully
379 [main] DEBUG com.wt.smtp.SMTPClient - Send 'Data' to the server successfully
379 [main] DEBUG com.wt.smtp.SMTPClient - 354 End data with <CR><LF>.<CR><LF>
379 [main] DEBUG com.wt.smtp.SMTPClient - Send 'hello world' to the server successfully
380 [main] DEBUG com.wt.smtp.SMTPClient - Send '.' to the server successfully
497 [main] DEBUG com.wt.smtp.SMTPClient - 250 ok
497 [main] INFO com.wt.smtp.SMTPClient - send the message successfully
497 [main] DEBUG com.wt.smtp.SMTPClient - Send 'QUIT' to the server successfully
497 [main] DEBUG com.wt.smtp.SMTPClient - 221 Bye
497 [main] DEBUG com.wt.smtp.SMTPClient - 221
498 [main] INFO com.wt.smtp.SMTPClient - quit successfully
498 [main] INFO com.wt.smtp.SMTPClient - Send the message from xyz@10.0.2.4 to abc@10.0.2.5 successfully
4 [main] INFO com.wt.smtp.SMTPClient - Create a smtp client
5 [main] DEBUG com.wt.smtp.SMTPClient - server: 10.0.2.4	port: 465
6 [main] INFO com.wt.smtp.SMTPClient - Connecting 10.0.2.4 ...
23 [main] DEBUG com.wt.smtp.SMTPClient - 220 localhost
24 [main] INFO com.wt.smtp.SMTPClient - Connected 10.0.2.4 successfully
24 [main] DEBUG com.wt.smtp.SMTPClient - Send 'HELO 10.0.2.4' to the server successfully
24 [main] DEBUG com.wt.smtp.SMTPClient - 250 ok
25 [main] INFO com.wt.smtp.SMTPClient - say helo to the server successfully
25 [main] DEBUG com.wt.smtp.SMTPClient - Send 'AUTH LOGIN' to the server successfully
25 [main] DEBUG com.wt.smtp.SMTPClient - 334 dXNlcm5hbWU=
62 [main] DEBUG com.wt.smtp.SMTPClient - Send 'eHl6' to the server successfully
62 [main] DEBUG com.wt.smtp.SMTPClient - 334 [B@5d61fb38
62 [main] DEBUG com.wt.smtp.SMTPClient - Send 'YXNkZmE=' to the server successfully
63 [main] DEBUG com.wt.smtp.SMTPClient - 235 OK, go ahead
63 [main] INFO com.wt.smtp.SMTPClient - login successfully
63 [main] DEBUG com.wt.smtp.SMTPClient - Send 'MAIL From:<xyz@10.0.2.4>' to the server successfully
64 [main] DEBUG com.wt.smtp.SMTPClient - 250 Mail OK
64 [main] DEBUG com.wt.smtp.SMTPClient - Send 'RCPT To:<abc@10.0.2.5>' to the server successfully
64 [main] DEBUG com.wt.smtp.SMTPClient - 250 Rcpt OK
65 [main] INFO com.wt.smtp.SMTPClient - set envelop successfully
65 [main] DEBUG com.wt.smtp.SMTPClient - Send 'Data' to the server successfully
65 [main] DEBUG com.wt.smtp.SMTPClient - 354 End data with <CR><LF>.<CR><LF>
65 [main] DEBUG com.wt.smtp.SMTPClient - Send 'hello world' to the server successfully
66 [main] DEBUG com.wt.smtp.SMTPClient - Send '.' to the server successfully
180 [main] DEBUG com.wt.smtp.SMTPClient - 250 ok
187 [main] INFO com.wt.smtp.SMTPClient - send the message successfully
187 [main] DEBUG com.wt.smtp.SMTPClient - Send 'QUIT' to the server successfully
188 [main] DEBUG com.wt.smtp.SMTPClient - 221 Bye
188 [main] DEBUG com.wt.smtp.SMTPClient - 221
188 [main] INFO com.wt.smtp.SMTPClient - quit successfully
188 [main] INFO com.wt.smtp.SMTPClient - Send the message from xyz@10.0.2.4 to abc@10.0.2.5 successfully
4 [main] INFO com.wt.smtp.SMTPClient - Create a smtp client
5 [main] DEBUG com.wt.smtp.SMTPClient - server: 10.0.2.4	port: 465
5 [main] INFO com.wt.smtp.SMTPClient - Connecting 10.0.2.4 ...
21 [main] DEBUG com.wt.smtp.SMTPClient - 220 localhost
22 [main] INFO com.wt.smtp.SMTPClient - Connected 10.0.2.4 successfully
26 [main] DEBUG com.wt.smtp.SMTPClient - Send 'HELO 10.0.2.4' to the server successfully
26 [main] DEBUG com.wt.smtp.SMTPClient - 250 ok
26 [main] INFO com.wt.smtp.SMTPClient - say helo to the server successfully
39 [main] DEBUG com.wt.smtp.SMTPClient - Send 'AUTH LOGIN' to the server successfully
40 [main] DEBUG com.wt.smtp.SMTPClient - 334 dXNlcm5hbWU=
85 [main] DEBUG com.wt.smtp.SMTPClient - Send 'eHl6' to the server successfully
86 [main] DEBUG com.wt.smtp.SMTPClient - 334 [B@4bb4496d
86 [main] DEBUG com.wt.smtp.SMTPClient - Send 'YXNkZmE=' to the server successfully
87 [main] DEBUG com.wt.smtp.SMTPClient - 235 OK, go ahead
87 [main] INFO com.wt.smtp.SMTPClient - login successfully
88 [main] DEBUG com.wt.smtp.SMTPClient - Send 'MAIL From:<xyz@10.0.2.4>' to the server successfully
88 [main] DEBUG com.wt.smtp.SMTPClient - 250 Mail OK
90 [main] DEBUG com.wt.smtp.SMTPClient - Send 'RCPT To:<abc@10.0.2.5>' to the server successfully
90 [main] DEBUG com.wt.smtp.SMTPClient - 250 Rcpt OK
91 [main] INFO com.wt.smtp.SMTPClient - set envelop successfully
91 [main] DEBUG com.wt.smtp.SMTPClient - Send 'Data' to the server successfully
91 [main] DEBUG com.wt.smtp.SMTPClient - 354 End data with <CR><LF>.<CR><LF>
96 [main] DEBUG com.wt.smtp.SMTPClient - Send 'hello world' to the server successfully
96 [main] DEBUG com.wt.smtp.SMTPClient - Send '.' to the server successfully
201 [main] DEBUG com.wt.smtp.SMTPClient - 250 ok
201 [main] INFO com.wt.smtp.SMTPClient - send the message successfully
201 [main] DEBUG com.wt.smtp.SMTPClient - Send 'QUIT' to the server successfully
202 [main] DEBUG com.wt.smtp.SMTPClient - 221 Bye
202 [main] DEBUG com.wt.smtp.SMTPClient - 221
202 [main] INFO com.wt.smtp.SMTPClient - quit successfully
203 [main] INFO com.wt.smtp.SMTPClient - Send the message from xyz@10.0.2.4 to abc@10.0.2.5 successfully
3 [main] INFO com.wt.smtp.SMTPClient - Create a smtp client
14 [main] DEBUG com.wt.smtp.SMTPClient - server: 10.0.2.4	port: 465
14 [main] INFO com.wt.smtp.SMTPClient - Connecting 10.0.2.4 ...
21 [main] ERROR com.wt.smtp.SMTPClient - java.net.ConnectException: 拒绝连接
4 [main] INFO com.wt.smtp.SMTPClient - Create a smtp client
8 [main] DEBUG com.wt.smtp.SMTPClient - server: 10.0.2.4	port: 465
8 [main] INFO com.wt.smtp.SMTPClient - Connecting 10.0.2.4 ...
17 [main] ERROR com.wt.smtp.SMTPClient - java.net.ConnectException: 拒绝连接
3 [main] INFO com.wt.smtp.SMTPClient - Create a smtp client
6 [main] DEBUG com.wt.smtp.SMTPClient - server: 10.0.2.4	port: 465
7 [main] INFO com.wt.smtp.SMTPClient - Connecting 10.0.2.4 ...
15 [main] ERROR com.wt.smtp.SMTPClient - java.net.ConnectException: 拒绝连接
3 [main] INFO com.wt.smtp.SMTPClient - Create a smtp client
7 [main] DEBUG com.wt.smtp.SMTPClient - server: 10.0.2.4	port: 465
7 [main] INFO com.wt.smtp.SMTPClient - Connecting 10.0.2.4 ...
15 [main] ERROR com.wt.smtp.SMTPClient - java.net.ConnectException: 拒绝连接
5 [main] INFO com.wt.smtp.SMTPClient - Create a smtp client
11 [main] DEBUG com.wt.smtp.SMTPClient - server: 10.0.2.4	port: 465
11 [main] INFO com.wt.smtp.SMTPClient - Connecting 10.0.2.4 ...
25 [main] DEBUG com.wt.smtp.SMTPClient - 220 localhost
25 [main] INFO com.wt.smtp.SMTPClient - Connected 10.0.2.4 successfully
25 [main] DEBUG com.wt.smtp.SMTPClient - Send 'HELO 10.0.2.4' to the server successfully
33 [main] DEBUG com.wt.smtp.SMTPClient - 250 ok
35 [main] INFO com.wt.smtp.SMTPClient - say helo to the server successfully
35 [main] DEBUG com.wt.smtp.SMTPClient - Send 'AUTH LOGIN' to the server successfully
41 [main] DEBUG com.wt.smtp.SMTPClient - 334 dXNlcm5hbWU=
82 [main] DEBUG com.wt.smtp.SMTPClient - Send 'dGVzdDA=' to the server successfully
82 [main] DEBUG com.wt.smtp.SMTPClient - 334 [B@40fb2f19
86 [main] DEBUG com.wt.smtp.SMTPClient - Send 'dGVzdDA=' to the server successfully
595 [main] DEBUG com.wt.smtp.SMTPClient - 235 OK, go ahead
595 [main] INFO com.wt.smtp.SMTPClient - login successfully
595 [main] DEBUG com.wt.smtp.SMTPClient - Send 'MAIL From:<test0@10.0.2.4>' to the server successfully
596 [main] DEBUG com.wt.smtp.SMTPClient - 250 Mail OK
597 [main] DEBUG com.wt.smtp.SMTPClient - Send 'RCPT To:<test1@10.0.2.6>' to the server successfully
604 [main] DEBUG com.wt.smtp.SMTPClient - 250 Rcpt OK
604 [main] INFO com.wt.smtp.SMTPClient - set envelop successfully
604 [main] DEBUG com.wt.smtp.SMTPClient - Send 'Data' to the server successfully
605 [main] DEBUG com.wt.smtp.SMTPClient - 354 End data with <CR><LF>.<CR><LF>
605 [main] DEBUG com.wt.smtp.SMTPClient - Send 'hello world' to the server successfully
605 [main] DEBUG com.wt.smtp.SMTPClient - Send '.' to the server successfully
859 [main] DEBUG com.wt.smtp.SMTPClient - 250 ok
859 [main] INFO com.wt.smtp.SMTPClient - send the message successfully
859 [main] DEBUG com.wt.smtp.SMTPClient - Send 'QUIT' to the server successfully
860 [main] DEBUG com.wt.smtp.SMTPClient - 221 Bye
860 [main] DEBUG com.wt.smtp.SMTPClient - 221
860 [main] INFO com.wt.smtp.SMTPClient - quit successfully
861 [main] INFO com.wt.smtp.SMTPClient - Send the message from test0@10.0.2.4 to test1@10.0.2.6 successfully
3 [main] INFO com.wt.smtp.SMTPClient - Create a smtp client
9 [main] DEBUG com.wt.smtp.SMTPClient - server: 10.0.2.4	port: 465
9 [main] INFO com.wt.smtp.SMTPClient - Connecting 10.0.2.4 ...
20 [main] DEBUG com.wt.smtp.SMTPClient - 220 localhost
20 [main] INFO com.wt.smtp.SMTPClient - Connected 10.0.2.4 successfully
21 [main] DEBUG com.wt.smtp.SMTPClient - Send 'HELO 10.0.2.4' to the server successfully
21 [main] DEBUG com.wt.smtp.SMTPClient - 250 ok
21 [main] INFO com.wt.smtp.SMTPClient - say helo to the server successfully
22 [main] DEBUG com.wt.smtp.SMTPClient - Send 'AUTH LOGIN' to the server successfully
22 [main] DEBUG com.wt.smtp.SMTPClient - 334 dXNlcm5hbWU=
42 [main] DEBUG com.wt.smtp.SMTPClient - Send 'dGVzdDA=' to the server successfully
42 [main] DEBUG com.wt.smtp.SMTPClient - 334 [B@26044ebd
53 [main] DEBUG com.wt.smtp.SMTPClient - Send 'dGVzdDA=' to the server successfully
66 [main] DEBUG com.wt.smtp.SMTPClient - 535 authentication failed
66 [main] ERROR com.wt.smtp.SMTPClient - java.lang.Exception: login fail
3 [main] INFO com.wt.smtp.SMTPClient - Create a smtp client
6 [main] DEBUG com.wt.smtp.SMTPClient - server: 10.0.2.4	port: 465
6 [main] INFO com.wt.smtp.SMTPClient - Connecting 10.0.2.4 ...
22 [main] DEBUG com.wt.smtp.SMTPClient - 220 localhost
22 [main] INFO com.wt.smtp.SMTPClient - Connected 10.0.2.4 successfully
23 [main] DEBUG com.wt.smtp.SMTPClient - Send 'HELO 10.0.2.4' to the server successfully
27 [main] DEBUG com.wt.smtp.SMTPClient - 250 ok
28 [main] INFO com.wt.smtp.SMTPClient - say helo to the server successfully
28 [main] DEBUG com.wt.smtp.SMTPClient - Send 'AUTH LOGIN' to the server successfully
35 [main] DEBUG com.wt.smtp.SMTPClient - 334 dXNlcm5hbWU=
63 [main] DEBUG com.wt.smtp.SMTPClient - Send 'dGVzdDA=' to the server successfully
63 [main] DEBUG com.wt.smtp.SMTPClient - 334 [B@40fb2f19
67 [main] DEBUG com.wt.smtp.SMTPClient - Send 'dGVzdDA=' to the server successfully
594 [main] DEBUG com.wt.smtp.SMTPClient - 535 authentication failed
594 [main] ERROR com.wt.smtp.SMTPClient - java.lang.Exception: login fail
4 [main] INFO com.wt.smtp.SMTPClient - Create a smtp client
7 [main] DEBUG com.wt.smtp.SMTPClient - server: 10.0.2.4	port: 465
7 [main] INFO com.wt.smtp.SMTPClient - Connecting 10.0.2.4 ...
17 [main] DEBUG com.wt.smtp.SMTPClient - 220 localhost
18 [main] INFO com.wt.smtp.SMTPClient - Connected 10.0.2.4 successfully
18 [main] DEBUG com.wt.smtp.SMTPClient - Send 'HELO 10.0.2.4' to the server successfully
18 [main] DEBUG com.wt.smtp.SMTPClient - 250 ok
18 [main] INFO com.wt.smtp.SMTPClient - say helo to the server successfully
18 [main] DEBUG com.wt.smtp.SMTPClient - Send 'AUTH LOGIN' to the server successfully
18 [main] DEBUG com.wt.smtp.SMTPClient - 334 dXNlcm5hbWU=
39 [main] DEBUG com.wt.smtp.SMTPClient - Send 'dGVzdDA=' to the server successfully
39 [main] DEBUG com.wt.smtp.SMTPClient - 334 [B@7a98dcb
42 [main] DEBUG com.wt.smtp.SMTPClient - Send 'dGVzdDA=' to the server successfully
55 [main] DEBUG com.wt.smtp.SMTPClient - 535 authentication failed
55 [main] ERROR com.wt.smtp.SMTPClient - java.lang.Exception: login fail
5 [main] INFO com.wt.smtp.SMTPClient - Create a smtp client
8 [main] DEBUG com.wt.smtp.SMTPClient - server: 10.0.2.4	port: 465
8 [main] INFO com.wt.smtp.SMTPClient - Connecting 10.0.2.4 ...
18 [main] DEBUG com.wt.smtp.SMTPClient - 220 localhost
18 [main] INFO com.wt.smtp.SMTPClient - Connected 10.0.2.4 successfully
19 [main] DEBUG com.wt.smtp.SMTPClient - Send 'HELO 10.0.2.4' to the server successfully
19 [main] DEBUG com.wt.smtp.SMTPClient - 250 ok
19 [main] INFO com.wt.smtp.SMTPClient - say helo to the server successfully
20 [main] DEBUG com.wt.smtp.SMTPClient - Send 'AUTH LOGIN' to the server successfully
20 [main] DEBUG com.wt.smtp.SMTPClient - 334 dXNlcm5hbWU=
50 [main] DEBUG com.wt.smtp.SMTPClient - Send 'dGVzdDA=' to the server successfully
50 [main] DEBUG com.wt.smtp.SMTPClient - 334 [B@7681720a
54 [main] DEBUG com.wt.smtp.SMTPClient - Send 'dGVzdDA=' to the server successfully
63 [main] DEBUG com.wt.smtp.SMTPClient - 235 OK, go ahead
64 [main] INFO com.wt.smtp.SMTPClient - login successfully
67 [main] DEBUG com.wt.smtp.SMTPClient - Send 'MAIL From:<test0@10.0.2.4>' to the server successfully
67 [main] DEBUG com.wt.smtp.SMTPClient - 250 Mail OK
67 [main] DEBUG com.wt.smtp.SMTPClient - Send 'RCPT To:<test1@10.0.2.6>' to the server successfully
88 [main] DEBUG com.wt.smtp.SMTPClient - 250 Rcpt OK
88 [main] INFO com.wt.smtp.SMTPClient - set envelop successfully
89 [main] DEBUG com.wt.smtp.SMTPClient - Send 'Data' to the server successfully
99 [main] DEBUG com.wt.smtp.SMTPClient - 354 End data with <CR><LF>.<CR><LF>
99 [main] DEBUG com.wt.smtp.SMTPClient - Send 'hello world' to the server successfully
99 [main] DEBUG com.wt.smtp.SMTPClient - Send '.' to the server successfully
671 [main] DEBUG com.wt.smtp.SMTPClient - 250 ok
671 [main] INFO com.wt.smtp.SMTPClient - send the message successfully
672 [main] DEBUG com.wt.smtp.SMTPClient - Send 'QUIT' to the server successfully
672 [main] DEBUG com.wt.smtp.SMTPClient - 221 Bye
672 [main] DEBUG com.wt.smtp.SMTPClient - 221
673 [main] INFO com.wt.smtp.SMTPClient - quit successfully
673 [main] INFO com.wt.smtp.SMTPClient - Send the message from test0@10.0.2.4 to test1@10.0.2.6 successfully
4 [main] INFO com.wt.smtp.SMTPClient - Create a smtp client
8 [main] DEBUG com.wt.smtp.SMTPClient - server: 10.0.2.4	port: 465
8 [main] INFO com.wt.smtp.SMTPClient - Connecting 10.0.2.4 ...
18 [main] DEBUG com.wt.smtp.SMTPClient - 220 localhost
18 [main] INFO com.wt.smtp.SMTPClient - Connected 10.0.2.4 successfully
18 [main] DEBUG com.wt.smtp.SMTPClient - Send 'HELO 10.0.2.4' to the server successfully
18 [main] DEBUG com.wt.smtp.SMTPClient - 250 ok
18 [main] INFO com.wt.smtp.SMTPClient - say helo to the server successfully
19 [main] DEBUG com.wt.smtp.SMTPClient - Send 'AUTH LOGIN' to the server successfully
19 [main] DEBUG com.wt.smtp.SMTPClient - 334 dXNlcm5hbWU=
42 [main] DEBUG com.wt.smtp.SMTPClient - Send 'dGVzdDA=' to the server successfully
42 [main] DEBUG com.wt.smtp.SMTPClient - 334 [B@76e134e6
52 [main] DEBUG com.wt.smtp.SMTPClient - Send 'dGVzdDA=' to the server successfully
60 [main] DEBUG com.wt.smtp.SMTPClient - 235 OK, go ahead
60 [main] INFO com.wt.smtp.SMTPClient - login successfully
60 [main] DEBUG com.wt.smtp.SMTPClient - Send 'MAIL From:<test0@10.0.2.4>' to the server successfully
60 [main] DEBUG com.wt.smtp.SMTPClient - 250 Mail OK
62 [main] DEBUG com.wt.smtp.SMTPClient - Send 'RCPT To:<test1@10.0.2.6>' to the server successfully
62 [main] DEBUG com.wt.smtp.SMTPClient - 250 Rcpt OK
62 [main] INFO com.wt.smtp.SMTPClient - set envelop successfully
62 [main] DEBUG com.wt.smtp.SMTPClient - Send 'Data' to the server successfully
62 [main] DEBUG com.wt.smtp.SMTPClient - 354 End data with <CR><LF>.<CR><LF>
62 [main] DEBUG com.wt.smtp.SMTPClient - Send 'hello world' to the server successfully
62 [main] DEBUG com.wt.smtp.SMTPClient - Send '.' to the server successfully
212 [main] DEBUG com.wt.smtp.SMTPClient - 250 ok
212 [main] INFO com.wt.smtp.SMTPClient - send the message successfully
212 [main] DEBUG com.wt.smtp.SMTPClient - Send 'QUIT' to the server successfully
213 [main] DEBUG com.wt.smtp.SMTPClient - 221 Bye
213 [main] DEBUG com.wt.smtp.SMTPClient - 221
213 [main] INFO com.wt.smtp.SMTPClient - quit successfully
213 [main] INFO com.wt.smtp.SMTPClient - Send the message from test0@10.0.2.4 to test1@10.0.2.6 successfully
4 [main] INFO com.wt.smtp.SMTPClient - Create a smtp client
10 [main] DEBUG com.wt.smtp.SMTPClient - server: 10.0.2.4	port: 465
10 [main] INFO com.wt.smtp.SMTPClient - Connecting 10.0.2.4 ...
24 [main] DEBUG com.wt.smtp.SMTPClient - 220 localhost
24 [main] INFO com.wt.smtp.SMTPClient - Connected 10.0.2.4 successfully
24 [main] DEBUG com.wt.smtp.SMTPClient - Send 'HELO 10.0.2.4' to the server successfully
32 [main] DEBUG com.wt.smtp.SMTPClient - 250 ok
32 [main] INFO com.wt.smtp.SMTPClient - say helo to the server successfully
32 [main] DEBUG com.wt.smtp.SMTPClient - Send 'AUTH LOGIN' to the server successfully
39 [main] DEBUG com.wt.smtp.SMTPClient - 334 dXNlcm5hbWU=
69 [main] DEBUG com.wt.smtp.SMTPClient - Send 'dGVzdDA=' to the server successfully
69 [main] DEBUG com.wt.smtp.SMTPClient - 334 [B@5ec1c697
74 [main] DEBUG com.wt.smtp.SMTPClient - Send 'dGVzdDA=' to the server successfully
611 [main] DEBUG com.wt.smtp.SMTPClient - 235 OK, go ahead
611 [main] INFO com.wt.smtp.SMTPClient - login successfully
611 [main] DEBUG com.wt.smtp.SMTPClient - Send 'MAIL From:<test0@10.0.2.4>' to the server successfully
612 [main] DEBUG com.wt.smtp.SMTPClient - 250 Mail OK
613 [main] DEBUG com.wt.smtp.SMTPClient - Send 'RCPT To:<test0@10.0.2.4>' to the server successfully
621 [main] DEBUG com.wt.smtp.SMTPClient - 250 Rcpt OK
621 [main] INFO com.wt.smtp.SMTPClient - set envelop successfully
621 [main] DEBUG com.wt.smtp.SMTPClient - Send 'Data' to the server successfully
621 [main] DEBUG com.wt.smtp.SMTPClient - 354 End data with <CR><LF>.<CR><LF>
621 [main] DEBUG com.wt.smtp.SMTPClient - Send 'hello world' to the server successfully
621 [main] DEBUG com.wt.smtp.SMTPClient - Send '.' to the server successfully
685 [main] DEBUG com.wt.smtp.SMTPClient - 250 ok
685 [main] INFO com.wt.smtp.SMTPClient - send the message successfully
685 [main] DEBUG com.wt.smtp.SMTPClient - Send 'QUIT' to the server successfully
686 [main] DEBUG com.wt.smtp.SMTPClient - 221 Bye
686 [main] DEBUG com.wt.smtp.SMTPClient - 221
686 [main] INFO com.wt.smtp.SMTPClient - quit successfully
686 [main] INFO com.wt.smtp.SMTPClient - Send the message from test0@10.0.2.4 to test0@10.0.2.4 successfully
